{"/Users/guesttt/Documents/backend/src/app.js": {"path":"/Users/guesttt/Documents/backend/src/app.js","statementMap":{"0":{"start":{"line":16,"column":0},"end":{"line":16,"column":16}},"1":{"start":{"line":19,"column":24},"end":{"line":26,"column":1}},"2":{"start":{"line":28,"column":23},"end":{"line":28,"column":77}},"3":{"start":{"line":28,"column":56},"end":{"line":28,"column":76}},"4":{"start":{"line":30,"column":0},"end":{"line":35,"column":1}},"5":{"start":{"line":31,"column":2},"end":{"line":31,"column":75}},"6":{"start":{"line":32,"column":2},"end":{"line":34,"column":3}},"7":{"start":{"line":33,"column":4},"end":{"line":33,"column":20}},"8":{"start":{"line":37,"column":12},"end":{"line":37,"column":21}},"9":{"start":{"line":40,"column":0},"end":{"line":40,"column":62}},"10":{"start":{"line":40,"column":34},"end":{"line":40,"column":60}},"11":{"start":{"line":43,"column":0},"end":{"line":43,"column":16}},"12":{"start":{"line":44,"column":0},"end":{"line":44,"column":42}},"13":{"start":{"line":45,"column":0},"end":{"line":45,"column":64}},"14":{"start":{"line":49,"column":0},"end":{"line":91,"column":3}},"15":{"start":{"line":50,"column":2},"end":{"line":90,"column":5}},"16":{"start":{"line":94,"column":0},"end":{"line":94,"column":33}},"17":{"start":{"line":95,"column":0},"end":{"line":95,"column":29}},"18":{"start":{"line":96,"column":0},"end":{"line":96,"column":29}},"19":{"start":{"line":97,"column":0},"end":{"line":97,"column":29}},"20":{"start":{"line":98,"column":0},"end":{"line":98,"column":25}},"21":{"start":{"line":99,"column":0},"end":{"line":99,"column":33}},"22":{"start":{"line":100,"column":0},"end":{"line":100,"column":32}},"23":{"start":{"line":101,"column":0},"end":{"line":101,"column":47}},"24":{"start":{"line":102,"column":0},"end":{"line":102,"column":38}},"25":{"start":{"line":106,"column":0},"end":{"line":117,"column":3}},"26":{"start":{"line":107,"column":2},"end":{"line":111,"column":5}},"27":{"start":{"line":112,"column":2},"end":{"line":116,"column":5}}},"fnMap":{"0":{"name":"(anonymous_0)","decl":{"start":{"line":28,"column":46},"end":{"line":28,"column":47}},"loc":{"start":{"line":28,"column":56},"end":{"line":28,"column":76}},"line":28},"1":{"name":"(anonymous_1)","decl":{"start":{"line":40,"column":19},"end":{"line":40,"column":20}},"loc":{"start":{"line":40,"column":34},"end":{"line":40,"column":60}},"line":40},"2":{"name":"(anonymous_2)","decl":{"start":{"line":49,"column":13},"end":{"line":49,"column":14}},"loc":{"start":{"line":49,"column":27},"end":{"line":91,"column":1}},"line":49},"3":{"name":"(anonymous_3)","decl":{"start":{"line":106,"column":8},"end":{"line":106,"column":9}},"loc":{"start":{"line":106,"column":33},"end":{"line":117,"column":1}},"line":106}},"branchMap":{"0":{"loc":{"start":{"line":30,"column":0},"end":{"line":35,"column":1}},"type":"if","locations":[{"start":{"line":30,"column":0},"end":{"line":35,"column":1}},{"start":{},"end":{}}],"line":30},"1":{"loc":{"start":{"line":32,"column":2},"end":{"line":34,"column":3}},"type":"if","locations":[{"start":{"line":32,"column":2},"end":{"line":34,"column":3}},{"start":{},"end":{}}],"line":32}},"s":{"0":6,"1":6,"2":6,"3":36,"4":6,"5":0,"6":0,"7":0,"8":6,"9":6,"10":1,"11":6,"12":6,"13":6,"14":6,"15":0,"16":6,"17":6,"18":6,"19":6,"20":6,"21":6,"22":6,"23":6,"24":6,"25":6,"26":0,"27":0},"f":{"0":36,"1":1,"2":0,"3":0},"b":{"0":[0,6],"1":[0,0]},"inputSourceMap":null,"_coverageSchema":"1a1c01bbd47fc00a2c39e90264f33305004495a9","hash":"65d70077a9072a5050ea8851b7eb9c5c19e0afd7"}
,"/Users/guesttt/Documents/backend/src/middleware/auth.js": {"path":"/Users/guesttt/Documents/backend/src/middleware/auth.js","statementMap":{"0":{"start":{"line":6,"column":0},"end":{"line":6,"column":16}},"1":{"start":{"line":13,"column":19},"end":{"line":13,"column":56}},"2":{"start":{"line":14,"column":21},"end":{"line":14,"column":78}},"3":{"start":{"line":15,"column":18},"end":{"line":15,"column":78}},"4":{"start":{"line":19,"column":24},"end":{"line":19,"column":29}},"5":{"start":{"line":21,"column":15},"end":{"line":21,"column":80}},"6":{"start":{"line":22,"column":17},"end":{"line":22,"column":50}},"7":{"start":{"line":24,"column":0},"end":{"line":31,"column":3}},"8":{"start":{"line":34,"column":15},"end":{"line":40,"column":2}},"9":{"start":{"line":42,"column":17},"end":{"line":42,"column":26}},"10":{"start":{"line":44,"column":22},"end":{"line":57,"column":1}},"11":{"start":{"line":45,"column":2},"end":{"line":45,"column":59}},"12":{"start":{"line":45,"column":12},"end":{"line":45,"column":59}},"13":{"start":{"line":47,"column":2},"end":{"line":50,"column":3}},"14":{"start":{"line":49,"column":4},"end":{"line":49,"column":29}},"15":{"start":{"line":51,"column":14},"end":{"line":53,"column":4}},"16":{"start":{"line":52,"column":4},"end":{"line":52,"column":76}},"17":{"start":{"line":52,"column":43},"end":{"line":52,"column":73}},"18":{"start":{"line":54,"column":21},"end":{"line":54,"column":39}},"19":{"start":{"line":55,"column":2},"end":{"line":55,"column":32}},"20":{"start":{"line":56,"column":2},"end":{"line":56,"column":20}},"21":{"start":{"line":59,"column":24},"end":{"line":68,"column":1}},"22":{"start":{"line":61,"column":18},"end":{"line":66,"column":3}},"23":{"start":{"line":67,"column":2},"end":{"line":67,"column":48}},"24":{"start":{"line":71,"column":28},"end":{"line":104,"column":1}},"25":{"start":{"line":73,"column":19},"end":{"line":73,"column":36}},"26":{"start":{"line":74,"column":2},"end":{"line":76,"column":3}},"27":{"start":{"line":75,"column":4},"end":{"line":75,"column":47}},"28":{"start":{"line":78,"column":2},"end":{"line":80,"column":3}},"29":{"start":{"line":79,"column":4},"end":{"line":79,"column":54}},"30":{"start":{"line":83,"column":2},"end":{"line":87,"column":3}},"31":{"start":{"line":84,"column":4},"end":{"line":86,"column":5}},"32":{"start":{"line":85,"column":6},"end":{"line":85,"column":60}},"33":{"start":{"line":90,"column":2},"end":{"line":94,"column":3}},"34":{"start":{"line":91,"column":4},"end":{"line":93,"column":5}},"35":{"start":{"line":92,"column":6},"end":{"line":92,"column":55}},"36":{"start":{"line":106,"column":33},"end":{"line":158,"column":1}},"37":{"start":{"line":107,"column":2},"end":{"line":156,"column":3}},"38":{"start":{"line":109,"column":23},"end":{"line":109,"column":77}},"39":{"start":{"line":110,"column":4},"end":{"line":112,"column":5}},"40":{"start":{"line":111,"column":6},"end":{"line":111,"column":94}},"41":{"start":{"line":114,"column":18},"end":{"line":114,"column":59}},"42":{"start":{"line":115,"column":4},"end":{"line":117,"column":5}},"43":{"start":{"line":116,"column":6},"end":{"line":116,"column":91}},"44":{"start":{"line":119,"column":26},"end":{"line":119,"column":63}},"45":{"start":{"line":120,"column":4},"end":{"line":122,"column":5}},"46":{"start":{"line":121,"column":6},"end":{"line":121,"column":103}},"47":{"start":{"line":124,"column":23},"end":{"line":124,"column":68}},"48":{"start":{"line":125,"column":20},"end":{"line":125,"column":54}},"49":{"start":{"line":128,"column":4},"end":{"line":128,"column":33}},"50":{"start":{"line":131,"column":4},"end":{"line":141,"column":6}},"51":{"start":{"line":143,"column":4},"end":{"line":143,"column":18}},"52":{"start":{"line":146,"column":17},"end":{"line":146,"column":34}},"53":{"start":{"line":147,"column":20},"end":{"line":147,"column":65}},"54":{"start":{"line":149,"column":4},"end":{"line":151,"column":5}},"55":{"start":{"line":150,"column":6},"end":{"line":150,"column":100}},"56":{"start":{"line":152,"column":4},"end":{"line":154,"column":5}},"57":{"start":{"line":153,"column":6},"end":{"line":153,"column":79}},"58":{"start":{"line":155,"column":4},"end":{"line":155,"column":77}},"59":{"start":{"line":160,"column":25},"end":{"line":172,"column":1}},"60":{"start":{"line":161,"column":20},"end":{"line":161,"column":38}},"61":{"start":{"line":163,"column":2},"end":{"line":166,"column":3}},"62":{"start":{"line":164,"column":4},"end":{"line":164,"column":28}},"63":{"start":{"line":165,"column":4},"end":{"line":165,"column":18}},"64":{"start":{"line":168,"column":2},"end":{"line":171,"column":5}}},"fnMap":{"0":{"name":"(anonymous_0)","decl":{"start":{"line":44,"column":22},"end":{"line":44,"column":23}},"loc":{"start":{"line":44,"column":37},"end":{"line":57,"column":1}},"line":44},"1":{"name":"(anonymous_1)","decl":{"start":{"line":51,"column":32},"end":{"line":51,"column":33}},"loc":{"start":{"line":51,"column":53},"end":{"line":53,"column":3}},"line":51},"2":{"name":"(anonymous_2)","decl":{"start":{"line":52,"column":30},"end":{"line":52,"column":31}},"loc":{"start":{"line":52,"column":43},"end":{"line":52,"column":73}},"line":52},"3":{"name":"(anonymous_3)","decl":{"start":{"line":59,"column":24},"end":{"line":59,"column":25}},"loc":{"start":{"line":59,"column":47},"end":{"line":68,"column":1}},"line":59},"4":{"name":"(anonymous_4)","decl":{"start":{"line":71,"column":28},"end":{"line":71,"column":29}},"loc":{"start":{"line":71,"column":41},"end":{"line":104,"column":1}},"line":71},"5":{"name":"(anonymous_5)","decl":{"start":{"line":106,"column":33},"end":{"line":106,"column":34}},"loc":{"start":{"line":106,"column":59},"end":{"line":158,"column":1}},"line":106},"6":{"name":"(anonymous_6)","decl":{"start":{"line":160,"column":25},"end":{"line":160,"column":26}},"loc":{"start":{"line":160,"column":45},"end":{"line":172,"column":1}},"line":160}},"branchMap":{"0":{"loc":{"start":{"line":13,"column":19},"end":{"line":13,"column":56}},"type":"binary-expr","locations":[{"start":{"line":13,"column":19},"end":{"line":13,"column":41}},{"start":{"line":13,"column":45},"end":{"line":13,"column":56}}],"line":13},"1":{"loc":{"start":{"line":14,"column":21},"end":{"line":14,"column":78}},"type":"binary-expr","locations":[{"start":{"line":14,"column":21},"end":{"line":14,"column":53}},{"start":{"line":14,"column":57},"end":{"line":14,"column":78}}],"line":14},"2":{"loc":{"start":{"line":15,"column":18},"end":{"line":15,"column":78}},"type":"binary-expr","locations":[{"start":{"line":15,"column":18},"end":{"line":15,"column":47}},{"start":{"line":15,"column":51},"end":{"line":15,"column":78}}],"line":15},"3":{"loc":{"start":{"line":45,"column":2},"end":{"line":45,"column":59}},"type":"if","locations":[{"start":{"line":45,"column":2},"end":{"line":45,"column":59}},{"start":{},"end":{}}],"line":45},"4":{"loc":{"start":{"line":47,"column":2},"end":{"line":50,"column":3}},"type":"if","locations":[{"start":{"line":47,"column":2},"end":{"line":50,"column":3}},{"start":{},"end":{}}],"line":47},"5":{"loc":{"start":{"line":52,"column":43},"end":{"line":52,"column":73}},"type":"cond-expr","locations":[{"start":{"line":52,"column":49},"end":{"line":52,"column":60}},{"start":{"line":52,"column":63},"end":{"line":52,"column":73}}],"line":52},"6":{"loc":{"start":{"line":74,"column":2},"end":{"line":76,"column":3}},"type":"if","locations":[{"start":{"line":74,"column":2},"end":{"line":76,"column":3}},{"start":{},"end":{}}],"line":74},"7":{"loc":{"start":{"line":74,"column":6},"end":{"line":74,"column":48}},"type":"binary-expr","locations":[{"start":{"line":74,"column":6},"end":{"line":74,"column":27}},{"start":{"line":74,"column":31},"end":{"line":74,"column":48}}],"line":74},"8":{"loc":{"start":{"line":78,"column":2},"end":{"line":80,"column":3}},"type":"if","locations":[{"start":{"line":78,"column":2},"end":{"line":80,"column":3}},{"start":{},"end":{}}],"line":78},"9":{"loc":{"start":{"line":78,"column":6},"end":{"line":78,"column":47}},"type":"binary-expr","locations":[{"start":{"line":78,"column":6},"end":{"line":78,"column":22}},{"start":{"line":78,"column":26},"end":{"line":78,"column":47}}],"line":78},"10":{"loc":{"start":{"line":83,"column":2},"end":{"line":87,"column":3}},"type":"if","locations":[{"start":{"line":83,"column":2},"end":{"line":87,"column":3}},{"start":{},"end":{}}],"line":83},"11":{"loc":{"start":{"line":84,"column":4},"end":{"line":86,"column":5}},"type":"if","locations":[{"start":{"line":84,"column":4},"end":{"line":86,"column":5}},{"start":{},"end":{}}],"line":84},"12":{"loc":{"start":{"line":90,"column":2},"end":{"line":94,"column":3}},"type":"if","locations":[{"start":{"line":90,"column":2},"end":{"line":94,"column":3}},{"start":{},"end":{}}],"line":90},"13":{"loc":{"start":{"line":91,"column":4},"end":{"line":93,"column":5}},"type":"if","locations":[{"start":{"line":91,"column":4},"end":{"line":93,"column":5}},{"start":{},"end":{}}],"line":91},"14":{"loc":{"start":{"line":109,"column":23},"end":{"line":109,"column":77}},"type":"binary-expr","locations":[{"start":{"line":109,"column":23},"end":{"line":109,"column":48}},{"start":{"line":109,"column":52},"end":{"line":109,"column":77}}],"line":109},"15":{"loc":{"start":{"line":110,"column":4},"end":{"line":112,"column":5}},"type":"if","locations":[{"start":{"line":110,"column":4},"end":{"line":112,"column":5}},{"start":{},"end":{}}],"line":110},"16":{"loc":{"start":{"line":115,"column":4},"end":{"line":117,"column":5}},"type":"if","locations":[{"start":{"line":115,"column":4},"end":{"line":117,"column":5}},{"start":{},"end":{}}],"line":115},"17":{"loc":{"start":{"line":120,"column":4},"end":{"line":122,"column":5}},"type":"if","locations":[{"start":{"line":120,"column":4},"end":{"line":122,"column":5}},{"start":{},"end":{}}],"line":120},"18":{"loc":{"start":{"line":133,"column":16},"end":{"line":133,"column":63}},"type":"binary-expr","locations":[{"start":{"line":133,"column":16},"end":{"line":133,"column":43}},{"start":{"line":133,"column":47},"end":{"line":133,"column":63}}],"line":133},"19":{"loc":{"start":{"line":138,"column":14},"end":{"line":138,"column":45}},"type":"binary-expr","locations":[{"start":{"line":138,"column":14},"end":{"line":138,"column":39}},{"start":{"line":138,"column":43},"end":{"line":138,"column":45}}],"line":138},"20":{"loc":{"start":{"line":146,"column":17},"end":{"line":146,"column":34}},"type":"binary-expr","locations":[{"start":{"line":146,"column":17},"end":{"line":146,"column":28}},{"start":{"line":146,"column":32},"end":{"line":146,"column":34}}],"line":146},"21":{"loc":{"start":{"line":147,"column":20},"end":{"line":147,"column":65}},"type":"binary-expr","locations":[{"start":{"line":147,"column":20},"end":{"line":147,"column":34}},{"start":{"line":147,"column":38},"end":{"line":147,"column":65}}],"line":147},"22":{"loc":{"start":{"line":149,"column":4},"end":{"line":151,"column":5}},"type":"if","locations":[{"start":{"line":149,"column":4},"end":{"line":151,"column":5}},{"start":{},"end":{}}],"line":149},"23":{"loc":{"start":{"line":152,"column":4},"end":{"line":154,"column":5}},"type":"if","locations":[{"start":{"line":152,"column":4},"end":{"line":154,"column":5}},{"start":{},"end":{}}],"line":152},"24":{"loc":{"start":{"line":152,"column":8},"end":{"line":152,"column":65}},"type":"binary-expr","locations":[{"start":{"line":152,"column":8},"end":{"line":152,"column":36}},{"start":{"line":152,"column":40},"end":{"line":152,"column":65}}],"line":152},"25":{"loc":{"start":{"line":163,"column":2},"end":{"line":166,"column":3}},"type":"if","locations":[{"start":{"line":163,"column":2},"end":{"line":166,"column":3}},{"start":{},"end":{}}],"line":163},"26":{"loc":{"start":{"line":163,"column":6},"end":{"line":163,"column":117}},"type":"binary-expr","locations":[{"start":{"line":163,"column":6},"end":{"line":163,"column":15}},{"start":{"line":163,"column":20},"end":{"line":163,"column":60}},{"start":{"line":163,"column":64},"end":{"line":163,"column":116}}],"line":163}},"s":{"0":3,"1":3,"2":3,"3":3,"4":3,"5":3,"6":3,"7":3,"8":3,"9":3,"10":3,"11":0,"12":0,"13":0,"14":0,"15":0,"16":0,"17":0,"18":0,"19":0,"20":0,"21":3,"22":0,"23":0,"24":3,"25":0,"26":0,"27":0,"28":0,"29":0,"30":0,"31":0,"32":0,"33":0,"34":0,"35":0,"36":3,"37":0,"38":0,"39":0,"40":0,"41":0,"42":0,"43":0,"44":0,"45":0,"46":0,"47":0,"48":0,"49":0,"50":0,"51":0,"52":0,"53":0,"54":0,"55":0,"56":0,"57":0,"58":0,"59":3,"60":0,"61":0,"62":0,"63":0,"64":0},"f":{"0":0,"1":0,"2":0,"3":0,"4":0,"5":0,"6":0},"b":{"0":[3,3],"1":[3,3],"2":[3,3],"3":[0,0],"4":[0,0],"5":[0,0],"6":[0,0],"7":[0,0],"8":[0,0],"9":[0,0],"10":[0,0],"11":[0,0],"12":[0,0],"13":[0,0],"14":[0,0],"15":[0,0],"16":[0,0],"17":[0,0],"18":[0,0],"19":[0,0],"20":[0,0],"21":[0,0],"22":[0,0],"23":[0,0],"24":[0,0],"25":[0,0],"26":[0,0,0]},"inputSourceMap":null,"_coverageSchema":"1a1c01bbd47fc00a2c39e90264f33305004495a9","hash":"69cda893b606ecf65800b0c0babd3be76392e8a8"}
,"/Users/guesttt/Documents/backend/src/middleware/s3.js": {"path":"/Users/guesttt/Documents/backend/src/middleware/s3.js","statementMap":{"0":{"start":{"line":9,"column":11},"end":{"line":15,"column":2}},"1":{"start":{"line":16,"column":0},"end":{"line":16,"column":93}},"2":{"start":{"line":19,"column":16},"end":{"line":19,"column":38}},"3":{"start":{"line":21,"column":25},"end":{"line":41,"column":1}},"4":{"start":{"line":43,"column":24},"end":{"line":54,"column":21}},"5":{"start":{"line":49,"column":4},"end":{"line":51,"column":5}},"6":{"start":{"line":50,"column":6},"end":{"line":50,"column":70}},"7":{"start":{"line":52,"column":4},"end":{"line":52,"column":19}},"8":{"start":{"line":56,"column":25},"end":{"line":67,"column":18}},"9":{"start":{"line":62,"column":4},"end":{"line":64,"column":5}},"10":{"start":{"line":63,"column":6},"end":{"line":63,"column":70}},"11":{"start":{"line":65,"column":4},"end":{"line":65,"column":19}},"12":{"start":{"line":70,"column":22},"end":{"line":101,"column":1}},"13":{"start":{"line":71,"column":2},"end":{"line":100,"column":3}},"14":{"start":{"line":72,"column":16},"end":{"line":72,"column":32}},"15":{"start":{"line":73,"column":19},"end":{"line":73,"column":45}},"16":{"start":{"line":74,"column":16},"end":{"line":74,"column":57}},"17":{"start":{"line":76,"column":20},"end":{"line":79,"column":6}},"18":{"start":{"line":81,"column":23},"end":{"line":81,"column":45}},"19":{"start":{"line":82,"column":19},"end":{"line":82,"column":34}},"20":{"start":{"line":84,"column":19},"end":{"line":84,"column":21}},"21":{"start":{"line":85,"column":4},"end":{"line":87,"column":5}},"22":{"start":{"line":86,"column":6},"end":{"line":86,"column":25}},"23":{"start":{"line":89,"column":23},"end":{"line":89,"column":44}},"24":{"start":{"line":91,"column":4},"end":{"line":96,"column":6}},"25":{"start":{"line":98,"column":4},"end":{"line":98,"column":57}},"26":{"start":{"line":99,"column":4},"end":{"line":99,"column":16}},"27":{"start":{"line":103,"column":19},"end":{"line":148,"column":1}},"28":{"start":{"line":104,"column":2},"end":{"line":147,"column":3}},"29":{"start":{"line":105,"column":4},"end":{"line":108,"column":5}},"30":{"start":{"line":106,"column":6},"end":{"line":106,"column":47}},"31":{"start":{"line":107,"column":6},"end":{"line":107,"column":20}},"32":{"start":{"line":110,"column":26},"end":{"line":110,"column":28}},"33":{"start":{"line":112,"column":4},"end":{"line":134,"column":5}},"34":{"start":{"line":113,"column":24},"end":{"line":113,"column":77}},"35":{"start":{"line":115,"column":22},"end":{"line":120,"column":8}},"36":{"start":{"line":122,"column":6},"end":{"line":122,"column":64}},"37":{"start":{"line":123,"column":6},"end":{"line":123,"column":29}},"38":{"start":{"line":125,"column":22},"end":{"line":125,"column":135}},"39":{"start":{"line":127,"column":6},"end":{"line":133,"column":9}},"40":{"start":{"line":136,"column":4},"end":{"line":136,"column":38}},"41":{"start":{"line":138,"column":4},"end":{"line":138,"column":67}},"42":{"start":{"line":139,"column":4},"end":{"line":139,"column":11}},"43":{"start":{"line":141,"column":4},"end":{"line":141,"column":45}},"44":{"start":{"line":142,"column":4},"end":{"line":146,"column":7}},"45":{"start":{"line":150,"column":33},"end":{"line":183,"column":1}},"46":{"start":{"line":151,"column":2},"end":{"line":182,"column":3}},"47":{"start":{"line":152,"column":4},"end":{"line":155,"column":5}},"48":{"start":{"line":153,"column":6},"end":{"line":153,"column":67}},"49":{"start":{"line":154,"column":6},"end":{"line":154,"column":20}},"50":{"start":{"line":157,"column":17},"end":{"line":157,"column":25}},"51":{"start":{"line":158,"column":21},"end":{"line":158,"column":68}},"52":{"start":{"line":160,"column":20},"end":{"line":165,"column":6}},"53":{"start":{"line":167,"column":4},"end":{"line":167,"column":74}},"54":{"start":{"line":168,"column":4},"end":{"line":168,"column":27}},"55":{"start":{"line":170,"column":20},"end":{"line":170,"column":133}},"56":{"start":{"line":172,"column":4},"end":{"line":175,"column":6}},"57":{"start":{"line":177,"column":4},"end":{"line":177,"column":77}},"58":{"start":{"line":178,"column":4},"end":{"line":178,"column":11}},"59":{"start":{"line":180,"column":4},"end":{"line":180,"column":62}},"60":{"start":{"line":181,"column":4},"end":{"line":181,"column":104}},"61":{"start":{"line":185,"column":25},"end":{"line":218,"column":1}},"62":{"start":{"line":186,"column":2},"end":{"line":217,"column":3}},"63":{"start":{"line":188,"column":20},"end":{"line":188,"column":64}},"64":{"start":{"line":190,"column":4},"end":{"line":192,"column":5}},"65":{"start":{"line":191,"column":6},"end":{"line":191,"column":54}},"66":{"start":{"line":194,"column":21},"end":{"line":194,"column":31}},"67":{"start":{"line":195,"column":23},"end":{"line":195,"column":33}},"68":{"start":{"line":196,"column":19},"end":{"line":196,"column":52}},"69":{"start":{"line":198,"column":21},"end":{"line":198,"column":52}},"70":{"start":{"line":199,"column":21},"end":{"line":199,"column":56}},"71":{"start":{"line":201,"column":20},"end":{"line":206,"column":6}},"72":{"start":{"line":208,"column":4},"end":{"line":208,"column":61}},"73":{"start":{"line":209,"column":4},"end":{"line":209,"column":27}},"74":{"start":{"line":211,"column":20},"end":{"line":211,"column":133}},"75":{"start":{"line":213,"column":4},"end":{"line":213,"column":44}},"76":{"start":{"line":215,"column":4},"end":{"line":215,"column":52}},"77":{"start":{"line":216,"column":4},"end":{"line":216,"column":77}},"78":{"start":{"line":220,"column":24},"end":{"line":232,"column":1}},"79":{"start":{"line":222,"column":14},"end":{"line":222,"column":27}},"80":{"start":{"line":224,"column":18},"end":{"line":228,"column":4}},"81":{"start":{"line":230,"column":14},"end":{"line":230,"column":68}},"82":{"start":{"line":231,"column":2},"end":{"line":231,"column":36}},"83":{"start":{"line":234,"column":33},"end":{"line":241,"column":1}},"84":{"start":{"line":235,"column":18},"end":{"line":235,"column":20}},"85":{"start":{"line":236,"column":2},"end":{"line":239,"column":3}},"86":{"start":{"line":237,"column":20},"end":{"line":237,"column":63}},"87":{"start":{"line":238,"column":4},"end":{"line":238,"column":26}},"88":{"start":{"line":240,"column":2},"end":{"line":240,"column":17}}},"fnMap":{"0":{"name":"(anonymous_0)","decl":{"start":{"line":48,"column":14},"end":{"line":48,"column":15}},"loc":{"start":{"line":48,"column":33},"end":{"line":53,"column":3}},"line":48},"1":{"name":"(anonymous_1)","decl":{"start":{"line":61,"column":14},"end":{"line":61,"column":15}},"loc":{"start":{"line":61,"column":33},"end":{"line":66,"column":3}},"line":61},"2":{"name":"(anonymous_2)","decl":{"start":{"line":70,"column":22},"end":{"line":70,"column":23}},"loc":{"start":{"line":70,"column":41},"end":{"line":101,"column":1}},"line":70},"3":{"name":"(anonymous_3)","decl":{"start":{"line":103,"column":19},"end":{"line":103,"column":20}},"loc":{"start":{"line":103,"column":45},"end":{"line":148,"column":1}},"line":103},"4":{"name":"(anonymous_4)","decl":{"start":{"line":150,"column":33},"end":{"line":150,"column":34}},"loc":{"start":{"line":150,"column":59},"end":{"line":183,"column":1}},"line":150},"5":{"name":"(anonymous_5)","decl":{"start":{"line":185,"column":25},"end":{"line":185,"column":26}},"loc":{"start":{"line":185,"column":91},"end":{"line":218,"column":1}},"line":185},"6":{"name":"(anonymous_6)","decl":{"start":{"line":220,"column":24},"end":{"line":220,"column":25}},"loc":{"start":{"line":220,"column":55},"end":{"line":232,"column":1}},"line":220},"7":{"name":"(anonymous_7)","decl":{"start":{"line":234,"column":33},"end":{"line":234,"column":34}},"loc":{"start":{"line":234,"column":50},"end":{"line":241,"column":1}},"line":234}},"branchMap":{"0":{"loc":{"start":{"line":10,"column":10},"end":{"line":10,"column":47}},"type":"binary-expr","locations":[{"start":{"line":10,"column":10},"end":{"line":10,"column":32}},{"start":{"line":10,"column":36},"end":{"line":10,"column":47}}],"line":10},"1":{"loc":{"start":{"line":16,"column":54},"end":{"line":16,"column":91}},"type":"binary-expr","locations":[{"start":{"line":16,"column":54},"end":{"line":16,"column":76}},{"start":{"line":16,"column":80},"end":{"line":16,"column":91}}],"line":16},"2":{"loc":{"start":{"line":49,"column":4},"end":{"line":51,"column":5}},"type":"if","locations":[{"start":{"line":49,"column":4},"end":{"line":51,"column":5}},{"start":{},"end":{}}],"line":49},"3":{"loc":{"start":{"line":62,"column":4},"end":{"line":64,"column":5}},"type":"if","locations":[{"start":{"line":62,"column":4},"end":{"line":64,"column":5}},{"start":{},"end":{}}],"line":62},"4":{"loc":{"start":{"line":105,"column":4},"end":{"line":108,"column":5}},"type":"if","locations":[{"start":{"line":105,"column":4},"end":{"line":108,"column":5}},{"start":{},"end":{}}],"line":105},"5":{"loc":{"start":{"line":105,"column":8},"end":{"line":105,"column":44}},"type":"binary-expr","locations":[{"start":{"line":105,"column":8},"end":{"line":105,"column":18}},{"start":{"line":105,"column":22},"end":{"line":105,"column":44}}],"line":105},"6":{"loc":{"start":{"line":125,"column":70},"end":{"line":125,"column":107}},"type":"binary-expr","locations":[{"start":{"line":125,"column":70},"end":{"line":125,"column":92}},{"start":{"line":125,"column":96},"end":{"line":125,"column":107}}],"line":125},"7":{"loc":{"start":{"line":152,"column":4},"end":{"line":155,"column":5}},"type":"if","locations":[{"start":{"line":152,"column":4},"end":{"line":155,"column":5}},{"start":{},"end":{}}],"line":152},"8":{"loc":{"start":{"line":170,"column":68},"end":{"line":170,"column":105}},"type":"binary-expr","locations":[{"start":{"line":170,"column":68},"end":{"line":170,"column":90}},{"start":{"line":170,"column":94},"end":{"line":170,"column":105}}],"line":170},"9":{"loc":{"start":{"line":185,"column":63},"end":{"line":185,"column":86}},"type":"default-arg","locations":[{"start":{"line":185,"column":72},"end":{"line":185,"column":86}}],"line":185},"10":{"loc":{"start":{"line":190,"column":4},"end":{"line":192,"column":5}},"type":"if","locations":[{"start":{"line":190,"column":4},"end":{"line":192,"column":5}},{"start":{},"end":{}}],"line":190},"11":{"loc":{"start":{"line":190,"column":8},"end":{"line":190,"column":40}},"type":"binary-expr","locations":[{"start":{"line":190,"column":8},"end":{"line":190,"column":16}},{"start":{"line":190,"column":20},"end":{"line":190,"column":40}}],"line":190},"12":{"loc":{"start":{"line":198,"column":21},"end":{"line":198,"column":52}},"type":"binary-expr","locations":[{"start":{"line":198,"column":21},"end":{"line":198,"column":37}},{"start":{"line":198,"column":41},"end":{"line":198,"column":52}}],"line":198},"13":{"loc":{"start":{"line":211,"column":68},"end":{"line":211,"column":105}},"type":"binary-expr","locations":[{"start":{"line":211,"column":68},"end":{"line":211,"column":90}},{"start":{"line":211,"column":94},"end":{"line":211,"column":105}}],"line":211}},"s":{"0":6,"1":6,"2":6,"3":6,"4":6,"5":0,"6":0,"7":0,"8":6,"9":0,"10":0,"11":0,"12":6,"13":0,"14":0,"15":0,"16":0,"17":0,"18":0,"19":0,"20":0,"21":0,"22":0,"23":0,"24":0,"25":0,"26":0,"27":6,"28":0,"29":0,"30":0,"31":0,"32":0,"33":0,"34":0,"35":0,"36":0,"37":0,"38":0,"39":0,"40":0,"41":0,"42":0,"43":0,"44":0,"45":6,"46":0,"47":0,"48":0,"49":0,"50":0,"51":0,"52":0,"53":0,"54":0,"55":0,"56":0,"57":0,"58":0,"59":0,"60":0,"61":6,"62":0,"63":0,"64":0,"65":0,"66":0,"67":0,"68":0,"69":0,"70":0,"71":0,"72":0,"73":0,"74":0,"75":0,"76":0,"77":0,"78":6,"79":0,"80":0,"81":0,"82":0,"83":6,"84":0,"85":0,"86":0,"87":0,"88":0},"f":{"0":0,"1":0,"2":0,"3":0,"4":0,"5":0,"6":0,"7":0},"b":{"0":[6,6],"1":[6,6],"2":[0,0],"3":[0,0],"4":[0,0],"5":[0,0],"6":[0,0],"7":[0,0],"8":[0,0],"9":[0],"10":[0,0],"11":[0,0],"12":[0,0],"13":[0,0]},"inputSourceMap":null,"_coverageSchema":"1a1c01bbd47fc00a2c39e90264f33305004495a9","hash":"587524291bded0cb4e5aad20285d07d972593067"}
,"/Users/guesttt/Documents/backend/src/routes/admin.js": {"path":"/Users/guesttt/Documents/backend/src/routes/admin.js","statementMap":{"0":{"start":{"line":6,"column":15},"end":{"line":6,"column":23}},"1":{"start":{"line":11,"column":0},"end":{"line":29,"column":2}},"2":{"start":{"line":12,"column":2},"end":{"line":28,"column":3}},"3":{"start":{"line":13,"column":17},"end":{"line":13,"column":46}},"4":{"start":{"line":14,"column":18},"end":{"line":14,"column":48}},"5":{"start":{"line":15,"column":19},"end":{"line":15,"column":37}},"6":{"start":{"line":17,"column":24},"end":{"line":20,"column":5}},"7":{"start":{"line":22,"column":18},"end":{"line":22,"column":88}},"8":{"start":{"line":22,"column":79},"end":{"line":22,"column":87}},"9":{"start":{"line":24,"column":4},"end":{"line":24,"column":36}},"10":{"start":{"line":26,"column":4},"end":{"line":26,"column":22}},"11":{"start":{"line":27,"column":4},"end":{"line":27,"column":48}},"12":{"start":{"line":34,"column":0},"end":{"line":46,"column":3}},"13":{"start":{"line":35,"column":2},"end":{"line":45,"column":3}},"14":{"start":{"line":36,"column":19},"end":{"line":36,"column":29}},"15":{"start":{"line":37,"column":22},"end":{"line":37,"column":90}},"16":{"start":{"line":39,"column":4},"end":{"line":39,"column":83}},"17":{"start":{"line":39,"column":20},"end":{"line":39,"column":83}},"18":{"start":{"line":41,"column":4},"end":{"line":41,"column":28}},"19":{"start":{"line":43,"column":4},"end":{"line":43,"column":23}},"20":{"start":{"line":44,"column":4},"end":{"line":44,"column":49}},"21":{"start":{"line":52,"column":0},"end":{"line":75,"column":3}},"22":{"start":{"line":53,"column":2},"end":{"line":74,"column":3}},"23":{"start":{"line":54,"column":49},"end":{"line":54,"column":57}},"24":{"start":{"line":56,"column":4},"end":{"line":58,"column":5}},"25":{"start":{"line":57,"column":6},"end":{"line":57,"column":72}},"26":{"start":{"line":60,"column":26},"end":{"line":66,"column":5}},"27":{"start":{"line":68,"column":24},"end":{"line":68,"column":76}},"28":{"start":{"line":70,"column":4},"end":{"line":70,"column":90}},"29":{"start":{"line":72,"column":4},"end":{"line":72,"column":23}},"30":{"start":{"line":73,"column":4},"end":{"line":73,"column":49}},"31":{"start":{"line":78,"column":0},"end":{"line":103,"column":3}},"32":{"start":{"line":79,"column":2},"end":{"line":102,"column":3}},"33":{"start":{"line":80,"column":32},"end":{"line":80,"column":40}},"34":{"start":{"line":82,"column":4},"end":{"line":84,"column":5}},"35":{"start":{"line":83,"column":6},"end":{"line":83,"column":81}},"36":{"start":{"line":86,"column":20},"end":{"line":86,"column":58}},"37":{"start":{"line":88,"column":4},"end":{"line":90,"column":5}},"38":{"start":{"line":89,"column":6},"end":{"line":89,"column":96}},"39":{"start":{"line":91,"column":17},"end":{"line":91,"column":72}},"40":{"start":{"line":94,"column":4},"end":{"line":97,"column":7}},"41":{"start":{"line":100,"column":4},"end":{"line":100,"column":47}},"42":{"start":{"line":101,"column":4},"end":{"line":101,"column":49}},"43":{"start":{"line":108,"column":0},"end":{"line":130,"column":3}},"44":{"start":{"line":109,"column":2},"end":{"line":129,"column":3}},"45":{"start":{"line":110,"column":19},"end":{"line":110,"column":29}},"46":{"start":{"line":111,"column":40},"end":{"line":111,"column":48}},"47":{"start":{"line":113,"column":21},"end":{"line":113,"column":89}},"48":{"start":{"line":114,"column":4},"end":{"line":114,"column":82}},"49":{"start":{"line":114,"column":19},"end":{"line":114,"column":82}},"50":{"start":{"line":116,"column":23},"end":{"line":121,"column":5}},"51":{"start":{"line":123,"column":4},"end":{"line":123,"column":62}},"52":{"start":{"line":125,"column":4},"end":{"line":125,"column":61}},"53":{"start":{"line":127,"column":4},"end":{"line":127,"column":23}},"54":{"start":{"line":128,"column":4},"end":{"line":128,"column":49}},"55":{"start":{"line":135,"column":0},"end":{"line":149,"column":3}},"56":{"start":{"line":136,"column":2},"end":{"line":148,"column":3}},"57":{"start":{"line":137,"column":19},"end":{"line":137,"column":29}},"58":{"start":{"line":139,"column":21},"end":{"line":139,"column":89}},"59":{"start":{"line":140,"column":4},"end":{"line":140,"column":82}},"60":{"start":{"line":140,"column":19},"end":{"line":140,"column":82}},"61":{"start":{"line":142,"column":4},"end":{"line":142,"column":66}},"62":{"start":{"line":144,"column":4},"end":{"line":144,"column":61}},"63":{"start":{"line":146,"column":4},"end":{"line":146,"column":23}},"64":{"start":{"line":147,"column":4},"end":{"line":147,"column":49}}},"fnMap":{"0":{"name":"(anonymous_0)","decl":{"start":{"line":11,"column":57},"end":{"line":11,"column":58}},"loc":{"start":{"line":11,"column":77},"end":{"line":29,"column":1}},"line":11},"1":{"name":"(anonymous_1)","decl":{"start":{"line":22,"column":72},"end":{"line":22,"column":73}},"loc":{"start":{"line":22,"column":79},"end":{"line":22,"column":87}},"line":22},"2":{"name":"(anonymous_2)","decl":{"start":{"line":34,"column":61},"end":{"line":34,"column":62}},"loc":{"start":{"line":34,"column":81},"end":{"line":46,"column":1}},"line":34},"3":{"name":"(anonymous_3)","decl":{"start":{"line":52,"column":65},"end":{"line":52,"column":66}},"loc":{"start":{"line":52,"column":85},"end":{"line":75,"column":1}},"line":52},"4":{"name":"(anonymous_4)","decl":{"start":{"line":78,"column":72},"end":{"line":78,"column":73}},"loc":{"start":{"line":78,"column":92},"end":{"line":103,"column":1}},"line":78},"5":{"name":"(anonymous_5)","decl":{"start":{"line":108,"column":68},"end":{"line":108,"column":69}},"loc":{"start":{"line":108,"column":88},"end":{"line":130,"column":1}},"line":108},"6":{"name":"(anonymous_6)","decl":{"start":{"line":135,"column":71},"end":{"line":135,"column":72}},"loc":{"start":{"line":135,"column":91},"end":{"line":149,"column":1}},"line":135}},"branchMap":{"0":{"loc":{"start":{"line":13,"column":17},"end":{"line":13,"column":46}},"type":"binary-expr","locations":[{"start":{"line":13,"column":17},"end":{"line":13,"column":41}},{"start":{"line":13,"column":45},"end":{"line":13,"column":46}}],"line":13},"1":{"loc":{"start":{"line":14,"column":18},"end":{"line":14,"column":48}},"type":"binary-expr","locations":[{"start":{"line":14,"column":18},"end":{"line":14,"column":43}},{"start":{"line":14,"column":47},"end":{"line":14,"column":48}}],"line":14},"2":{"loc":{"start":{"line":39,"column":4},"end":{"line":39,"column":83}},"type":"if","locations":[{"start":{"line":39,"column":4},"end":{"line":39,"column":83}},{"start":{},"end":{}}],"line":39},"3":{"loc":{"start":{"line":56,"column":4},"end":{"line":58,"column":5}},"type":"if","locations":[{"start":{"line":56,"column":4},"end":{"line":58,"column":5}},{"start":{},"end":{}}],"line":56},"4":{"loc":{"start":{"line":56,"column":8},"end":{"line":56,"column":27}},"type":"binary-expr","locations":[{"start":{"line":56,"column":8},"end":{"line":56,"column":14}},{"start":{"line":56,"column":18},"end":{"line":56,"column":27}}],"line":56},"5":{"loc":{"start":{"line":64,"column":14},"end":{"line":64,"column":35}},"type":"binary-expr","locations":[{"start":{"line":64,"column":14},"end":{"line":64,"column":20}},{"start":{"line":64,"column":24},"end":{"line":64,"column":35}}],"line":64},"6":{"loc":{"start":{"line":82,"column":4},"end":{"line":84,"column":5}},"type":"if","locations":[{"start":{"line":82,"column":4},"end":{"line":84,"column":5}},{"start":{},"end":{}}],"line":82},"7":{"loc":{"start":{"line":88,"column":4},"end":{"line":90,"column":5}},"type":"if","locations":[{"start":{"line":88,"column":4},"end":{"line":90,"column":5}},{"start":{},"end":{}}],"line":88},"8":{"loc":{"start":{"line":88,"column":8},"end":{"line":88,"column":40}},"type":"binary-expr","locations":[{"start":{"line":88,"column":8},"end":{"line":88,"column":16}},{"start":{"line":88,"column":20},"end":{"line":88,"column":40}}],"line":88},"9":{"loc":{"start":{"line":114,"column":4},"end":{"line":114,"column":82}},"type":"if","locations":[{"start":{"line":114,"column":4},"end":{"line":114,"column":82}},{"start":{},"end":{}}],"line":114},"10":{"loc":{"start":{"line":117,"column":13},"end":{"line":117,"column":36}},"type":"binary-expr","locations":[{"start":{"line":117,"column":13},"end":{"line":117,"column":18}},{"start":{"line":117,"column":22},"end":{"line":117,"column":36}}],"line":117},"11":{"loc":{"start":{"line":118,"column":15},"end":{"line":118,"column":43}},"type":"binary-expr","locations":[{"start":{"line":118,"column":15},"end":{"line":118,"column":23}},{"start":{"line":118,"column":27},"end":{"line":118,"column":43}}],"line":118},"12":{"loc":{"start":{"line":119,"column":14},"end":{"line":119,"column":39}},"type":"binary-expr","locations":[{"start":{"line":119,"column":14},"end":{"line":119,"column":20}},{"start":{"line":119,"column":24},"end":{"line":119,"column":39}}],"line":119},"13":{"loc":{"start":{"line":140,"column":4},"end":{"line":140,"column":82}},"type":"if","locations":[{"start":{"line":140,"column":4},"end":{"line":140,"column":82}},{"start":{},"end":{}}],"line":140}},"s":{"0":6,"1":6,"2":2,"3":2,"4":2,"5":2,"6":2,"7":1,"8":1,"9":1,"10":1,"11":1,"12":6,"13":2,"14":2,"15":2,"16":2,"17":1,"18":1,"19":0,"20":0,"21":6,"22":2,"23":2,"24":2,"25":1,"26":1,"27":1,"28":1,"29":0,"30":0,"31":6,"32":0,"33":0,"34":0,"35":0,"36":0,"37":0,"38":0,"39":0,"40":0,"41":0,"42":0,"43":6,"44":2,"45":2,"46":2,"47":2,"48":2,"49":1,"50":1,"51":1,"52":1,"53":0,"54":0,"55":6,"56":2,"57":2,"58":2,"59":2,"60":1,"61":1,"62":1,"63":0,"64":0},"f":{"0":2,"1":1,"2":2,"3":2,"4":0,"5":2,"6":2},"b":{"0":[2,2],"1":[2,2],"2":[1,1],"3":[1,1],"4":[2,1],"5":[1,1],"6":[0,0],"7":[0,0],"8":[0,0],"9":[1,1],"10":[1,0],"11":[1,1],"12":[1,1],"13":[1,1]},"inputSourceMap":null,"_coverageSchema":"1a1c01bbd47fc00a2c39e90264f33305004495a9","hash":"48ee21018761ecf5a3b9d1ce300abdaa64c063bd"}
,"/Users/guesttt/Documents/backend/src/routes/ai.js": {"path":"/Users/guesttt/Documents/backend/src/routes/ai.js","statementMap":{"0":{"start":{"line":10,"column":0},"end":{"line":10,"column":16}},"1":{"start":{"line":12,"column":15},"end":{"line":12,"column":31}},"2":{"start":{"line":14,"column":15},"end":{"line":16,"column":2}},"3":{"start":{"line":19,"column":0},"end":{"line":63,"column":3}},"4":{"start":{"line":20,"column":2},"end":{"line":62,"column":3}},"5":{"start":{"line":21,"column":4},"end":{"line":21,"column":52}},"6":{"start":{"line":24,"column":23},"end":{"line":35,"column":6}},"7":{"start":{"line":38,"column":6},"end":{"line":38,"column":71}},"8":{"start":{"line":40,"column":4},"end":{"line":47,"column":7}},"9":{"start":{"line":49,"column":4},"end":{"line":49,"column":60}},"10":{"start":{"line":51,"column":4},"end":{"line":61,"column":7}},"11":{"start":{"line":66,"column":0},"end":{"line":262,"column":3}},"12":{"start":{"line":67,"column":2},"end":{"line":261,"column":3}},"13":{"start":{"line":68,"column":48},"end":{"line":68,"column":56}},"14":{"start":{"line":70,"column":4},"end":{"line":75,"column":5}},"15":{"start":{"line":71,"column":6},"end":{"line":74,"column":9}},"16":{"start":{"line":77,"column":4},"end":{"line":77,"column":75}},"17":{"start":{"line":80,"column":19},"end":{"line":201,"column":2}},"18":{"start":{"line":203,"column":23},"end":{"line":218,"column":6}},"19":{"start":{"line":220,"column":23},"end":{"line":220,"column":70}},"20":{"start":{"line":222,"column":4},"end":{"line":252,"column":5}},"21":{"start":{"line":224,"column":23},"end":{"line":224,"column":45}},"22":{"start":{"line":226,"column":6},"end":{"line":237,"column":9}},"23":{"start":{"line":240,"column":6},"end":{"line":251,"column":9}},"24":{"start":{"line":254,"column":4},"end":{"line":254,"column":58}},"25":{"start":{"line":256,"column":4},"end":{"line":260,"column":7}},"26":{"start":{"line":266,"column":0},"end":{"line":314,"column":2}},"27":{"start":{"line":271,"column":4},"end":{"line":312,"column":5}},"28":{"start":{"line":272,"column":6},"end":{"line":272,"column":40}},"29":{"start":{"line":274,"column":44},"end":{"line":274,"column":47}},"30":{"start":{"line":278,"column":6},"end":{"line":280,"column":7}},"31":{"start":{"line":279,"column":8},"end":{"line":279,"column":70}},"32":{"start":{"line":282,"column":24},"end":{"line":282,"column":46}},"33":{"start":{"line":283,"column":21},"end":{"line":283,"column":38}},"34":{"start":{"line":284,"column":26},"end":{"line":284,"column":50}},"35":{"start":{"line":287,"column":25},"end":{"line":297,"column":9}},"36":{"start":{"line":287,"column":52},"end":{"line":297,"column":7}},"37":{"start":{"line":299,"column":19},"end":{"line":299,"column":69}},"38":{"start":{"line":300,"column":6},"end":{"line":304,"column":9}},"39":{"start":{"line":307,"column":6},"end":{"line":307,"column":49}},"40":{"start":{"line":308,"column":6},"end":{"line":311,"column":9}},"41":{"start":{"line":317,"column":0},"end":{"line":331,"column":3}},"42":{"start":{"line":318,"column":2},"end":{"line":330,"column":3}},"43":{"start":{"line":319,"column":22},"end":{"line":319,"column":30}},"44":{"start":{"line":320,"column":4},"end":{"line":322,"column":5}},"45":{"start":{"line":321,"column":6},"end":{"line":321,"column":68}},"46":{"start":{"line":324,"column":26},"end":{"line":324,"column":63}},"47":{"start":{"line":326,"column":4},"end":{"line":326,"column":28}},"48":{"start":{"line":328,"column":4},"end":{"line":328,"column":25}},"49":{"start":{"line":329,"column":4},"end":{"line":329,"column":92}},"50":{"start":{"line":535,"column":0},"end":{"line":619,"column":3}},"51":{"start":{"line":536,"column":2},"end":{"line":618,"column":3}},"52":{"start":{"line":537,"column":30},"end":{"line":537,"column":38}},"53":{"start":{"line":539,"column":4},"end":{"line":539,"column":75}},"54":{"start":{"line":541,"column":19},"end":{"line":566,"column":2}},"55":{"start":{"line":568,"column":23},"end":{"line":583,"column":6}},"56":{"start":{"line":585,"column":23},"end":{"line":585,"column":70}},"57":{"start":{"line":587,"column":4},"end":{"line":609,"column":5}},"58":{"start":{"line":588,"column":30},"end":{"line":588,"column":52}},"59":{"start":{"line":590,"column":6},"end":{"line":600,"column":9}},"60":{"start":{"line":602,"column":6},"end":{"line":608,"column":9}},"61":{"start":{"line":611,"column":4},"end":{"line":611,"column":72}},"62":{"start":{"line":613,"column":4},"end":{"line":617,"column":7}}},"fnMap":{"0":{"name":"(anonymous_0)","decl":{"start":{"line":19,"column":31},"end":{"line":19,"column":32}},"loc":{"start":{"line":19,"column":51},"end":{"line":63,"column":1}},"line":19},"1":{"name":"(anonymous_1)","decl":{"start":{"line":66,"column":48},"end":{"line":66,"column":49}},"loc":{"start":{"line":66,"column":68},"end":{"line":262,"column":1}},"line":66},"2":{"name":"(anonymous_2)","decl":{"start":{"line":270,"column":2},"end":{"line":270,"column":3}},"loc":{"start":{"line":270,"column":22},"end":{"line":313,"column":3}},"line":270},"3":{"name":"(anonymous_3)","decl":{"start":{"line":287,"column":43},"end":{"line":287,"column":44}},"loc":{"start":{"line":287,"column":52},"end":{"line":297,"column":7}},"line":287},"4":{"name":"(anonymous_4)","decl":{"start":{"line":317,"column":35},"end":{"line":317,"column":36}},"loc":{"start":{"line":317,"column":55},"end":{"line":331,"column":1}},"line":317},"5":{"name":"(anonymous_5)","decl":{"start":{"line":535,"column":51},"end":{"line":535,"column":52}},"loc":{"start":{"line":535,"column":71},"end":{"line":619,"column":1}},"line":535}},"branchMap":{"0":{"loc":{"start":{"line":38,"column":6},"end":{"line":38,"column":71}},"type":"binary-expr","locations":[{"start":{"line":38,"column":6},"end":{"line":38,"column":45}},{"start":{"line":38,"column":49},"end":{"line":38,"column":71}}],"line":38},"1":{"loc":{"start":{"line":57,"column":22},"end":{"line":59,"column":13}},"type":"cond-expr","locations":[{"start":{"line":58,"column":12},"end":{"line":58,"column":45}},{"start":{"line":59,"column":12},"end":{"line":59,"column":13}}],"line":57},"2":{"loc":{"start":{"line":70,"column":4},"end":{"line":75,"column":5}},"type":"if","locations":[{"start":{"line":70,"column":4},"end":{"line":75,"column":5}},{"start":{},"end":{}}],"line":70},"3":{"loc":{"start":{"line":220,"column":23},"end":{"line":220,"column":70}},"type":"binary-expr","locations":[{"start":{"line":220,"column":23},"end":{"line":220,"column":62}},{"start":{"line":220,"column":66},"end":{"line":220,"column":70}}],"line":220},"4":{"loc":{"start":{"line":278,"column":6},"end":{"line":280,"column":7}},"type":"if","locations":[{"start":{"line":278,"column":6},"end":{"line":280,"column":7}},{"start":{},"end":{}}],"line":278},"5":{"loc":{"start":{"line":278,"column":10},"end":{"line":278,"column":54}},"type":"binary-expr","locations":[{"start":{"line":278,"column":10},"end":{"line":278,"column":24}},{"start":{"line":278,"column":28},"end":{"line":278,"column":54}}],"line":278},"6":{"loc":{"start":{"line":282,"column":24},"end":{"line":282,"column":46}},"type":"binary-expr","locations":[{"start":{"line":282,"column":24},"end":{"line":282,"column":38}},{"start":{"line":282,"column":42},"end":{"line":282,"column":46}}],"line":282},"7":{"loc":{"start":{"line":283,"column":21},"end":{"line":283,"column":38}},"type":"binary-expr","locations":[{"start":{"line":283,"column":21},"end":{"line":283,"column":30}},{"start":{"line":283,"column":34},"end":{"line":283,"column":38}}],"line":283},"8":{"loc":{"start":{"line":284,"column":26},"end":{"line":284,"column":50}},"type":"binary-expr","locations":[{"start":{"line":284,"column":26},"end":{"line":284,"column":42}},{"start":{"line":284,"column":46},"end":{"line":284,"column":50}}],"line":284},"9":{"loc":{"start":{"line":320,"column":4},"end":{"line":322,"column":5}},"type":"if","locations":[{"start":{"line":320,"column":4},"end":{"line":322,"column":5}},{"start":{},"end":{}}],"line":320},"10":{"loc":{"start":{"line":320,"column":8},"end":{"line":320,"column":56}},"type":"binary-expr","locations":[{"start":{"line":320,"column":8},"end":{"line":320,"column":14}},{"start":{"line":320,"column":18},"end":{"line":320,"column":39}},{"start":{"line":320,"column":43},"end":{"line":320,"column":56}}],"line":320},"11":{"loc":{"start":{"line":329,"column":36},"end":{"line":329,"column":88}},"type":"binary-expr","locations":[{"start":{"line":329,"column":36},"end":{"line":329,"column":49}},{"start":{"line":329,"column":53},"end":{"line":329,"column":88}}],"line":329},"12":{"loc":{"start":{"line":545,"column":6},"end":{"line":546,"column":72}},"type":"binary-expr","locations":[{"start":{"line":545,"column":6},"end":{"line":545,"column":19}},{"start":{"line":546,"column":6},"end":{"line":546,"column":72}}],"line":545},"13":{"loc":{"start":{"line":585,"column":23},"end":{"line":585,"column":70}},"type":"binary-expr","locations":[{"start":{"line":585,"column":23},"end":{"line":585,"column":62}},{"start":{"line":585,"column":66},"end":{"line":585,"column":70}}],"line":585}},"s":{"0":6,"1":6,"2":6,"3":6,"4":0,"5":0,"6":0,"7":0,"8":0,"9":0,"10":0,"11":6,"12":0,"13":0,"14":0,"15":0,"16":0,"17":0,"18":0,"19":0,"20":0,"21":0,"22":0,"23":0,"24":0,"25":0,"26":6,"27":0,"28":0,"29":0,"30":0,"31":0,"32":0,"33":0,"34":0,"35":0,"36":0,"37":0,"38":0,"39":0,"40":0,"41":6,"42":0,"43":0,"44":0,"45":0,"46":0,"47":0,"48":0,"49":0,"50":6,"51":0,"52":0,"53":0,"54":0,"55":0,"56":0,"57":0,"58":0,"59":0,"60":0,"61":0,"62":0},"f":{"0":0,"1":0,"2":0,"3":0,"4":0,"5":0},"b":{"0":[0,0],"1":[0,0],"2":[0,0],"3":[0,0],"4":[0,0],"5":[0,0],"6":[0,0],"7":[0,0],"8":[0,0],"9":[0,0],"10":[0,0,0],"11":[0,0],"12":[0,0],"13":[0,0]},"inputSourceMap":null,"_coverageSchema":"1a1c01bbd47fc00a2c39e90264f33305004495a9","hash":"1895683b1006c9d5c39d84b2228f1926db388bd8"}
,"/Users/guesttt/Documents/backend/src/routes/auth.js": {"path":"/Users/guesttt/Documents/backend/src/routes/auth.js","statementMap":{"0":{"start":{"line":23,"column":0},"end":{"line":23,"column":16}},"1":{"start":{"line":25,"column":15},"end":{"line":25,"column":31}},"2":{"start":{"line":28,"column":23},"end":{"line":33,"column":1}},"3":{"start":{"line":35,"column":22},"end":{"line":44,"column":2}},"4":{"start":{"line":47,"column":0},"end":{"line":52,"column":3}},"5":{"start":{"line":56,"column":2},"end":{"line":56,"column":53}},"6":{"start":{"line":56,"column":36},"end":{"line":56,"column":53}},"7":{"start":{"line":57,"column":15},"end":{"line":57,"column":71}},"8":{"start":{"line":58,"column":2},"end":{"line":58,"column":50}},"9":{"start":{"line":59,"column":2},"end":{"line":59,"column":31}},"10":{"start":{"line":63,"column":2},"end":{"line":63,"column":50}},"11":{"start":{"line":63,"column":39},"end":{"line":63,"column":50}},"12":{"start":{"line":64,"column":16},"end":{"line":64,"column":47}},"13":{"start":{"line":65,"column":15},"end":{"line":65,"column":94}},"14":{"start":{"line":65,"column":21},"end":{"line":65,"column":93}},"15":{"start":{"line":66,"column":2},"end":{"line":70,"column":3}},"16":{"start":{"line":67,"column":4},"end":{"line":69,"column":7}},"17":{"start":{"line":68,"column":6},"end":{"line":68,"column":109}},"18":{"start":{"line":68,"column":41},"end":{"line":68,"column":109}},"19":{"start":{"line":71,"column":2},"end":{"line":71,"column":15}},"20":{"start":{"line":77,"column":0},"end":{"line":131,"column":3}},"21":{"start":{"line":78,"column":2},"end":{"line":130,"column":3}},"22":{"start":{"line":79,"column":35},"end":{"line":79,"column":49}},"23":{"start":{"line":80,"column":4},"end":{"line":80,"column":109}},"24":{"start":{"line":80,"column":32},"end":{"line":80,"column":109}},"25":{"start":{"line":82,"column":19},"end":{"line":86,"column":5}},"26":{"start":{"line":87,"column":23},"end":{"line":87,"column":52}},"27":{"start":{"line":88,"column":4},"end":{"line":88,"column":67}},"28":{"start":{"line":88,"column":20},"end":{"line":88,"column":67}},"29":{"start":{"line":90,"column":21},"end":{"line":90,"column":78}},"30":{"start":{"line":92,"column":4},"end":{"line":105,"column":5}},"31":{"start":{"line":94,"column":8},"end":{"line":94,"column":113}},"32":{"start":{"line":96,"column":8},"end":{"line":96,"column":121}},"33":{"start":{"line":98,"column":8},"end":{"line":98,"column":109}},"34":{"start":{"line":100,"column":8},"end":{"line":100,"column":128}},"35":{"start":{"line":102,"column":8},"end":{"line":102,"column":132}},"36":{"start":{"line":104,"column":8},"end":{"line":104,"column":14}},"37":{"start":{"line":108,"column":4},"end":{"line":117,"column":7}},"38":{"start":{"line":119,"column":4},"end":{"line":119,"column":80}},"39":{"start":{"line":120,"column":4},"end":{"line":122,"column":5}},"40":{"start":{"line":121,"column":6},"end":{"line":121,"column":98}},"41":{"start":{"line":123,"column":4},"end":{"line":125,"column":5}},"42":{"start":{"line":124,"column":6},"end":{"line":124,"column":82}},"43":{"start":{"line":126,"column":4},"end":{"line":128,"column":5}},"44":{"start":{"line":127,"column":6},"end":{"line":127,"column":89}},"45":{"start":{"line":129,"column":4},"end":{"line":129,"column":123}},"46":{"start":{"line":134,"column":0},"end":{"line":167,"column":3}},"47":{"start":{"line":135,"column":2},"end":{"line":166,"column":3}},"48":{"start":{"line":136,"column":55},"end":{"line":136,"column":69}},"49":{"start":{"line":137,"column":4},"end":{"line":137,"column":123}},"50":{"start":{"line":137,"column":40},"end":{"line":137,"column":123}},"51":{"start":{"line":139,"column":17},"end":{"line":139,"column":54}},"52":{"start":{"line":140,"column":31},"end":{"line":140,"column":53}},"53":{"start":{"line":141,"column":4},"end":{"line":141,"column":89}},"54":{"start":{"line":141,"column":39},"end":{"line":141,"column":89}},"55":{"start":{"line":142,"column":4},"end":{"line":142,"column":67}},"56":{"start":{"line":142,"column":28},"end":{"line":142,"column":67}},"57":{"start":{"line":144,"column":23},"end":{"line":144,"column":52}},"58":{"start":{"line":145,"column":4},"end":{"line":145,"column":64}},"59":{"start":{"line":145,"column":20},"end":{"line":145,"column":64}},"60":{"start":{"line":147,"column":17},"end":{"line":152,"column":7}},"61":{"start":{"line":154,"column":4},"end":{"line":162,"column":7}},"62":{"start":{"line":164,"column":4},"end":{"line":164,"column":86}},"63":{"start":{"line":165,"column":4},"end":{"line":165,"column":113}},"64":{"start":{"line":170,"column":0},"end":{"line":227,"column":3}},"65":{"start":{"line":171,"column":0},"end":{"line":226,"column":1}},"66":{"start":{"line":172,"column":73},"end":{"line":172,"column":87}},"67":{"start":{"line":173,"column":0},"end":{"line":173,"column":133}},"68":{"start":{"line":173,"column":43},"end":{"line":173,"column":133}},"69":{"start":{"line":175,"column":27},"end":{"line":175,"column":76}},"70":{"start":{"line":178,"column":0},"end":{"line":178,"column":75}},"71":{"start":{"line":178,"column":15},"end":{"line":178,"column":75}},"72":{"start":{"line":179,"column":0},"end":{"line":179,"column":78}},"73":{"start":{"line":179,"column":16},"end":{"line":179,"column":78}},"74":{"start":{"line":183,"column":19},"end":{"line":183,"column":48}},"75":{"start":{"line":184,"column":0},"end":{"line":184,"column":60}},"76":{"start":{"line":184,"column":16},"end":{"line":184,"column":60}},"77":{"start":{"line":186,"column":10},"end":{"line":191,"column":3}},"78":{"start":{"line":194,"column":0},"end":{"line":222,"column":1}},"79":{"start":{"line":196,"column":0},"end":{"line":205,"column":3}},"80":{"start":{"line":206,"column":7},"end":{"line":222,"column":1}},"81":{"start":{"line":208,"column":0},"end":{"line":214,"column":3}},"82":{"start":{"line":217,"column":0},"end":{"line":221,"column":3}},"83":{"start":{"line":224,"column":0},"end":{"line":224,"column":92}},"84":{"start":{"line":225,"column":0},"end":{"line":225,"column":110}},"85":{"start":{"line":232,"column":0},"end":{"line":249,"column":3}},"86":{"start":{"line":233,"column":2},"end":{"line":248,"column":3}},"87":{"start":{"line":234,"column":34},"end":{"line":234,"column":48}},"88":{"start":{"line":235,"column":4},"end":{"line":235,"column":107}},"89":{"start":{"line":235,"column":31},"end":{"line":235,"column":107}},"90":{"start":{"line":237,"column":18},"end":{"line":237,"column":99}},"91":{"start":{"line":239,"column":19},"end":{"line":239,"column":36}},"92":{"start":{"line":240,"column":24},"end":{"line":240,"column":52}},"93":{"start":{"line":241,"column":20},"end":{"line":241,"column":145}},"94":{"start":{"line":242,"column":19},"end":{"line":242,"column":50}},"95":{"start":{"line":244,"column":4},"end":{"line":244,"column":105}},"96":{"start":{"line":246,"column":4},"end":{"line":246,"column":104}},"97":{"start":{"line":247,"column":4},"end":{"line":247,"column":134}},"98":{"start":{"line":252,"column":0},"end":{"line":288,"column":3}},"99":{"start":{"line":253,"column":2},"end":{"line":287,"column":3}},"100":{"start":{"line":254,"column":44},"end":{"line":254,"column":58}},"101":{"start":{"line":255,"column":4},"end":{"line":257,"column":5}},"102":{"start":{"line":256,"column":6},"end":{"line":256,"column":103}},"103":{"start":{"line":259,"column":19},"end":{"line":259,"column":117}},"104":{"start":{"line":260,"column":4},"end":{"line":262,"column":5}},"105":{"start":{"line":261,"column":6},"end":{"line":261,"column":73}},"106":{"start":{"line":264,"column":31},"end":{"line":264,"column":53}},"107":{"start":{"line":265,"column":23},"end":{"line":265,"column":52}},"108":{"start":{"line":266,"column":4},"end":{"line":266,"column":64}},"109":{"start":{"line":266,"column":20},"end":{"line":266,"column":64}},"110":{"start":{"line":268,"column":21},"end":{"line":273,"column":7}},"111":{"start":{"line":275,"column":4},"end":{"line":283,"column":7}},"112":{"start":{"line":285,"column":4},"end":{"line":285,"column":105}},"113":{"start":{"line":286,"column":4},"end":{"line":286,"column":135}},"114":{"start":{"line":292,"column":0},"end":{"line":309,"column":3}},"115":{"start":{"line":293,"column":2},"end":{"line":308,"column":3}},"116":{"start":{"line":294,"column":42},"end":{"line":294,"column":56}},"117":{"start":{"line":295,"column":4},"end":{"line":295,"column":89}},"118":{"start":{"line":295,"column":22},"end":{"line":295,"column":89}},"119":{"start":{"line":297,"column":18},"end":{"line":297,"column":107}},"120":{"start":{"line":299,"column":19},"end":{"line":299,"column":36}},"121":{"start":{"line":300,"column":24},"end":{"line":300,"column":46}},"122":{"start":{"line":301,"column":20},"end":{"line":301,"column":165}},"123":{"start":{"line":302,"column":19},"end":{"line":302,"column":50}},"124":{"start":{"line":304,"column":4},"end":{"line":304,"column":105}},"125":{"start":{"line":306,"column":4},"end":{"line":306,"column":94}},"126":{"start":{"line":307,"column":4},"end":{"line":307,"column":117}},"127":{"start":{"line":311,"column":0},"end":{"line":333,"column":3}},"128":{"start":{"line":312,"column":2},"end":{"line":332,"column":3}},"129":{"start":{"line":313,"column":47},"end":{"line":313,"column":61}},"130":{"start":{"line":314,"column":4},"end":{"line":314,"column":126}},"131":{"start":{"line":314,"column":35},"end":{"line":314,"column":126}},"132":{"start":{"line":316,"column":19},"end":{"line":316,"column":67}},"133":{"start":{"line":317,"column":4},"end":{"line":317,"column":42}},"134":{"start":{"line":317,"column":17},"end":{"line":317,"column":42}},"135":{"start":{"line":319,"column":19},"end":{"line":319,"column":83}},"136":{"start":{"line":321,"column":4},"end":{"line":326,"column":5}},"137":{"start":{"line":322,"column":6},"end":{"line":325,"column":10}},"138":{"start":{"line":328,"column":4},"end":{"line":328,"column":72}},"139":{"start":{"line":330,"column":4},"end":{"line":330,"column":95}},"140":{"start":{"line":331,"column":4},"end":{"line":331,"column":123}},"141":{"start":{"line":337,"column":0},"end":{"line":356,"column":3}},"142":{"start":{"line":338,"column":2},"end":{"line":355,"column":3}},"143":{"start":{"line":340,"column":6},"end":{"line":342,"column":95}},"144":{"start":{"line":343,"column":4},"end":{"line":343,"column":89}},"145":{"start":{"line":343,"column":22},"end":{"line":343,"column":89}},"146":{"start":{"line":345,"column":21},"end":{"line":345,"column":95}},"147":{"start":{"line":347,"column":4},"end":{"line":351,"column":7}},"148":{"start":{"line":353,"column":4},"end":{"line":353,"column":90}},"149":{"start":{"line":354,"column":4},"end":{"line":354,"column":117}},"150":{"start":{"line":360,"column":0},"end":{"line":404,"column":3}},"151":{"start":{"line":361,"column":2},"end":{"line":403,"column":3}},"152":{"start":{"line":362,"column":53},"end":{"line":362,"column":67}},"153":{"start":{"line":363,"column":4},"end":{"line":363,"column":154}},"154":{"start":{"line":363,"column":56},"end":{"line":363,"column":154}},"155":{"start":{"line":365,"column":25},"end":{"line":365,"column":83}},"156":{"start":{"line":366,"column":19},"end":{"line":375,"column":5}},"157":{"start":{"line":377,"column":23},"end":{"line":377,"column":49}},"158":{"start":{"line":378,"column":4},"end":{"line":378,"column":51}},"159":{"start":{"line":378,"column":20},"end":{"line":378,"column":51}},"160":{"start":{"line":380,"column":14},"end":{"line":380,"column":65}},"161":{"start":{"line":382,"column":4},"end":{"line":393,"column":5}},"162":{"start":{"line":383,"column":23},"end":{"line":383,"column":80}},"163":{"start":{"line":384,"column":6},"end":{"line":392,"column":9}},"164":{"start":{"line":394,"column":4},"end":{"line":399,"column":7}},"165":{"start":{"line":401,"column":4},"end":{"line":401,"column":81}},"166":{"start":{"line":402,"column":4},"end":{"line":402,"column":118}},"167":{"start":{"line":406,"column":0},"end":{"line":430,"column":3}},"168":{"start":{"line":407,"column":2},"end":{"line":429,"column":3}},"169":{"start":{"line":408,"column":31},"end":{"line":408,"column":45}},"170":{"start":{"line":409,"column":4},"end":{"line":409,"column":114}},"171":{"start":{"line":409,"column":28},"end":{"line":409,"column":114}},"172":{"start":{"line":411,"column":19},"end":{"line":415,"column":5}},"173":{"start":{"line":416,"column":23},"end":{"line":416,"column":52}},"174":{"start":{"line":417,"column":4},"end":{"line":417,"column":51}},"175":{"start":{"line":417,"column":20},"end":{"line":417,"column":51}},"176":{"start":{"line":419,"column":4},"end":{"line":419,"column":63}},"177":{"start":{"line":420,"column":4},"end":{"line":420,"column":38}},"178":{"start":{"line":421,"column":25},"end":{"line":421,"column":76}},"179":{"start":{"line":422,"column":4},"end":{"line":422,"column":42}},"180":{"start":{"line":423,"column":4},"end":{"line":423,"column":169}},"181":{"start":{"line":423,"column":49},"end":{"line":423,"column":169}},"182":{"start":{"line":425,"column":4},"end":{"line":425,"column":83}},"183":{"start":{"line":427,"column":4},"end":{"line":427,"column":89}},"184":{"start":{"line":428,"column":4},"end":{"line":428,"column":107}},"185":{"start":{"line":434,"column":0},"end":{"line":449,"column":3}},"186":{"start":{"line":435,"column":2},"end":{"line":448,"column":3}},"187":{"start":{"line":436,"column":25},"end":{"line":436,"column":39}},"188":{"start":{"line":437,"column":4},"end":{"line":437,"column":82}},"189":{"start":{"line":437,"column":19},"end":{"line":437,"column":82}},"190":{"start":{"line":439,"column":19},"end":{"line":439,"column":76}},"191":{"start":{"line":440,"column":23},"end":{"line":440,"column":52}},"192":{"start":{"line":441,"column":4},"end":{"line":441,"column":51}},"193":{"start":{"line":441,"column":20},"end":{"line":441,"column":51}},"194":{"start":{"line":443,"column":4},"end":{"line":443,"column":64}},"195":{"start":{"line":444,"column":4},"end":{"line":444,"column":92}},"196":{"start":{"line":446,"column":4},"end":{"line":446,"column":90}},"197":{"start":{"line":447,"column":4},"end":{"line":447,"column":121}},"198":{"start":{"line":451,"column":0},"end":{"line":473,"column":3}},"199":{"start":{"line":452,"column":2},"end":{"line":472,"column":3}},"200":{"start":{"line":453,"column":44},"end":{"line":453,"column":58}},"201":{"start":{"line":454,"column":4},"end":{"line":456,"column":5}},"202":{"start":{"line":455,"column":6},"end":{"line":455,"column":94}},"203":{"start":{"line":458,"column":19},"end":{"line":463,"column":5}},"204":{"start":{"line":464,"column":23},"end":{"line":464,"column":52}},"205":{"start":{"line":465,"column":4},"end":{"line":465,"column":51}},"206":{"start":{"line":465,"column":20},"end":{"line":465,"column":51}},"207":{"start":{"line":467,"column":4},"end":{"line":467,"column":71}},"208":{"start":{"line":468,"column":4},"end":{"line":468,"column":81}},"209":{"start":{"line":470,"column":4},"end":{"line":470,"column":98}},"210":{"start":{"line":471,"column":4},"end":{"line":471,"column":112}},"211":{"start":{"line":477,"column":0},"end":{"line":586,"column":3}},"212":{"start":{"line":478,"column":2},"end":{"line":585,"column":3}},"213":{"start":{"line":479,"column":64},"end":{"line":479,"column":78}},"214":{"start":{"line":481,"column":4},"end":{"line":485,"column":5}},"215":{"start":{"line":482,"column":6},"end":{"line":484,"column":9}},"216":{"start":{"line":487,"column":19},"end":{"line":490,"column":5}},"217":{"start":{"line":493,"column":4},"end":{"line":495,"column":5}},"218":{"start":{"line":494,"column":6},"end":{"line":494,"column":49}},"219":{"start":{"line":497,"column":4},"end":{"line":497,"column":64}},"220":{"start":{"line":499,"column":4},"end":{"line":502,"column":7}},"221":{"start":{"line":505,"column":4},"end":{"line":505,"column":90}},"222":{"start":{"line":507,"column":4},"end":{"line":512,"column":5}},"223":{"start":{"line":508,"column":6},"end":{"line":511,"column":9}},"224":{"start":{"line":513,"column":4},"end":{"line":518,"column":5}},"225":{"start":{"line":514,"column":6},"end":{"line":517,"column":9}},"226":{"start":{"line":519,"column":4},"end":{"line":524,"column":5}},"227":{"start":{"line":520,"column":6},"end":{"line":523,"column":9}},"228":{"start":{"line":525,"column":4},"end":{"line":530,"column":5}},"229":{"start":{"line":526,"column":6},"end":{"line":529,"column":9}},"230":{"start":{"line":531,"column":4},"end":{"line":536,"column":5}},"231":{"start":{"line":532,"column":6},"end":{"line":535,"column":9}},"232":{"start":{"line":537,"column":4},"end":{"line":542,"column":5}},"233":{"start":{"line":538,"column":6},"end":{"line":541,"column":9}},"234":{"start":{"line":543,"column":4},"end":{"line":548,"column":5}},"235":{"start":{"line":544,"column":6},"end":{"line":547,"column":9}},"236":{"start":{"line":549,"column":4},"end":{"line":554,"column":5}},"237":{"start":{"line":550,"column":6},"end":{"line":553,"column":9}},"238":{"start":{"line":555,"column":4},"end":{"line":560,"column":5}},"239":{"start":{"line":556,"column":6},"end":{"line":559,"column":9}},"240":{"start":{"line":561,"column":4},"end":{"line":566,"column":5}},"241":{"start":{"line":562,"column":6},"end":{"line":565,"column":9}},"242":{"start":{"line":567,"column":4},"end":{"line":572,"column":5}},"243":{"start":{"line":568,"column":6},"end":{"line":571,"column":9}},"244":{"start":{"line":573,"column":4},"end":{"line":578,"column":5}},"245":{"start":{"line":574,"column":6},"end":{"line":577,"column":9}},"246":{"start":{"line":580,"column":4},"end":{"line":584,"column":7}},"247":{"start":{"line":590,"column":0},"end":{"line":616,"column":3}},"248":{"start":{"line":591,"column":2},"end":{"line":615,"column":3}},"249":{"start":{"line":592,"column":39},"end":{"line":592,"column":53}},"250":{"start":{"line":593,"column":4},"end":{"line":593,"column":117}},"251":{"start":{"line":593,"column":36},"end":{"line":593,"column":117}},"252":{"start":{"line":595,"column":19},"end":{"line":599,"column":5}},"253":{"start":{"line":600,"column":23},"end":{"line":600,"column":52}},"254":{"start":{"line":601,"column":4},"end":{"line":601,"column":67}},"255":{"start":{"line":601,"column":20},"end":{"line":601,"column":67}},"256":{"start":{"line":603,"column":14},"end":{"line":603,"column":71}},"257":{"start":{"line":604,"column":4},"end":{"line":611,"column":7}},"258":{"start":{"line":613,"column":4},"end":{"line":613,"column":82}},"259":{"start":{"line":614,"column":4},"end":{"line":614,"column":112}},"260":{"start":{"line":618,"column":0},"end":{"line":629,"column":3}},"261":{"start":{"line":619,"column":2},"end":{"line":628,"column":3}},"262":{"start":{"line":620,"column":28},"end":{"line":620,"column":42}},"263":{"start":{"line":621,"column":4},"end":{"line":621,"column":89}},"264":{"start":{"line":621,"column":22},"end":{"line":621,"column":89}},"265":{"start":{"line":623,"column":4},"end":{"line":623,"column":85}},"266":{"start":{"line":624,"column":4},"end":{"line":624,"column":75}},"267":{"start":{"line":626,"column":4},"end":{"line":626,"column":82}},"268":{"start":{"line":627,"column":4},"end":{"line":627,"column":106}},"269":{"start":{"line":633,"column":0},"end":{"line":641,"column":3}},"270":{"start":{"line":634,"column":2},"end":{"line":640,"column":3}},"271":{"start":{"line":636,"column":4},"end":{"line":636,"column":115}},"272":{"start":{"line":638,"column":4},"end":{"line":638,"column":90}},"273":{"start":{"line":639,"column":4},"end":{"line":639,"column":119}},"274":{"start":{"line":646,"column":0},"end":{"line":708,"column":3}},"275":{"start":{"line":647,"column":2},"end":{"line":707,"column":3}},"276":{"start":{"line":648,"column":62},"end":{"line":648,"column":76}},"277":{"start":{"line":650,"column":4},"end":{"line":654,"column":5}},"278":{"start":{"line":651,"column":6},"end":{"line":653,"column":9}},"279":{"start":{"line":656,"column":4},"end":{"line":656,"column":53}},"280":{"start":{"line":657,"column":4},"end":{"line":657,"column":62}},"281":{"start":{"line":658,"column":4},"end":{"line":658,"column":39}},"282":{"start":{"line":659,"column":4},"end":{"line":659,"column":35}},"283":{"start":{"line":662,"column":18},"end":{"line":662,"column":99}},"284":{"start":{"line":664,"column":4},"end":{"line":664,"column":75}},"285":{"start":{"line":665,"column":4},"end":{"line":665,"column":62}},"286":{"start":{"line":668,"column":24},"end":{"line":668,"column":52}},"287":{"start":{"line":669,"column":20},"end":{"line":669,"column":145}},"288":{"start":{"line":670,"column":19},"end":{"line":670,"column":50}},"289":{"start":{"line":672,"column":4},"end":{"line":672,"column":61}},"290":{"start":{"line":673,"column":4},"end":{"line":673,"column":63}},"291":{"start":{"line":674,"column":4},"end":{"line":674,"column":42}},"292":{"start":{"line":676,"column":4},"end":{"line":698,"column":7}},"293":{"start":{"line":700,"column":4},"end":{"line":700,"column":100}},"294":{"start":{"line":701,"column":4},"end":{"line":706,"column":7}},"295":{"start":{"line":711,"column":0},"end":{"line":749,"column":3}},"296":{"start":{"line":712,"column":2},"end":{"line":748,"column":3}},"297":{"start":{"line":713,"column":21},"end":{"line":713,"column":31}},"298":{"start":{"line":716,"column":24},"end":{"line":716,"column":69}},"299":{"start":{"line":719,"column":26},"end":{"line":719,"column":61}},"300":{"start":{"line":720,"column":22},"end":{"line":720,"column":73}},"301":{"start":{"line":721,"column":25},"end":{"line":721,"column":59}},"302":{"start":{"line":723,"column":4},"end":{"line":740,"column":7}},"303":{"start":{"line":742,"column":4},"end":{"line":742,"column":52}},"304":{"start":{"line":743,"column":4},"end":{"line":747,"column":7}}},"fnMap":{"0":{"name":"calculateSecretHash","decl":{"start":{"line":55,"column":9},"end":{"line":55,"column":28}},"loc":{"start":{"line":55,"column":39},"end":{"line":60,"column":1}},"line":55},"1":{"name":"maskTokens","decl":{"start":{"line":62,"column":9},"end":{"line":62,"column":19}},"loc":{"start":{"line":62,"column":25},"end":{"line":72,"column":1}},"line":62},"2":{"name":"(anonymous_2)","decl":{"start":{"line":65,"column":15},"end":{"line":65,"column":16}},"loc":{"start":{"line":65,"column":21},"end":{"line":65,"column":93}},"line":65},"3":{"name":"(anonymous_3)","decl":{"start":{"line":67,"column":53},"end":{"line":67,"column":54}},"loc":{"start":{"line":67,"column":58},"end":{"line":69,"column":5}},"line":67},"4":{"name":"(anonymous_4)","decl":{"start":{"line":77,"column":22},"end":{"line":77,"column":23}},"loc":{"start":{"line":77,"column":42},"end":{"line":131,"column":1}},"line":77},"5":{"name":"(anonymous_5)","decl":{"start":{"line":134,"column":31},"end":{"line":134,"column":32}},"loc":{"start":{"line":134,"column":51},"end":{"line":167,"column":1}},"line":134},"6":{"name":"(anonymous_6)","decl":{"start":{"line":170,"column":37},"end":{"line":170,"column":38}},"loc":{"start":{"line":170,"column":57},"end":{"line":227,"column":1}},"line":170},"7":{"name":"(anonymous_7)","decl":{"start":{"line":232,"column":46},"end":{"line":232,"column":47}},"loc":{"start":{"line":232,"column":66},"end":{"line":249,"column":1}},"line":232},"8":{"name":"(anonymous_8)","decl":{"start":{"line":252,"column":47},"end":{"line":252,"column":48}},"loc":{"start":{"line":252,"column":67},"end":{"line":288,"column":1}},"line":252},"9":{"name":"(anonymous_9)","decl":{"start":{"line":292,"column":36},"end":{"line":292,"column":37}},"loc":{"start":{"line":292,"column":56},"end":{"line":309,"column":1}},"line":292},"10":{"name":"(anonymous_10)","decl":{"start":{"line":311,"column":37},"end":{"line":311,"column":38}},"loc":{"start":{"line":311,"column":57},"end":{"line":333,"column":1}},"line":311},"11":{"name":"(anonymous_11)","decl":{"start":{"line":337,"column":31},"end":{"line":337,"column":32}},"loc":{"start":{"line":337,"column":51},"end":{"line":356,"column":1}},"line":337},"12":{"name":"(anonymous_12)","decl":{"start":{"line":360,"column":23},"end":{"line":360,"column":24}},"loc":{"start":{"line":360,"column":43},"end":{"line":404,"column":1}},"line":360},"13":{"name":"(anonymous_13)","decl":{"start":{"line":406,"column":31},"end":{"line":406,"column":32}},"loc":{"start":{"line":406,"column":51},"end":{"line":430,"column":1}},"line":406},"14":{"name":"(anonymous_14)","decl":{"start":{"line":434,"column":32},"end":{"line":434,"column":33}},"loc":{"start":{"line":434,"column":52},"end":{"line":449,"column":1}},"line":434},"15":{"name":"(anonymous_15)","decl":{"start":{"line":451,"column":40},"end":{"line":451,"column":41}},"loc":{"start":{"line":451,"column":60},"end":{"line":473,"column":1}},"line":451},"16":{"name":"(anonymous_16)","decl":{"start":{"line":477,"column":32},"end":{"line":477,"column":33}},"loc":{"start":{"line":477,"column":52},"end":{"line":586,"column":1}},"line":477},"17":{"name":"(anonymous_17)","decl":{"start":{"line":590,"column":24},"end":{"line":590,"column":25}},"loc":{"start":{"line":590,"column":44},"end":{"line":616,"column":1}},"line":590},"18":{"name":"(anonymous_18)","decl":{"start":{"line":618,"column":24},"end":{"line":618,"column":25}},"loc":{"start":{"line":618,"column":44},"end":{"line":629,"column":1}},"line":618},"19":{"name":"(anonymous_19)","decl":{"start":{"line":633,"column":31},"end":{"line":633,"column":32}},"loc":{"start":{"line":633,"column":51},"end":{"line":641,"column":1}},"line":633},"20":{"name":"(anonymous_20)","decl":{"start":{"line":646,"column":42},"end":{"line":646,"column":43}},"loc":{"start":{"line":646,"column":62},"end":{"line":708,"column":1}},"line":646},"21":{"name":"(anonymous_21)","decl":{"start":{"line":711,"column":38},"end":{"line":711,"column":39}},"loc":{"start":{"line":711,"column":58},"end":{"line":749,"column":1}},"line":711}},"branchMap":{"0":{"loc":{"start":{"line":32,"column":16},"end":{"line":32,"column":69}},"type":"binary-expr","locations":[{"start":{"line":32,"column":16},"end":{"line":32,"column":61}},{"start":{"line":32,"column":65},"end":{"line":32,"column":69}}],"line":32},"1":{"loc":{"start":{"line":38,"column":15},"end":{"line":43,"column":15}},"type":"cond-expr","locations":[{"start":{"line":39,"column":6},"end":{"line":42,"column":7}},{"start":{"line":43,"column":6},"end":{"line":43,"column":15}}],"line":38},"2":{"loc":{"start":{"line":38,"column":16},"end":{"line":38,"column":82}},"type":"binary-expr","locations":[{"start":{"line":38,"column":16},"end":{"line":38,"column":45}},{"start":{"line":38,"column":49},"end":{"line":38,"column":82}}],"line":38},"3":{"loc":{"start":{"line":56,"column":2},"end":{"line":56,"column":53}},"type":"if","locations":[{"start":{"line":56,"column":2},"end":{"line":56,"column":53}},{"start":{},"end":{}}],"line":56},"4":{"loc":{"start":{"line":63,"column":2},"end":{"line":63,"column":50}},"type":"if","locations":[{"start":{"line":63,"column":2},"end":{"line":63,"column":50}},{"start":{},"end":{}}],"line":63},"5":{"loc":{"start":{"line":63,"column":6},"end":{"line":63,"column":37}},"type":"binary-expr","locations":[{"start":{"line":63,"column":6},"end":{"line":63,"column":10}},{"start":{"line":63,"column":14},"end":{"line":63,"column":37}}],"line":63},"6":{"loc":{"start":{"line":65,"column":21},"end":{"line":65,"column":93}},"type":"cond-expr","locations":[{"start":{"line":65,"column":62},"end":{"line":65,"column":89}},{"start":{"line":65,"column":92},"end":{"line":65,"column":93}}],"line":65},"7":{"loc":{"start":{"line":65,"column":21},"end":{"line":65,"column":59}},"type":"binary-expr","locations":[{"start":{"line":65,"column":21},"end":{"line":65,"column":42}},{"start":{"line":65,"column":46},"end":{"line":65,"column":59}}],"line":65},"8":{"loc":{"start":{"line":66,"column":2},"end":{"line":70,"column":3}},"type":"if","locations":[{"start":{"line":66,"column":2},"end":{"line":70,"column":3}},{"start":{},"end":{}}],"line":66},"9":{"loc":{"start":{"line":68,"column":6},"end":{"line":68,"column":109}},"type":"if","locations":[{"start":{"line":68,"column":6},"end":{"line":68,"column":109}},{"start":{},"end":{}}],"line":68},"10":{"loc":{"start":{"line":79,"column":35},"end":{"line":79,"column":49}},"type":"binary-expr","locations":[{"start":{"line":79,"column":35},"end":{"line":79,"column":43}},{"start":{"line":79,"column":47},"end":{"line":79,"column":49}}],"line":79},"11":{"loc":{"start":{"line":80,"column":4},"end":{"line":80,"column":109}},"type":"if","locations":[{"start":{"line":80,"column":4},"end":{"line":80,"column":109}},{"start":{},"end":{}}],"line":80},"12":{"loc":{"start":{"line":80,"column":8},"end":{"line":80,"column":30}},"type":"binary-expr","locations":[{"start":{"line":80,"column":8},"end":{"line":80,"column":17}},{"start":{"line":80,"column":21},"end":{"line":80,"column":30}}],"line":80},"13":{"loc":{"start":{"line":88,"column":4},"end":{"line":88,"column":67}},"type":"if","locations":[{"start":{"line":88,"column":4},"end":{"line":88,"column":67}},{"start":{},"end":{}}],"line":88},"14":{"loc":{"start":{"line":92,"column":4},"end":{"line":105,"column":5}},"type":"switch","locations":[{"start":{"line":93,"column":6},"end":{"line":94,"column":113}},{"start":{"line":95,"column":6},"end":{"line":96,"column":121}},{"start":{"line":97,"column":6},"end":{"line":98,"column":109}},{"start":{"line":99,"column":6},"end":{"line":100,"column":128}},{"start":{"line":101,"column":6},"end":{"line":102,"column":132}},{"start":{"line":103,"column":6},"end":{"line":104,"column":14}}],"line":92},"15":{"loc":{"start":{"line":120,"column":4},"end":{"line":122,"column":5}},"type":"if","locations":[{"start":{"line":120,"column":4},"end":{"line":122,"column":5}},{"start":{},"end":{}}],"line":120},"16":{"loc":{"start":{"line":123,"column":4},"end":{"line":125,"column":5}},"type":"if","locations":[{"start":{"line":123,"column":4},"end":{"line":125,"column":5}},{"start":{},"end":{}}],"line":123},"17":{"loc":{"start":{"line":126,"column":4},"end":{"line":128,"column":5}},"type":"if","locations":[{"start":{"line":126,"column":4},"end":{"line":128,"column":5}},{"start":{},"end":{}}],"line":126},"18":{"loc":{"start":{"line":136,"column":55},"end":{"line":136,"column":69}},"type":"binary-expr","locations":[{"start":{"line":136,"column":55},"end":{"line":136,"column":63}},{"start":{"line":136,"column":67},"end":{"line":136,"column":69}}],"line":136},"19":{"loc":{"start":{"line":137,"column":4},"end":{"line":137,"column":123}},"type":"if","locations":[{"start":{"line":137,"column":4},"end":{"line":137,"column":123}},{"start":{},"end":{}}],"line":137},"20":{"loc":{"start":{"line":137,"column":8},"end":{"line":137,"column":38}},"type":"binary-expr","locations":[{"start":{"line":137,"column":8},"end":{"line":137,"column":16}},{"start":{"line":137,"column":20},"end":{"line":137,"column":25}},{"start":{"line":137,"column":29},"end":{"line":137,"column":38}}],"line":137},"21":{"loc":{"start":{"line":139,"column":17},"end":{"line":139,"column":54}},"type":"binary-expr","locations":[{"start":{"line":139,"column":17},"end":{"line":139,"column":30}},{"start":{"line":139,"column":34},"end":{"line":139,"column":54}}],"line":139},"22":{"loc":{"start":{"line":141,"column":4},"end":{"line":141,"column":89}},"type":"if","locations":[{"start":{"line":141,"column":4},"end":{"line":141,"column":89}},{"start":{},"end":{}}],"line":141},"23":{"loc":{"start":{"line":142,"column":4},"end":{"line":142,"column":67}},"type":"if","locations":[{"start":{"line":142,"column":4},"end":{"line":142,"column":67}},{"start":{},"end":{}}],"line":142},"24":{"loc":{"start":{"line":145,"column":4},"end":{"line":145,"column":64}},"type":"if","locations":[{"start":{"line":145,"column":4},"end":{"line":145,"column":64}},{"start":{},"end":{}}],"line":145},"25":{"loc":{"start":{"line":172,"column":73},"end":{"line":172,"column":87}},"type":"binary-expr","locations":[{"start":{"line":172,"column":73},"end":{"line":172,"column":81}},{"start":{"line":172,"column":85
[...]
4":1,"145":2,"146":1,"147":0,"148":0,"149":7,"150":0,"151":0,"152":0,"153":0,"154":0,"155":0,"156":0,"157":0,"158":0,"159":0,"160":0,"161":0,"162":0,"163":0,"164":0,"165":0,"166":7,"167":0,"168":0,"169":0,"170":0,"171":0,"172":0,"173":0,"174":0,"175":0,"176":0,"177":0,"178":0,"179":0,"180":0,"181":0,"182":7,"183":1,"184":1,"185":1,"186":1,"187":1,"188":0,"189":1,"190":2,"191":1,"192":1,"193":1,"194":1,"195":1,"196":0,"197":1,"198":2,"199":1,"200":0,"201":0,"202":7,"203":0,"204":0,"205":0,"206":0,"207":0,"208":0,"209":0,"210":0,"211":0,"212":0,"213":0,"214":0,"215":0,"216":0,"217":0,"218":0,"219":0,"220":0,"221":0,"222":7,"223":1,"224":1,"225":1,"226":0,"227":1,"228":1,"229":1,"230":1,"231":1,"232":1,"233":0,"234":0,"235":0,"236":0,"237":0,"238":0,"239":0,"240":0,"241":1,"242":0,"243":0,"244":0,"245":0,"246":7,"247":0,"248":0,"249":0,"250":0,"251":0,"252":0,"253":0,"254":0,"255":0,"256":7,"257":0,"258":0,"259":0,"260":0,"261":0,"262":0,"263":0,"264":0,"265":7,"266":0,"267":0,"268":0,"269":0,"270":0,"271":0,"272":0,"273":7,"274":1,"275":1,"276":1,"277":1,"278":1,"279":0,"280":1,"281":1,"282":1,"283":1,"284":1,"285":1,"286":1,"287":0,"288":0,"289":0,"290":1,"291":0,"292":1,"293":1,"294":1,"295":0,"296":0,"297":0,"298":1,"299":1,"300":1,"301":1,"302":0,"303":0,"304":0,"305":0,"306":0,"307":0,"308":0,"309":0,"310":0,"311":0,"312":0,"313":0,"314":0,"315":0,"316":0,"317":0,"318":0,"319":0,"320":7,"321":0,"322":0,"323":0,"324":0,"325":0,"326":0,"327":0,"328":0,"329":0,"330":0,"331":0,"332":0,"333":0,"334":0,"335":0,"336":0,"337":0,"338":0,"339":0,"340":0,"341":0,"342":0,"343":0,"344":0,"345":0,"346":0,"347":0,"348":0,"349":0,"350":0,"351":0,"352":0,"353":0,"354":0,"355":0,"356":0,"357":0,"358":0,"359":0,"360":0,"361":0,"362":0,"363":0,"364":0,"365":0,"366":0,"367":0,"368":0,"369":0,"370":0,"371":0,"372":0,"373":0,"374":0,"375":0,"376":0,"377":0,"378":0,"379":0,"380":0,"381":0,"382":0,"383":0,"384":0,"385":0,"386":0,"387":0,"388":0,"389":0,"390":0,"391":0,"392":0,"393":0,"394":0,"395":0,"396":0,"397":0,"398":0,"399":0,"400":0,"401":0,"402":0,"403":0,"404":0,"405":0,"406":0,"407":0,"408":0,"409":0,"410":0,"411":0,"412":0,"413":0,"414":0,"415":0,"416":0,"417":0,"418":0,"419":0,"420":0,"421":0,"422":0,"423":0,"424":0,"425":0,"426":0,"427":0,"428":0,"429":0,"430":0,"431":0,"432":0,"433":0,"434":0,"435":0,"436":7,"437":0,"438":0,"439":0,"440":0,"441":0,"442":0,"443":0,"444":0,"445":0,"446":0,"447":0,"448":0,"449":0,"450":0,"451":0,"452":0,"453":0,"454":0,"455":0,"456":0,"457":0,"458":0,"459":0,"460":0,"461":0,"462":0,"463":7,"464":0,"465":0,"466":0,"467":0,"468":0,"469":0,"470":0,"471":0,"472":0,"473":0,"474":0,"475":0,"476":0},"f":{"0":0,"1":8,"2":0,"3":0,"4":0,"5":0,"6":0,"7":1,"8":0,"9":0,"10":1,"11":1,"12":2,"13":0,"14":0,"15":0,"16":1,"17":2,"18":2,"19":0,"20":0,"21":0,"22":1,"23":0,"24":0,"25":0,"26":0,"27":0,"28":1,"29":1,"30":0,"31":0,"32":0,"33":0,"34":0,"35":0,"36":0,"37":0,"38":0,"39":0,"40":0,"41":0,"42":0,"43":0,"44":0,"45":0,"46":0,"47":0,"48":0,"49":0,"50":0,"51":0,"52":0,"53":0,"54":0},"b":{"0":[0,0],"1":[0,0],"2":[0,0],"3":[0,0],"4":[1],"5":[3],"6":[5],"7":[5],"8":[8],"9":[8],"10":[0,8],"11":[8,0],"12":[3,5],"13":[0,8],"14":[3,5],"15":[0,0],"16":[0,0],"17":[0],"18":[0,0],"19":[0,0],"20":[0,0],"21":[0,0],"22":[0,0],"23":[0,0],"24":[0,0],"25":[0,0],"26":[0,0],"27":[0],"28":[1,0],"29":[0,0],"30":[1,0],"31":[1,0],"32":[1,0],"33":[1,1],"34":[1,0],"35":[1,1],"36":[1,0],"37":[1,1],"38":[0,0],"39":[0,0],"40":[0,0],"41":[0,1],"42":[1,0],"43":[0,1],"44":[1,1],"45":[0,0],"46":[0,0],"47":[0,0],"48":[0,0],"49":[0,0],"50":[0,0],"51":[0,0],"52":[0,0],"53":[0,0],"54":[0,0],"55":[0,0],"56":[0,0],"57":[0,0],"58":[0,1],"59":[1,1,1],"60":[1,0],"61":[0,1],"62":[1,1],"63":[0,0],"64":[0,0],"65":[0,0],"66":[0,0,0],"67":[0,0],"68":[0,0],"69":[0,0],"70":[0,0],"71":[0,0],"72":[0,0],"73":[0,1],"74":[0,1],"75":[1,1],"76":[0,0],"77":[0,0],"78":[0,0],"79":[0,0],"80":[1,0],"81":[0,0],"82":[0,0],"83":[0,0],"84":[0,0],"85":[0,0],"86":[0,0],"87":[0,0],"88":[0,1],"89":[1,1],"90":[1,1],"91":[1,1],"92":[0,1],"93":[0,0],"94":[0,0],"95":[0,1],"96":[0,1],"97":[0,0],"98":[0,0],"99":[1,1],"100":[1,0],"101":[0,0],"102":[0,0],"103":[0,0],"104":[0,0],"105":[0,0],"106":[0,0],"107":[0,0],"108":[0,0],"109":[0,0],"110":[0,0],"111":[0,0],"112":[0,0],"113":[0,0],"114":[0,0],"115":[0,0],"116":[0,0],"117":[0,0],"118":[0,0],"119":[0,0],"120":[0,0],"121":[0,0],"122":[0,0],"123":[0,0],"124":[0,0],"125":[0,0],"126":[0,0],"127":[0,0],"128":[0,0],"129":[0,0],"130":[0,0],"131":[0,0],"132":[0,0],"133":[0,0],"134":[0,0],"135":[0,0],"136":[0,0],"137":[0,0],"138":[0,0],"139":[0,0],"140":[0,0],"141":[0,0],"142":[0,0],"143":[0,0],"144":[0,0],"145":[0,0],"146":[0,0],"147":[0,0],"148":[0,0],"149":[0,0],"150":[0,0],"151":[0,0],"152":[0,0],"153":[0,0],"154":[0,0],"155":[0,0],"156":[0,0],"157":[0,0],"158":[0,0],"159":[0,0],"160":[0,0],"161":[0,0],"162":[0,0],"163":[0,0],"164":[0,0],"165":[0,0],"166":[0,0],"167":[0,0],"168":[0,0],"169":[0,0],"170":[0,0],"171":[0,0],"172":[0,0],"173":[0,0],"174":[0,0],"175":[0,0],"176":[0,0],"177":[0,0],"178":[0,0],"179":[0,0],"180":[0,0],"181":[0,0],"182":[0,0],"183":[0,0],"184":[0,0],"185":[0,0],"186":[0,0],"187":[0,0],"188":[0,0],"189":[0,0],"190":[0,0],"191":[0,0],"192":[0,0],"193":[0,0],"194":[0,0],"195":[0,0],"196":[0,0],"197":[0,0],"198":[0,0],"199":[0,0],"200":[0,0,0],"201":[0,0,0],"202":[0,0],"203":[0,0],"204":[0,0],"205":[0,0],"206":[0,0],"207":[0,0],"208":[0,0],"209":[0,0],"210":[0,0],"211":[0,0],"212":[0,0],"213":[0,0],"214":[0,0],"215":[0,0],"216":[0,0],"217":[0,0],"218":[0,0],"219":[0,0],"220":[0,0],"221":[0,0]},"inputSourceMap":null,"_coverageSchema":"1a1c01bbd47fc00a2c39e90264f33305004495a9","hash":"c95aac6eced3bfc4389db755fb4547eab738ab23"}
,"/Users/guesttt/Documents/backend/src/scheduler/cron.js": {"path":"/Users/guesttt/Documents/backend/src/scheduler/cron.js","statementMap":{"0":{"start":{"line":7,"column":15},"end":{"line":9,"column":2}},"1":{"start":{"line":11,"column":15},"end":{"line":133,"column":2}},"2":{"start":{"line":134,"column":18},"end":{"line":134,"column":29}},"3":{"start":{"line":137,"column":33},"end":{"line":264,"column":1}},"4":{"start":{"line":138,"column":20},"end":{"line":138,"column":97}},"5":{"start":{"line":140,"column":2},"end":{"line":263,"column":3}},"6":{"start":{"line":141,"column":1},"end":{"line":262,"column":2}},"7":{"start":{"line":142,"column":2},"end":{"line":142,"column":35}},"8":{"start":{"line":142,"column":26},"end":{"line":142,"column":35}},"9":{"start":{"line":144,"column":37},"end":{"line":144,"column":54}},"10":{"start":{"line":145,"column":2},"end":{"line":145,"column":58}},"11":{"start":{"line":148,"column":25},"end":{"line":148,"column":63}},"12":{"start":{"line":151,"column":21},"end":{"line":151,"column":76}},"13":{"start":{"line":152,"column":19},"end":{"line":152,"column":89}},"14":{"start":{"line":155,"column":21},"end":{"line":172,"column":4}},"15":{"start":{"line":174,"column":19},"end":{"line":174,"column":66}},"16":{"start":{"line":175,"column":2},"end":{"line":175,"column":61}},"17":{"start":{"line":178,"column":2},"end":{"line":179,"column":24}},"18":{"start":{"line":178,"column":8},"end":{"line":178,"column":40}},"19":{"start":{"line":179,"column":10},"end":{"line":179,"column":22}},"20":{"start":{"line":181,"column":16},"end":{"line":191,"column":3}},"21":{"start":{"line":192,"column":19},"end":{"line":192,"column":94}},"22":{"start":{"line":194,"column":27},"end":{"line":194,"column":48}},"23":{"start":{"line":195,"column":19},"end":{"line":195,"column":55}},"24":{"start":{"line":196,"column":20},"end":{"line":199,"column":8}},"25":{"start":{"line":196,"column":41},"end":{"line":199,"column":3}},"26":{"start":{"line":201,"column":20},"end":{"line":201,"column":69}},"27":{"start":{"line":203,"column":2},"end":{"line":210,"column":3}},"28":{"start":{"line":204,"column":3},"end":{"line":208,"column":27}},"29":{"start":{"line":209,"column":3},"end":{"line":209,"column":12}},"30":{"start":{"line":212,"column":2},"end":{"line":224,"column":3}},"31":{"start":{"line":213,"column":18},"end":{"line":213,"column":71}},"32":{"start":{"line":214,"column":3},"end":{"line":223,"column":4}},"33":{"start":{"line":214,"column":15},"end":{"line":214,"column":46}},"34":{"start":{"line":216,"column":4},"end":{"line":220,"column":28}},"35":{"start":{"line":221,"column":4},"end":{"line":221,"column":94}},"36":{"start":{"line":222,"column":4},"end":{"line":222,"column":10}},"37":{"start":{"line":226,"column":2},"end":{"line":226,"column":36}},"38":{"start":{"line":226,"column":27},"end":{"line":226,"column":36}},"39":{"start":{"line":228,"column":19},"end":{"line":228,"column":98}},"40":{"start":{"line":230,"column":25},"end":{"line":230,"column":54}},"41":{"start":{"line":231,"column":2},"end":{"line":231,"column":41}},"42":{"start":{"line":232,"column":2},"end":{"line":249,"column":3}},"43":{"start":{"line":233,"column":3},"end":{"line":240,"column":4}},"44":{"start":{"line":241,"column":5},"end":{"line":241,"column":86}},"45":{"start":{"line":242,"column":3},"end":{"line":242,"column":120}},"46":{"start":{"line":243,"column":3},"end":{"line":243,"column":146}},"47":{"start":{"line":245,"column":5},"end":{"line":245,"column":71}},"48":{"start":{"line":246,"column":3},"end":{"line":246,"column":117}},"49":{"start":{"line":247,"column":3},"end":{"line":247,"column":143}},"50":{"start":{"line":251,"column":3},"end":{"line":251,"column":76}},"51":{"start":{"line":252,"column":3},"end":{"line":259,"column":6}},"52":{"start":{"line":260,"column":3},"end":{"line":260,"column":112}},"53":{"start":{"line":261,"column":3},"end":{"line":261,"column":12}},"54":{"start":{"line":268,"column":30},"end":{"line":282,"column":1}},"55":{"start":{"line":269,"column":1},"end":{"line":269,"column":41}},"56":{"start":{"line":270,"column":21},"end":{"line":277,"column":2}},"57":{"start":{"line":271,"column":2},"end":{"line":271,"column":71}},"58":{"start":{"line":272,"column":2},"end":{"line":276,"column":3}},"59":{"start":{"line":273,"column":2},"end":{"line":273,"column":35}},"60":{"start":{"line":275,"column":2},"end":{"line":275,"column":36}},"61":{"start":{"line":280,"column":1},"end":{"line":280,"column":44}}},"fnMap":{"0":{"name":"(anonymous_0)","decl":{"start":{"line":137,"column":33},"end":{"line":137,"column":34}},"loc":{"start":{"line":137,"column":45},"end":{"line":264,"column":1}},"line":137},"1":{"name":"(anonymous_1)","decl":{"start":{"line":196,"column":33},"end":{"line":196,"column":34}},"loc":{"start":{"line":196,"column":41},"end":{"line":199,"column":3}},"line":196},"2":{"name":"(anonymous_2)","decl":{"start":{"line":268,"column":30},"end":{"line":268,"column":31}},"loc":{"start":{"line":268,"column":36},"end":{"line":282,"column":1}},"line":268},"3":{"name":"(anonymous_3)","decl":{"start":{"line":270,"column":21},"end":{"line":270,"column":22}},"loc":{"start":{"line":270,"column":33},"end":{"line":277,"column":2}},"line":270}},"branchMap":{"0":{"loc":{"start":{"line":142,"column":2},"end":{"line":142,"column":35}},"type":"if","locations":[{"start":{"line":142,"column":2},"end":{"line":142,"column":35}},{"start":{},"end":{}}],"line":142},"1":{"loc":{"start":{"line":163,"column":14},"end":{"line":163,"column":43}},"type":"binary-expr","locations":[{"start":{"line":163,"column":14},"end":{"line":163,"column":30}},{"start":{"line":163,"column":34},"end":{"line":163,"column":43}}],"line":163},"2":{"loc":{"start":{"line":174,"column":19},"end":{"line":174,"column":66}},"type":"binary-expr","locations":[{"start":{"line":174,"column":19},"end":{"line":174,"column":58}},{"start":{"line":174,"column":62},"end":{"line":174,"column":66}}],"line":174},"3":{"loc":{"start":{"line":184,"column":12},"end":{"line":184,"column":28}},"type":"binary-expr","locations":[{"start":{"line":184,"column":12},"end":{"line":184,"column":20}},{"start":{"line":184,"column":24},"end":{"line":184,"column":28}}],"line":184},"4":{"loc":{"start":{"line":185,"column":15},"end":{"line":185,"column":33}},"type":"binary-expr","locations":[{"start":{"line":185,"column":15},"end":{"line":185,"column":25}},{"start":{"line":185,"column":29},"end":{"line":185,"column":33}}],"line":185},"5":{"loc":{"start":{"line":186,"column":19},"end":{"line":186,"column":49}},"type":"binary-expr","locations":[{"start":{"line":186,"column":19},"end":{"line":186,"column":41}},{"start":{"line":186,"column":45},"end":{"line":186,"column":49}}],"line":186},"6":{"loc":{"start":{"line":187,"column":13},"end":{"line":187,"column":37}},"type":"binary-expr","locations":[{"start":{"line":187,"column":13},"end":{"line":187,"column":29}},{"start":{"line":187,"column":33},"end":{"line":187,"column":37}}],"line":187},"7":{"loc":{"start":{"line":188,"column":15},"end":{"line":188,"column":41}},"type":"binary-expr","locations":[{"start":{"line":188,"column":15},"end":{"line":188,"column":33}},{"start":{"line":188,"column":37},"end":{"line":188,"column":41}}],"line":188},"8":{"loc":{"start":{"line":189,"column":14},"end":{"line":189,"column":39}},"type":"binary-expr","locations":[{"start":{"line":189,"column":14},"end":{"line":189,"column":31}},{"start":{"line":189,"column":35},"end":{"line":189,"column":39}}],"line":189},"9":{"loc":{"start":{"line":198,"column":13},"end":{"line":198,"column":87}},"type":"binary-expr","locations":[{"start":{"line":198,"column":13},"end":{"line":198,"column":79}},{"start":{"line":198,"column":83},"end":{"line":198,"column":87}}],"line":198},"10":{"loc":{"start":{"line":203,"column":2},"end":{"line":210,"column":3}},"type":"if","locations":[{"start":{"line":203,"column":2},"end":{"line":210,"column":3}},{"start":{},"end":{}}],"line":203},"11":{"loc":{"start":{"line":203,"column":6},"end":{"line":203,"column":42}},"type":"binary-expr","locations":[{"start":{"line":203,"column":6},"end":{"line":203,"column":16}},{"start":{"line":203,"column":20},"end":{"line":203,"column":42}}],"line":203},"12":{"loc":{"start":{"line":214,"column":3},"end":{"line":223,"column":4}},"type":"if","locations":[{"start":{"line":214,"column":3},"end":{"line":223,"column":4}},{"start":{"line":215,"column":8},"end":{"line":223,"column":4}}],"line":214},"13":{"loc":{"start":{"line":226,"column":2},"end":{"line":226,"column":36}},"type":"if","locations":[{"start":{"line":226,"column":2},"end":{"line":226,"column":36}},{"start":{},"end":{}}],"line":226},"14":{"loc":{"start":{"line":232,"column":2},"end":{"line":249,"column":3}},"type":"if","locations":[{"start":{"line":232,"column":2},"end":{"line":249,"column":3}},{"start":{"line":244,"column":9},"end":{"line":249,"column":3}}],"line":232},"15":{"loc":{"start":{"line":232,"column":5},"end":{"line":232,"column":31}},"type":"binary-expr","locations":[{"start":{"line":232,"column":5},"end":{"line":232,"column":13}},{"start":{"line":232,"column":17},"end":{"line":232,"column":31}}],"line":232}},"s":{"0":6,"1":6,"2":6,"3":6,"4":0,"5":0,"6":0,"7":0,"8":0,"9":0,"10":0,"11":0,"12":0,"13":0,"14":0,"15":0,"16":0,"17":0,"18":0,"19":0,"20":0,"21":0,"22":0,"23":0,"24":0,"25":0,"26":0,"27":0,"28":0,"29":0,"30":0,"31":0,"32":0,"33":0,"34":0,"35":0,"36":0,"37":0,"38":0,"39":0,"40":0,"41":0,"42":0,"43":0,"44":0,"45":0,"46":0,"47":0,"48":0,"49":0,"50":0,"51":0,"52":0,"53":0,"54":6,"55":0,"56":0,"57":0,"58":0,"59":0,"60":0,"61":0},"f":{"0":0,"1":0,"2":0,"3":0},"b":{"0":[0,0],"1":[0,0],"2":[0,0],"3":[0,0],"4":[0,0],"5":[0,0],"6":[0,0],"7":[0,0],"8":[0,0],"9":[0,0],"10":[0,0],"11":[0,0],"12":[0,0],"13":[0,0],"14":[0,0],"15":[0,0]},"inputSourceMap":null,"_coverageSchema":"1a1c01bbd47fc00a2c39e90264f33305004495a9","hash":"2729400a8b9bec1006f6f5b5953a6e6309c5e471"}
,"/Users/guesttt/Documents/backend/src/utils/mailer.js": {"path":"/Users/guesttt/Documents/backend/src/utils/mailer.js","statementMap":{"0":{"start":{"line":4,"column":0},"end":{"line":4,"column":16}},"1":{"start":{"line":6,"column":20},"end":{"line":14,"column":2}},"2":{"start":{"line":26,"column":24},"end":{"line":34,"column":1}},"3":{"start":{"line":27,"column":2},"end":{"line":33,"column":5}}},"fnMap":{"0":{"name":"(anonymous_0)","decl":{"start":{"line":26,"column":24},"end":{"line":26,"column":25}},"loc":{"start":{"line":26,"column":63},"end":{"line":34,"column":1}},"line":26}},"branchMap":{},"s":{"0":5,"1":5,"2":5,"3":0},"f":{"0":0},"b":{},"inputSourceMap":null,"_coverageSchema":"1a1c01bbd47fc00a2c39e90264f33305004495a9","hash":"d529928feb01b21cb0c9308e233563624b057e60"}
,"/Users/guesttt/Documents/backend/src/utils/pgHelpers.js": {"path":"/Users/guesttt/Documents/backend/src/utils/pgHelpers.js","statementMap":{"0":{"start":{"line":4,"column":17},"end":{"line":64,"column":1}},"1":{"start":{"line":11,"column":18},"end":{"line":11,"column":72}},"2":{"start":{"line":12,"column":4},"end":{"line":12,"column":25}},"3":{"start":{"line":19,"column":15},"end":{"line":19,"column":73}},"4":{"start":{"line":20,"column":18},"end":{"line":20,"column":63}},"5":{"start":{"line":21,"column":4},"end":{"line":21,"column":26}},"6":{"start":{"line":31,"column":15},"end":{"line":31,"column":70}},"7":{"start":{"line":32,"column":25},"end":{"line":35,"column":5}},"8":{"start":{"line":34,"column":61},"end":{"line":34,"column":88}},"9":{"start":{"line":37,"column":18},"end":{"line":37,"column":78}},"10":{"start":{"line":38,"column":4},"end":{"line":38,"column":25}},"11":{"start":{"line":47,"column":17},"end":{"line":47,"column":37}},"12":{"start":{"line":48,"column":16},"end":{"line":48,"column":40}},"13":{"start":{"line":49,"column":17},"end":{"line":49,"column":19}},"14":{"start":{"line":50,"column":4},"end":{"line":56,"column":5}},"15":{"start":{"line":51,"column":25},"end":{"line":54,"column":8}},"16":{"start":{"line":52,"column":8},"end":{"line":52,"column":32}},"17":{"start":{"line":53,"column":8},"end":{"line":53,"column":34}},"18":{"start":{"line":55,"column":6},"end":{"line":55,"column":52}},"19":{"start":{"line":57,"column":4},"end":{"line":57,"column":33}},"20":{"start":{"line":63,"column":32},"end":{"line":63,"column":53}}},"fnMap":{"0":{"name":"(anonymous_0)","decl":{"start":{"line":10,"column":10},"end":{"line":10,"column":11}},"loc":{"start":{"line":10,"column":33},"end":{"line":13,"column":3}},"line":10},"1":{"name":"(anonymous_1)","decl":{"start":{"line":18,"column":14},"end":{"line":18,"column":15}},"loc":{"start":{"line":18,"column":37},"end":{"line":22,"column":3}},"line":18},"2":{"name":"(anonymous_2)","decl":{"start":{"line":30,"column":10},"end":{"line":30,"column":11}},"loc":{"start":{"line":30,"column":44},"end":{"line":39,"column":3}},"line":30},"3":{"name":"(anonymous_3)","decl":{"start":{"line":34,"column":49},"end":{"line":34,"column":50}},"loc":{"start":{"line":34,"column":61},"end":{"line":34,"column":88}},"line":34},"4":{"name":"(anonymous_4)","decl":{"start":{"line":46,"column":10},"end":{"line":46,"column":11}},"loc":{"start":{"line":46,"column":41},"end":{"line":58,"column":3}},"line":46},"5":{"name":"(anonymous_5)","decl":{"start":{"line":51,"column":34},"end":{"line":51,"column":35}},"loc":{"start":{"line":51,"column":44},"end":{"line":54,"column":7}},"line":51},"6":{"name":"(anonymous_6)","decl":{"start":{"line":63,"column":7},"end":{"line":63,"column":8}},"loc":{"start":{"line":63,"column":32},"end":{"line":63,"column":53}},"line":63}},"branchMap":{"0":{"loc":{"start":{"line":46,"column":24},"end":{"line":46,"column":36}},"type":"default-arg","locations":[{"start":{"line":46,"column":34},"end":{"line":46,"column":36}}],"line":46},"1":{"loc":{"start":{"line":50,"column":4},"end":{"line":56,"column":5}},"type":"if","locations":[{"start":{"line":50,"column":4},"end":{"line":56,"column":5}},{"start":{},"end":{}}],"line":50}},"s":{"0":5,"1":0,"2":0,"3":0,"4":0,"5":0,"6":0,"7":0,"8":0,"9":0,"10":0,"11":0,"12":0,"13":0,"14":0,"15":0,"16":0,"17":0,"18":0,"19":0,"20":0},"f":{"0":0,"1":0,"2":0,"3":0,"4":0,"5":0,"6":0},"b":{"0":[0],"1":[0,0]},"inputSourceMap":null,"_coverageSchema":"1a1c01bbd47fc00a2c39e90264f33305004495a9","hash":"890d121b12fd01278bcae843f513966409eaa0b7"}
}
