TN:
SF:src/app.js
FN:28,(anonymous_0)
FN:40,(anonymous_1)
FN:49,(anonymous_2)
FN:106,(anonymous_3)
FNF:4
FNH:2
FNDA:36,(anonymous_0)
FNDA:1,(anonymous_1)
FNDA:0,(anonymous_2)
FNDA:0,(anonymous_3)
DA:16,6
DA:19,6
DA:28,36
DA:30,6
DA:31,0
DA:32,0
DA:33,0
DA:37,6
DA:40,6
DA:43,6
DA:44,6
DA:45,6
DA:49,6
DA:50,0
DA:94,6
DA:95,6
DA:96,6
DA:97,6
DA:98,6
DA:99,6
DA:100,6
DA:101,6
DA:102,6
DA:106,6
DA:107,0
DA:112,0
LF:26
LH:20
BRDA:30,0,0,0
BRDA:30,0,1,6
BRDA:32,1,0,0
BRDA:32,1,1,0
BRF:4
BRH:1
end_of_record
TN:
SF:src/middleware/auth.js
FN:44,(anonymous_0)
FN:51,(anonymous_1)
FN:52,(anonymous_2)
FN:59,(anonymous_3)
FN:71,(anonymous_4)
FN:106,(anonymous_5)
FN:160,(anonymous_6)
FNF:7
FNH:0
FNDA:0,(anonymous_0)
FNDA:0,(anonymous_1)
FNDA:0,(anonymous_2)
FNDA:0,(anonymous_3)
FNDA:0,(anonymous_4)
FNDA:0,(anonymous_5)
FNDA:0,(anonymous_6)
DA:6,3
DA:13,3
DA:14,3
DA:15,3
DA:19,3
DA:21,3
DA:22,3
DA:24,3
DA:34,3
DA:42,3
DA:44,3
DA:45,0
DA:47,0
DA:49,0
DA:51,0
DA:52,0
DA:54,0
DA:55,0
DA:56,0
DA:59,3
DA:61,0
DA:67,0
DA:71,3
DA:73,0
DA:74,0
DA:75,0
DA:78,0
DA:79,0
DA:83,0
DA:84,0
DA:85,0
DA:90,0
DA:91,0
DA:92,0
DA:106,3
DA:107,0
DA:109,0
DA:110,0
DA:111,0
DA:114,0
DA:115,0
DA:116,0
DA:119,0
DA:120,0
DA:121,0
DA:124,0
DA:125,0
DA:128,0
DA:131,0
DA:143,0
DA:146,0
DA:147,0
DA:149,0
DA:150,0
DA:152,0
DA:153,0
DA:155,0
DA:160,3
DA:161,0
DA:163,0
DA:164,0
DA:165,0
DA:168,0
LF:63
LH:15
BRDA:13,0,0,3
BRDA:13,0,1,3
BRDA:14,1,0,3
BRDA:14,1,1,3
BRDA:15,2,0,3
BRDA:15,2,1,3
BRDA:45,3,0,0
BRDA:45,3,1,0
BRDA:47,4,0,0
BRDA:47,4,1,0
BRDA:52,5,0,0
BRDA:52,5,1,0
BRDA:74,6,0,0
BRDA:74,6,1,0
BRDA:74,7,0,0
BRDA:74,7,1,0
BRDA:78,8,0,0
BRDA:78,8,1,0
BRDA:78,9,0,0
BRDA:78,9,1,0
BRDA:83,10,0,0
BRDA:83,10,1,0
BRDA:84,11,0,0
BRDA:84,11,1,0
BRDA:90,12,0,0
BRDA:90,12,1,0
BRDA:91,13,0,0
BRDA:91,13,1,0
BRDA:109,14,0,0
BRDA:109,14,1,0
BRDA:110,15,0,0
BRDA:110,15,1,0
BRDA:115,16,0,0
BRDA:115,16,1,0
BRDA:120,17,0,0
BRDA:120,17,1,0
BRDA:133,18,0,0
BRDA:133,18,1,0
BRDA:138,19,0,0
BRDA:138,19,1,0
BRDA:146,20,0,0
BRDA:146,20,1,0
BRDA:147,21,0,0
BRDA:147,21,1,0
BRDA:149,22,0,0
BRDA:149,22,1,0
BRDA:152,23,0,0
BRDA:152,23,1,0
BRDA:152,24,0,0
BRDA:152,24,1,0
BRDA:163,25,0,0
BRDA:163,25,1,0
BRDA:163,26,0,0
BRDA:163,26,1,0
BRDA:163,26,2,0
BRF:55
BRH:6
end_of_record
TN:
SF:src/middleware/s3.js
FN:48,(anonymous_0)
FN:61,(anonymous_1)
FN:70,(anonymous_2)
FN:103,(anonymous_3)
FN:150,(anonymous_4)
FN:185,(anonymous_5)
FN:220,(anonymous_6)
FN:234,(anonymous_7)
FNF:8
FNH:0
FNDA:0,(anonymous_0)
FNDA:0,(anonymous_1)
FNDA:0,(anonymous_2)
FNDA:0,(anonymous_3)
FNDA:0,(anonymous_4)
FNDA:0,(anonymous_5)
FNDA:0,(anonymous_6)
FNDA:0,(anonymous_7)
DA:9,6
DA:16,6
DA:19,6
DA:21,6
DA:43,6
DA:49,0
DA:50,0
DA:52,0
DA:56,6
DA:62,0
DA:63,0
DA:65,0
DA:70,6
DA:71,0
DA:72,0
DA:73,0
DA:74,0
DA:76,0
DA:81,0
DA:82,0
DA:84,0
DA:85,0
DA:86,0
DA:89,0
DA:91,0
DA:98,0
DA:99,0
DA:103,6
DA:104,0
DA:105,0
DA:106,0
DA:107,0
DA:110,0
DA:112,0
DA:113,0
DA:115,0
DA:122,0
DA:123,0
DA:125,0
DA:127,0
DA:136,0
DA:138,0
DA:139,0
DA:141,0
DA:142,0
DA:150,6
DA:151,0
DA:152,0
DA:153,0
DA:154,0
DA:157,0
DA:158,0
DA:160,0
DA:167,0
DA:168,0
DA:170,0
DA:172,0
DA:177,0
DA:178,0
DA:180,0
DA:181,0
DA:185,6
DA:186,0
DA:188,0
DA:190,0
DA:191,0
DA:194,0
DA:195,0
DA:196,0
DA:198,0
DA:199,0
DA:201,0
DA:208,0
DA:209,0
DA:211,0
DA:213,0
DA:215,0
DA:216,0
DA:220,6
DA:222,0
DA:224,0
DA:230,0
DA:231,0
DA:234,6
DA:235,0
DA:236,0
DA:237,0
DA:238,0
DA:240,0
LF:89
LH:12
BRDA:10,0,0,6
BRDA:10,0,1,6
BRDA:16,1,0,6
BRDA:16,1,1,6
BRDA:49,2,0,0
BRDA:49,2,1,0
BRDA:62,3,0,0
BRDA:62,3,1,0
BRDA:105,4,0,0
BRDA:105,4,1,0
BRDA:105,5,0,0
BRDA:105,5,1,0
BRDA:125,6,0,0
BRDA:125,6,1,0
BRDA:152,7,0,0
BRDA:152,7,1,0
BRDA:170,8,0,0
BRDA:170,8,1,0
BRDA:185,9,0,0
BRDA:190,10,0,0
BRDA:190,10,1,0
BRDA:190,11,0,0
BRDA:190,11,1,0
BRDA:198,12,0,0
BRDA:198,12,1,0
BRDA:211,13,0,0
BRDA:211,13,1,0
BRF:27
BRH:4
end_of_record
TN:
SF:src/routes/admin.js
FN:11,(anonymous_0)
FN:22,(anonymous_1)
FN:34,(anonymous_2)
FN:52,(anonymous_3)
FN:78,(anonymous_4)
FN:108,(anonymous_5)
FN:135,(anonymous_6)
FNF:7
FNH:6
FNDA:2,(anonymous_0)
FNDA:1,(anonymous_1)
FNDA:2,(anonymous_2)
FNDA:2,(anonymous_3)
FNDA:0,(anonymous_4)
FNDA:2,(anonymous_5)
FNDA:2,(anonymous_6)
DA:6,6
DA:11,6
DA:12,2
DA:13,2
DA:14,2
DA:15,2
DA:17,2
DA:22,1
DA:24,1
DA:26,1
DA:27,1
DA:34,6
DA:35,2
DA:36,2
DA:37,2
DA:39,2
DA:41,1
DA:43,0
DA:44,0
DA:52,6
DA:53,2
DA:54,2
DA:56,2
DA:57,1
DA:60,1
DA:68,1
DA:70,1
DA:72,0
DA:73,0
DA:78,6
DA:79,0
DA:80,0
DA:82,0
DA:83,0
DA:86,0
DA:88,0
DA:89,0
DA:91,0
DA:94,0
DA:100,0
DA:101,0
DA:108,6
DA:109,2
DA:110,2
DA:111,2
DA:113,2
DA:114,2
DA:116,1
DA:123,1
DA:125,1
DA:127,0
DA:128,0
DA:135,6
DA:136,2
DA:137,2
DA:139,2
DA:140,2
DA:142,1
DA:144,1
DA:146,0
DA:147,0
LF:61
LH:42
BRDA:13,0,0,2
BRDA:13,0,1,2
BRDA:14,1,0,2
BRDA:14,1,1,2
BRDA:39,2,0,1
BRDA:39,2,1,1
BRDA:56,3,0,1
BRDA:56,3,1,1
BRDA:56,4,0,2
BRDA:56,4,1,1
BRDA:64,5,0,1
BRDA:64,5,1,1
BRDA:82,6,0,0
BRDA:82,6,1,0
BRDA:88,7,0,0
BRDA:88,7,1,0
BRDA:88,8,0,0
BRDA:88,8,1,0
BRDA:114,9,0,1
BRDA:114,9,1,1
BRDA:117,10,0,1
BRDA:117,10,1,0
BRDA:118,11,0,1
BRDA:118,11,1,1
BRDA:119,12,0,1
BRDA:119,12,1,1
BRDA:140,13,0,1
BRDA:140,13,1,1
BRF:28
BRH:21
end_of_record
TN:
SF:src/routes/ai.js
FN:19,(anonymous_0)
FN:66,(anonymous_1)
FN:270,(anonymous_2)
FN:287,(anonymous_3)
FN:317,(anonymous_4)
FN:535,(anonymous_5)
FNF:6
FNH:0
FNDA:0,(anonymous_0)
FNDA:0,(anonymous_1)
FNDA:0,(anonymous_2)
FNDA:0,(anonymous_3)
FNDA:0,(anonymous_4)
FNDA:0,(anonymous_5)
DA:10,6
DA:12,6
DA:14,6
DA:19,6
DA:20,0
DA:21,0
DA:24,0
DA:38,0
DA:40,0
DA:49,0
DA:51,0
DA:66,6
DA:67,0
DA:68,0
DA:70,0
DA:71,0
DA:77,0
DA:80,0
DA:203,0
DA:220,0
DA:222,0
DA:224,0
DA:226,0
DA:240,0
DA:254,0
DA:256,0
DA:266,6
DA:271,0
DA:272,0
DA:274,0
DA:278,0
DA:279,0
DA:282,0
DA:283,0
DA:284,0
DA:287,0
DA:299,0
DA:300,0
DA:307,0
DA:308,0
DA:317,6
DA:318,0
DA:319,0
DA:320,0
DA:321,0
DA:324,0
DA:326,0
DA:328,0
DA:329,0
DA:535,6
DA:536,0
DA:537,0
DA:539,0
DA:541,0
DA:568,0
DA:585,0
DA:587,0
DA:588,0
DA:590,0
DA:602,0
DA:611,0
DA:613,0
LF:62
LH:8
BRDA:38,0,0,0
BRDA:38,0,1,0
BRDA:57,1,0,0
BRDA:57,1,1,0
BRDA:70,2,0,0
BRDA:70,2,1,0
BRDA:220,3,0,0
BRDA:220,3,1,0
BRDA:278,4,0,0
BRDA:278,4,1,0
BRDA:278,5,0,0
BRDA:278,5,1,0
BRDA:282,6,0,0
BRDA:282,6,1,0
BRDA:283,7,0,0
BRDA:283,7,1,0
BRDA:284,8,0,0
BRDA:284,8,1,0
BRDA:320,9,0,0
BRDA:320,9,1,0
BRDA:320,10,0,0
BRDA:320,10,1,0
BRDA:320,10,2,0
BRDA:329,11,0,0
BRDA:329,11,1,0
BRDA:545,12,0,0
BRDA:545,12,1,0
BRDA:585,13,0,0
BRDA:585,13,1,0
BRF:29
BRH:0
end_of_record
TN:
SF:src/routes/auth.js
FN:55,calculateSecretHash
FN:62,maskTokens
FN:65,(anonymous_2)
FN:67,(anonymous_3)
FN:77,(anonymous_4)
FN:134,(anonymous_5)
FN:170,(anonymous_6)
FN:232,(anonymous_7)
FN:252,(anonymous_8)
FN:292,(anonymous_9)
FN:311,(anonymous_10)
FN:337,(anonymous_11)
FN:360,(anonymous_12)
FN:406,(anonymous_13)
FN:434,(anonymous_14)
FN:451,(anonymous_15)
FN:477,(anonymous_16)
FN:590,(anonymous_17)
FN:618,(anonymous_18)
FN:633,(anonymous_19)
FN:646,(anonymous_20)
FN:711,(anonymous_21)
FNF:22
FNH:0
FNDA:0,calculateSecretHash
FNDA:0,maskTokens
FNDA:0,(anonymous_2)
FNDA:0,(anonymous_3)
FNDA:0,(anonymous_4)
FNDA:0,(anonymous_5)
FNDA:0,(anonymous_6)
FNDA:0,(anonymous_7)
FNDA:0,(anonymous_8)
FNDA:0,(anonymous_9)
FNDA:0,(anonymous_10)
FNDA:0,(anonymous_11)
FNDA:0,(anonymous_12)
FNDA:0,(anonymous_13)
FNDA:0,(anonymous_14)
FNDA:0,(anonymous_15)
FNDA:0,(anonymous_16)
FNDA:0,(anonymous_17)
FNDA:0,(anonymous_18)
FNDA:0,(anonymous_19)
FNDA:0,(anonymous_20)
FNDA:0,(anonymous_21)
DA:23,6
DA:25,6
DA:28,6
DA:35,6
DA:47,6
DA:56,0
DA:57,0
DA:58,0
DA:59,0
DA:63,0
DA:64,0
DA:65,0
DA:66,0
DA:67,0
DA:68,0
DA:71,0
DA:77,6
DA:78,0
DA:79,0
DA:80,0
DA:82,0
DA:87,0
DA:88,0
DA:90,0
DA:92,0
DA:94,0
DA:96,0
DA:98,0
DA:100,0
DA:102,0
DA:104,0
DA:108,0
DA:119,0
DA:120,0
DA:121,0
DA:123,0
DA:124,0
DA:126,0
DA:127,0
DA:129,0
DA:134,6
DA:135,0
DA:136,0
DA:137,0
DA:139,0
DA:140,0
DA:141,0
DA:142,0
DA:144,0
DA:145,0
DA:147,0
DA:154,0
DA:164,0
DA:165,0
DA:170,6
DA:171,0
DA:172,0
DA:173,0
DA:175,0
DA:178,0
DA:179,0
DA:183,0
DA:184,0
DA:186,0
DA:194,0
DA:196,0
DA:206,0
DA:208,0
DA:217,0
DA:224,0
DA:225,0
DA:232,6
DA:233,0
DA:234,0
DA:235,0
DA:237,0
DA:239,0
DA:240,0
DA:241,0
DA:242,0
DA:244,0
DA:246,0
DA:247,0
DA:252,6
DA:253,0
DA:254,0
DA:255,0
DA:256,0
DA:259,0
DA:260,0
DA:261,0
DA:264,0
DA:265,0
DA:266,0
DA:268,0
DA:275,0
DA:285,0
DA:286,0
DA:292,6
DA:293,0
DA:294,0
DA:295,0
DA:297,0
DA:299,0
DA:300,0
DA:301,0
DA:302,0
DA:304,0
DA:306,0
DA:307,0
DA:311,6
DA:312,0
DA:313,0
DA:314,0
DA:316,0
DA:317,0
DA:319,0
DA:321,0
DA:322,0
DA:328,0
DA:330,0
DA:331,0
DA:337,6
DA:338,0
DA:340,0
DA:343,0
DA:345,0
DA:347,0
DA:353,0
DA:354,0
DA:360,6
DA:361,0
DA:362,0
DA:363,0
DA:365,0
DA:366,0
DA:377,0
DA:378,0
DA:380,0
DA:382,0
DA:383,0
DA:384,0
DA:394,0
DA:401,0
DA:402,0
DA:406,6
DA:407,0
DA:408,0
DA:409,0
DA:411,0
DA:416,0
DA:417,0
DA:419,0
DA:420,0
DA:421,0
DA:422,0
DA:423,0
DA:425,0
DA:427,0
DA:428,0
DA:434,6
DA:435,0
DA:436,0
DA:437,0
DA:439,0
DA:440,0
DA:441,0
DA:443,0
DA:444,0
DA:446,0
DA:447,0
DA:451,6
DA:452,0
DA:453,0
DA:454,0
DA:455,0
DA:458,0
DA:464,0
DA:465,0
DA:467,0
DA:468,0
DA:470,0
DA:471,0
DA:477,6
DA:478,0
DA:479,0
DA:481,0
DA:482,0
DA:487,0
DA:493,0
DA:494,0
DA:497,0
DA:499,0
DA:505,0
DA:507,0
DA:508,0
DA:513,0
DA:514,0
DA:519,0
DA:520,0
DA:525,0
DA:526,0
DA:531,0
DA:532,0
DA:537,0
DA:538,0
DA:543,0
DA:544,0
DA:549,0
DA:550,0
DA:555,0
DA:556,0
DA:561,0
DA:562,0
DA:567,0
DA:568,0
DA:573,0
DA:574,0
DA:580,0
DA:590,6
DA:591,0
DA:592,0
DA:593,0
DA:595,0
DA:600,0
DA:601,0
DA:603,0
DA:604,0
DA:613,0
DA:614,0
DA:618,6
DA:619,0
DA:620,0
DA:621,0
DA:623,0
DA:624,0
DA:626,0
DA:627,0
DA:633,6
DA:634,0
DA:636,0
DA:638,0
DA:639,0
DA:646,6
DA:647,0
DA:648,0
DA:650,0
DA:651,0
DA:656,0
DA:657,0
DA:658,0
DA:659,0
DA:662,0
DA:664,0
DA:665,0
DA:668,0
DA:669,0
DA:670,0
DA:672,0
DA:673,0
DA:674,0
DA:676,0
DA:700,0
DA:701,0
DA:711,6
DA:712,0
DA:713,0
DA:716,0
DA:719,0
DA:720,0
DA:721,0
DA:723,0
DA:742,0
DA:743,0
LF:274
LH:23
BRDA:32,0,0,6
BRDA:32,0,1,0
BRDA:38,1,0,6
BRDA:38,1,1,0
BRDA:38,2,0,6
BRDA:38,2,1,6
BRDA:56,3,0,0
BRDA:56,3,1,0
BRDA:63,4,0,0
BRDA:63,4,1,0
BRDA:63,5,0,0
BRDA:63,5,1,0
BRDA:65,6,0,0
BRDA:65,6,1,0
BRDA:65,7,0,0
BRDA:65,7,1,0
BRDA:66,8,0,0
BRDA:66,8,1,0
BRDA:68,9,0,0
BRDA:68,9,1,0
BRDA:79,10,0,0
BRDA:79,10,1,0
BRDA:80,11,0,0
BRDA:80,11,1,0
BRDA:80,12,0,0
BRDA:80,12,1,0
BRDA:88,13,0,0
BRDA:88,13,1,0
BRDA:92,14,0,0
BRDA:92,14,1,0
BRDA:92,14,2,0
BRDA:92,14,3,0
BRDA:92,14,4,0
BRDA:92,14,5,0
BRDA:120,15,0,0
BRDA:120,15,1,0
BRDA:123,16,0,0
BRDA:123,16,1,0
BRDA:126,17,0,0
BRDA:126,17,1,0
BRDA:136,18,0,0
BRDA:136,18,1,0
BRDA:137,19,0,0
BRDA:137,19,1,0
BRDA:137,20,0,0
BRDA:137,20,1,0
BRDA:137,20,2,0
BRDA:139,21,0,0
BRDA:139,21,1,0
BRDA:141,22,0,0
BRDA:141,22,1,0
BRDA:142,23,0,0
BRDA:142,23,1,0
BRDA:145,24,0,0
BRDA:145,24,1,0
BRDA:172,25,0,0
BRDA:172,25,1,0
BRDA:173,26,0,0
BRDA:173,26,1,0
BRDA:173,27,0,0
BRDA:173,27,1,0
BRDA:173,27,2,0
BRDA:178,28,0,0
BRDA:178,28,1,0
BRDA:179,29,0,0
BRDA:179,29,1,0
BRDA:184,30,0,0
BRDA:184,30,1,0
BRDA:194,31,0,0
BRDA:194,31,1,0
BRDA:206,32,0,0
BRDA:206,32,1,0
BRDA:234,33,0,0
BRDA:234,33,1,0
BRDA:235,34,0,0
BRDA:235,34,1,0
BRDA:235,35,0,0
BRDA:235,35,1,0
BRDA:254,36,0,0
BRDA:254,36,1,0
BRDA:255,37,0,0
BRDA:255,37,1,0
BRDA:255,38,0,0
BRDA:255,38,1,0
BRDA:255,38,2,0
BRDA:260,39,0,0
BRDA:260,39,1,0
BRDA:261,40,0,0
BRDA:261,40,1,0
BRDA:266,41,0,0
BRDA:266,41,1,0
BRDA:294,42,0,0
BRDA:294,42,1,0
BRDA:295,43,0,0
BRDA:295,43,1,0
BRDA:300,44,0,0
BRDA:300,44,1,0
BRDA:313,45,0,0
BRDA:313,45,1,0
BRDA:314,46,0,0
BRDA:314,46,1,0
BRDA:314,47,0,0
BRDA:314,47,1,0
BRDA:317,48,0,0
BRDA:317,48,1,0
BRDA:321,49,0,0
BRDA:321,49,1,0
BRDA:340,50,0,0
BRDA:340,50,1,0
BRDA:340,50,2,0
BRDA:342,51,0,0
BRDA:342,51,1,0
BRDA:343,52,0,0
BRDA:343,52,1,0
BRDA:349,53,0,0
BRDA:349,53,1,0
BRDA:350,54,0,0
BRDA:350,54,1,0
BRDA:362,55,0,0
BRDA:362,55,1,0
BRDA:363,56,0,0
BRDA:363,56,1,0
BRDA:363,57,0,0
BRDA:363,57,1,0
BRDA:363,57,2,0
BRDA:363,57,3,0
BRDA:378,58,0,0
BRDA:378,58,1,0
BRDA:382,59,0,0
BRDA:382,59,1,0
BRDA:382,60,0,0
BRDA:382,60,1,0
BRDA:402,61,0,0
BRDA:402,61,1,0
BRDA:408,62,0,0
BRDA:408,62,1,0
BRDA:409,63,0,0
BRDA:409,63,1,0
BRDA:409,64,0,0
BRDA:409,64,1,0
BRDA:417,65,0,0
BRDA:417,65,1,0
BRDA:423,66,0,0
BRDA:423,66,1,0
BRDA:423,67,0,0
BRDA:423,67,1,0
BRDA:436,68,0,0
BRDA:436,68,1,0
BRDA:437,69,0,0
BRDA:437,69,1,0
BRDA:441,70,0,0
BRDA:441,70,1,0
BRDA:453,71,0,0
BRDA:453,71,1,0
BRDA:454,72,0,0
BRDA:454,72,1,0
BRDA:454,73,0,0
BRDA:454,73,1,0
BRDA:454,73,2,0
BRDA:465,74,0,0
BRDA:465,74,1,0
BRDA:479,75,0,0
BRDA:479,75,1,0
BRDA:481,76,0,0
BRDA:481,76,1,0
BRDA:481,77,0,0
BRDA:481,77,1,0
BRDA:493,78,0,0
BRDA:493,78,1,0
BRDA:507,79,0,0
BRDA:507,79,1,0
BRDA:513,80,0,0
BRDA:513,80,1,0
BRDA:519,81,0,0
BRDA:519,81,1,0
BRDA:525,82,0,0
BRDA:525,82,1,0
BRDA:531,83,0,0
BRDA:531,83,1,0
BRDA:537,84,0,0
BRDA:537,84,1,0
BRDA:543,85,0,0
BRDA:543,85,1,0
BRDA:549,86,0,0
BRDA:549,86,1,0
BRDA:555,87,0,0
BRDA:555,87,1,0
BRDA:561,88,0,0
BRDA:561,88,1,0
BRDA:567,89,0,0
BRDA:567,89,1,0
BRDA:573,90,0,0
BRDA:573,90,1,0
BRDA:592,91,0,0
BRDA:592,91,1,0
BRDA:593,92,0,0
BRDA:593,92,1,0
BRDA:593,93,0,0
BRDA:593,93,1,0
BRDA:601,94,0,0
BRDA:601,94,1,0
BRDA:620,95,0,0
BRDA:620,95,1,0
BRDA:621,96,0,0
BRDA:621,96,1,0
BRDA:636,97,0,0
BRDA:636,97,1,0
BRDA:648,98,0,0
BRDA:648,99,0,0
BRDA:648,99,1,0
BRDA:650,100,0,0
BRDA:650,100,1,0
BRDA:650,101,0,0
BRDA:650,101,1,0
BRDA:664,102,0,0
BRDA:664,102,1,0
BRDA:665,103,0,0
BRDA:665,103,1,0
BRDA:672,104,0,0
BRDA:672,104,1,0
BRDA:673,105,0,0
BRDA:673,105,1,0
BRDA:684,106,0,0
BRDA:684,106,1,0
BRDA:686,107,0,0
BRDA:686,107,1,0
BRDA:694,108,0,0
BRDA:694,108,1,0
BRF:228
BRH:4
end_of_record
TN:
SF:src/routes/casestudies.js
FN:12,(anonymous_0)
FN:23,(anonymous_1)
FN:35,(anonymous_2)
FN:49,(anonymous_3)
FNF:4
FNH:0
FNDA:0,(anonymous_0)
FNDA:0,(anonymous_1)
FNDA:0,(anonymous_2)
FNDA:0,(anonymous_3)
DA:7,6
DA:12,6
DA:13,0
DA:14,0
DA:15,0
DA:16,0
DA:18,0
DA:23,0
DA:25,0
DA:27,0
DA:28,0
DA:35,6
DA:36,0
DA:37,0
DA:38,0
DA:40,0
DA:42,0
DA:44,0
DA:45,0
DA:49,6
DA:50,0
DA:51,0
DA:52,0
DA:54,0
DA:56,0
DA:58,0
DA:59,0
LF:27
LH:4
BRDA:14,0,0,0
BRDA:14,0,1,0
BRDA:15,1,0,0
BRDA:15,1,1,0
BRDA:40,2,0,0
BRDA:40,2,1,0
BRDA:54,3,0,0
BRDA:54,3,1,0
BRF:8
BRH:0
end_of_record
TN:
SF:src/routes/contactus.js
FN:11,(anonymous_0)
FN:125,(anonymous_1)
FNF:2
FNH:2
FNDA:3,(anonymous_0)
FNDA:2,(anonymous_1)
DA:5,6
DA:11,6
DA:12,3
DA:19,3
DA:22,3
DA:23,3
DA:24,3
DA:25,3
DA:27,3
DA:28,1
DA:35,2
DA:67,2
DA:70,1
DA:108,1
DA:110,1
DA:116,1
DA:117,1
DA:125,6
DA:126,2
DA:127,2
DA:128,1
DA:130,1
LF:22
LH:22
BRDA:17,0,0,1
BRDA:18,1,0,1
BRDA:23,2,0,1
BRDA:23,2,1,2
BRDA:24,3,0,1
BRDA:24,3,1,2
BRDA:25,4,0,0
BRDA:25,4,1,3
BRDA:27,5,0,1
BRDA:27,5,1,2
BRDA:47,6,0,2
BRDA:47,6,1,0
BRDA:48,7,0,2
BRDA:48,7,1,0
BRDA:120,8,0,1
BRDA:120,8,1,0
BRF:16
BRH:12
end_of_record
TN:
SF:src/routes/protected.js
FN:7,(anonymous_0)
FNF:1
FNH:1
FNDA:1,(anonymous_0)
DA:4,6
DA:7,6
DA:8,1
DA:9,1
DA:10,1
DA:11,1
DA:12,1
DA:14,1
DA:15,1
DA:20,1
DA:21,1
DA:23,0
DA:24,0
DA:31,6
LF:14
LH:12
BRF:0
BRH:0
end_of_record
TN:
SF:src/routes/subscriptions.js
FN:26,ensureSquareCustomerForUser
FN:60,(anonymous_1)
FN:143,(anonymous_2)
FN:163,(anonymous_3)
FN:189,(anonymous_4)
FN:209,(anonymous_5)
FNF:6
FNH:5
FNDA:2,ensureSquareCustomerForUser
FNDA:2,(anonymous_1)
FNDA:1,(anonymous_2)
FNDA:2,(anonymous_3)
FNDA:2,(anonymous_4)
FNDA:0,(anonymous_5)
DA:7,6
DA:9,6
DA:10,6
DA:11,6
DA:12,6
DA:13,6
DA:14,6
DA:16,6
DA:21,6
DA:22,6
DA:23,6
DA:24,6
DA:27,2
DA:28,2
DA:29,2
DA:32,1
DA:33,1
DA:36,1
DA:37,1
DA:38,1
DA:39,1
DA:40,1
DA:41,1
DA:60,6
DA:61,2
DA:62,2
DA:63,2
DA:66,1
DA:67,1
DA:69,1
DA:71,1
DA:72,1
DA:75,1
DA:76,1
DA:77,1
DA:79,1
DA:80,1
DA:81,0
DA:83,1
DA:109,1
DA:110,1
DA:111,1
DA:114,1
DA:117,1
DA:134,1
DA:137,0
DA:138,0
DA:143,6
DA:144,1
DA:145,1
DA:146,1
DA:148,1
DA:149,1
DA:150,1
DA:152,1
DA:153,1
DA:158,1
DA:160,1
DA:161,1
DA:162,1
DA:163,1
DA:164,2
DA:166,1
DA:173,1
DA:180,0
DA:181,0
DA:189,6
DA:190,2
DA:191,2
DA:192,2
DA:194,2
DA:195,1
DA:196,1
DA:199,1
DA:200,1
DA:201,1
DA:203,0
DA:204,0
DA:209,6
DA:210,0
DA:211,0
DA:212,0
DA:213,0
DA:215,0
DA:216,0
DA:218,0
DA:219,0
DA:221,0
DA:222,0
DA:224,0
DA:226,0
DA:232,0
DA:233,0
DA:234,0
DA:235,0
DA:236,0
DA:238,0
DA:243,0
DA:244,0
DA:245,0
DA:246,0
DA:247,0
DA:248,0
DA:249,0
DA:250,0
DA:252,0
DA:254,0
DA:256,0
DA:258,0
DA:262,0
DA:264,0
DA:265,0
LF:112
LH:72
BRDA:9,0,0,6
BRDA:9,0,1,6
BRDA:10,1,0,6
BRDA:10,1,1,0
BRDA:11,2,0,6
BRDA:11,2,1,0
BRDA:12,3,0,6
BRDA:12,3,1,0
BRDA:13,4,0,6
BRDA:13,4,1,0
BRDA:24,5,0,6
BRDA:24,5,1,0
BRDA:29,6,0,1
BRDA:29,6,1,1
BRDA:33,7,0,0
BRDA:33,7,1,1
BRDA:39,8,0,0
BRDA:39,8,1,1
BRDA:63,9,0,1
BRDA:63,9,1,1
BRDA:63,10,0,2
BRDA:63,10,1,1
BRDA:67,11,0,0
BRDA:67,11,1,1
BRDA:72,12,0,0
BRDA:72,12,1,1
BRDA:76,13,0,1
BRDA:76,13,1,0
BRDA:79,14,0,1
BRDA:79,14,1,0
BRDA:80,15,0,0
BRDA:80,15,1,1
BRDA:104,16,0,1
BRDA:104,16,1,1
BRDA:111,17,0,0
BRDA:111,17,1,1
BRDA:114,18,0,0
BRDA:114,18,1,1
BRDA:126,19,0,1
BRDA:126,19,1,1
BRDA:128,20,0,1
BRDA:128,20,1,0
BRDA:138,21,0,0
BRDA:138,21,1,0
BRDA:146,22,0,0
BRDA:146,22,1,1
BRDA:149,23,0,1
BRDA:149,23,1,0
BRDA:149,24,0,1
BRDA:149,24,1,1
BRDA:152,25,0,0
BRDA:152,25,1,1
BRDA:164,26,0,0
BRDA:164,26,1,2
BRDA:180,27,0,0
BRDA:180,27,1,0
BRDA:192,28,0,0
BRDA:192,28,1,2
BRDA:194,29,0,1
BRDA:194,29,1,1
BRDA:204,30,0,0
BRDA:204,30,1,0
BRDA:211,31,0,0
BRDA:211,31,1,0
BRDA:213,32,0,0
BRDA:213,32,1,0
BRDA:216,33,0,0
BRDA:216,33,1,0
BRDA:216,34,0,0
BRDA:216,34,1,0
BRDA:219,35,0,0
BRDA:219,35,1,0
BRDA:222,36,0,0
BRDA:222,36,1,0
BRDA:222,36,2,0
BRDA:224,37,0,0
BRDA:224,37,1,0
BRDA:226,38,0,0
BRDA:226,38,1,0
BRDA:226,38,2,0
BRDA:226,38,3,0
BRDA:226,38,4,0
BRDA:226,38,5,0
BRDA:226,38,6,0
BRDA:232,39,0,0
BRDA:232,39,1,0
BRDA:233,40,0,0
BRDA:233,40,1,0
BRDA:234,41,0,0
BRDA:234,41,1,0
BRDA:235,42,0,0
BRDA:235,42,1,0
BRDA:243,43,0,0
BRDA:243,43,1,0
BRDA:244,44,0,0
BRDA:244,44,1,0
BRDA:245,45,0,0
BRDA:245,45,1,0
BRDA:246,46,0,0
BRDA:246,46,1,0
BRDA:247,47,0,0
BRDA:247,47,1,0
BRDA:248,48,0,0
BRDA:248,48,1,0
BRDA:249,49,0,0
BRDA:249,49,1,0
BRDA:250,50,0,0
BRDA:250,50,1,0
BRDA:254,51,0,0
BRDA:254,51,1,0
BRDA:254,52,0,0
BRDA:254,52,1,0
BRDA:256,53,0,0
BRDA:256,53,1,0
BRDA:256,54,0,0
BRDA:256,54,1,0
BRDA:256,54,2,0
BRF:117
BRH:36
end_of_record
TN:
SF:src/routes/test.js
FN:23,(anonymous_0)
FN:62,(anonymous_1)
FN:113,(anonymous_2)
FN:157,(anonymous_3)
FN:177,(anonymous_4)
FN:197,(anonymous_5)
FN:230,(anonymous_6)
FN:239,(anonymous_7)
FN:263,(anonymous_8)
FN:266,(anonymous_9)
FN:299,(anonymous_10)
FN:333,(anonymous_11)
FN:369,(anonymous_12)
FN:406,(anonymous_13)
FN:442,(anonymous_14)
FN:469,(anonymous_15)
FN:506,(anonymous_16)
FN:541,(anonymous_17)
FN:582,(anonymous_18)
FN:638,(anonymous_19)
FN:700,(anonymous_20)
FN:791,(anonymous_21)
FN:795,(anonymous_22)
FN:799,(anonymous_23)
FN:806,(anonymous_24)
FN:810,(anonymous_25)
FN:814,(anonymous_26)
FN:818,(anonymous_27)
FN:831,(anonymous_28)
FN:842,(anonymous_29)
FN:853,(anonymous_30)
FN:864,(anonymous_31)
FN:873,(anonymous_32)
FN:883,(anonymous_33)
FN:892,(anonymous_34)
FN:900,(anonymous_35)
FN:967,(anonymous_36)
FN:1000,(anonymous_37)
FN:1004,(anonymous_38)
FN:1008,(anonymous_39)
FN:1023,(anonymous_40)
FN:1058,(anonymous_41)
FN:1102,(anonymous_42)
FN:1107,(anonymous_43)
FN:1111,(anonymous_44)
FN:1115,(anonymous_45)
FN:1134,(anonymous_46)
FN:1148,(anonymous_47)
FN:1158,(anonymous_48)
FN:1169,(anonymous_49)
FN:1177,(anonymous_50)
FN:1217,(anonymous_51)
FN:1239,(anonymous_52)
FN:1245,(anonymous_53)
FN:1254,(anonymous_54)
FN:1259,(anonymous_55)
FN:1264,(anonymous_56)
FN:1289,(anonymous_57)
FN:1339,(anonymous_58)
FN:1388,(anonymous_59)
FN:1452,(anonymous_60)
FN:1453,(anonymous_61)
FN:1475,(anonymous_62)
FN:1528,(anonymous_63)
FN:1529,(anonymous_64)
FN:1546,(anonymous_65)
FN:1615,(anonymous_66)
FN:1616,(anonymous_67)
FN:1619,(anonymous_68)
FN:1657,(anonymous_69)
FN:1683,(anonymous_70)
FN:1699,(anonymous_71)
FN:1707,(anonymous_72)
FN:1723,(anonymous_73)
FN:1731,(anonymous_74)
FN:1754,(anonymous_75)
FN:1842,(anonymous_76)
FN:1843,(anonymous_77)
FN:1844,(anonymous_78)
FN:1886,(anonymous_79)
FN:1971,(anonymous_80)
FN:1972,(anonymous_81)
FN:1973,(anonymous_82)
FN:2015,(anonymous_83)
FN:2100,(anonymous_84)
FN:2101,(anonymous_85)
FN:2102,(anonymous_86)
FN:2121,(anonymous_87)
FN:2122,(anonymous_88)
FN:2124,(anonymous_89)
FN:2125,(anonymous_90)
FN:2147,(anonymous_91)
FN:2250,(anonymous_92)
FN:2251,(anonymous_93)
FN:2284,(anonymous_94)
FN:2388,(anonymous_95)
FN:2469,(anonymous_96)
FN:2538,(anonymous_97)
FNF:98
FNH:1
FNDA:0,(anonymous_0)
FNDA:0,(anonymous_1)
FNDA:0,(anonymous_2)
FNDA:0,(anonymous_3)
FNDA:0,(anonymous_4)
FNDA:0,(anonymous_5)
FNDA:1,(anonymous_6)
FNDA:0,(anonymous_7)
FNDA:0,(anonymous_8)
FNDA:0,(anonymous_9)
FNDA:0,(anonymous_10)
FNDA:0,(anonymous_11)
FNDA:0,(anonymous_12)
FNDA:0,(anonymous_13)
FNDA:0,(anonymous_14)
FNDA:0,(anonymous_15)
FNDA:0,(anonymous_16)
FNDA:0,(anonymous_17)
FNDA:0,(anonymous_18)
FNDA:0,(anonymous_19)
FNDA:0,(anonymous_20)
FNDA:0,(anonymous_21)
FNDA:0,(anonymous_22)
FNDA:0,(anonymous_23)
FNDA:0,(anonymous_24)
FNDA:0,(anonymous_25)
FNDA:0,(anonymous_26)
FNDA:0,(anonymous_27)
FNDA:0,(anonymous_28)
FNDA:0,(anonymous_29)
FNDA:0,(anonymous_30)
FNDA:0,(anonymous_31)
FNDA:0,(anonymous_32)
FNDA:0,(anonymous_33)
FNDA:0,(anonymous_34)
FNDA:0,(anonymous_35)
FNDA:0,(anonymous_36)
FNDA:0,(anonymous_37)
FNDA:0,(anonymous_38)
FNDA:0,(anonymous_39)
FNDA:0,(anonymous_40)
FNDA:0,(anonymous_41)
FNDA:0,(anonymous_42)
FNDA:0,(anonymous_43)
FNDA:0,(anonymous_44)
FNDA:0,(anonymous_45)
FNDA:0,(anonymous_46)
FNDA:0,(anonymous_47)
FNDA:0,(anonymous_48)
FNDA:0,(anonymous_49)
FNDA:0,(anonymous_50)
FNDA:0,(anonymous_51)
FNDA:0,(anonymous_52)
FNDA:0,(anonymous_53)
FNDA:0,(anonymous_54)
FNDA:0,(anonymous_55)
FNDA:0,(anonymous_56)
FNDA:0,(anonymous_57)
FNDA:0,(anonymous_58)
FNDA:0,(anonymous_59)
FNDA:0,(anonymous_60)
FNDA:0,(anonymous_61)
FNDA:0,(anonymous_62)
FNDA:0,(anonymous_63)
FNDA:0,(anonymous_64)
FNDA:0,(anonymous_65)
FNDA:0,(anonymous_66)
FNDA:0,(anonymous_67)
FNDA:0,(anonymous_68)
FNDA:0,(anonymous_69)
FNDA:0,(anonymous_70)
FNDA:0,(anonymous_71)
FNDA:0,(anonymous_72)
FNDA:0,(anonymous_73)
FNDA:0,(anonymous_74)
FNDA:0,(anonymous_75)
FNDA:0,(anonymous_76)
FNDA:0,(anonymous_77)
FNDA:0,(anonymous_78)
FNDA:0,(anonymous_79)
FNDA:0,(anonymous_80)
FNDA:0,(anonymous_81)
FNDA:0,(anonymous_82)
FNDA:0,(anonymous_83)
FNDA:0,(anonymous_84)
FNDA:0,(anonymous_85)
FNDA:0,(anonymous_86)
FNDA:0,(anonymous_87)
FNDA:0,(anonymous_88)
FNDA:0,(anonymous_89)
FNDA:0,(anonymous_90)
FNDA:0,(anonymous_91)
FNDA:0,(anonymous_92)
FNDA:0,(anonymous_93)
FNDA:0,(anonymous_94)
FNDA:0,(anonymous_95)
FNDA:0,(anonymous_96)
FNDA:0,(anonymous_97)
DA:7,6
DA:9,6
DA:12,6
DA:23,6
DA:24,0
DA:25,0
DA:26,0
DA:27,0
DA:28,0
DA:29,0
DA:30,0
DA:32,0
DA:41,0
DA:42,0
DA:43,0
DA:44,0
DA:45,0
DA:48,0
DA:50,0
DA:52,0
DA:53,0
DA:54,0
DA:55,0
DA:56,0
DA:57,0
DA:62,6
DA:63,0
DA:65,0
DA:66,0
DA:67,0
DA:70,0
DA:79,0
DA:80,0
DA:83,0
DA:84,0
DA:86,0
DA:87,0
DA:88,0
DA:89,0
DA:92,0
DA:101,0
DA:102,0
DA:105,0
DA:106,0
DA:108,0
DA:113,6
DA:114,0
DA:115,0
DA:118,0
DA:121,0
DA:123,0
DA:141,0
DA:142,0
DA:157,6
DA:158,0
DA:159,0
DA:161,0
DA:167,0
DA:168,0
DA:177,6
DA:178,0
DA:179,0
DA:181,0
DA:187,0
DA:188,0
DA:197,6
DA:198,0
DA:199,0
DA:207,0
DA:209,0
DA:220,0
DA:221,0
DA:230,6
DA:231,1
DA:239,6
DA:240,0
DA:241,0
DA:244,0
DA:246,0
DA:248,0
DA:250,0
DA:252,0
DA:253,0
DA:263,0
DA:266,0
DA:277,0
DA:288,0
DA:289,0
DA:299,6
DA:300,0
DA:301,0
DA:303,0
DA:305,0
DA:306,0
DA:313,0
DA:315,0
DA:317,0
DA:319,0
DA:321,0
DA:322,0
DA:333,0
DA:346,0
DA:357,0
DA:358,0
DA:369,6
DA:370,0
DA:371,0
DA:373,0
DA:375,0
DA:376,0
DA:383,0
DA:387,0
DA:389,0
DA:391,0
DA:393,0
DA:394,0
DA:406,0
DA:418,0
DA:430,0
DA:431,0
DA:442,6
DA:443,0
DA:444,0
DA:446,0
DA:448,0
DA:449,0
DA:455,0
DA:459,0
DA:460,0
DA:461,0
DA:463,0
DA:464,0
DA:469,6
DA:470,0
DA:471,0
DA:473,0
DA:475,0
DA:476,0
DA:483,0
DA:487,0
DA:489,0
DA:491,0
DA:493,0
DA:494,0
DA:506,0
DA:517,0
DA:529,0
DA:530,0
DA:541,6
DA:542,0
DA:543,0
DA:546,0
DA:550,0
DA:552,0
DA:553,0
DA:555,0
DA:557,0
DA:567,0
DA:568,0
DA:582,6
DA:583,0
DA:584,0
DA:586,0
DA:589,0
DA:591,0
DA:593,0
DA:595,0
DA:597,0
DA:598,0
DA:608,0
DA:610,0
DA:622,0
DA:623,0
DA:638,6
DA:639,0
DA:640,0
DA:641,0
DA:643,0
DA:644,0
DA:646,0
DA:647,0
DA:654,0
DA:656,0
DA:657,0
DA:660,0
DA:661,0
DA:664,0
DA:666,0
DA:668,0
DA:670,0
DA:671,0
DA:682,0
DA:700,0
DA:702,0
DA:703,0
DA:706,0
DA:707,0
DA:709,0
DA:713,0
DA:714,0
DA:716,0
DA:720,0
DA:721,0
DA:723,0
DA:727,0
DA:728,0
DA:730,0
DA:734,0
DA:735,0
DA:737,0
DA:741,0
DA:742,0
DA:744,0
DA:748,0
DA:749,0
DA:751,0
DA:755,0
DA:756,0
DA:758,0
DA:762,0
DA:763,0
DA:765,0
DA:769,0
DA:770,0
DA:772,0
DA:776,0
DA:777,0
DA:779,0
DA:783,0
DA:784,0
DA:786,0
DA:791,0
DA:792,0
DA:795,0
DA:796,0
DA:799,0
DA:800,0
DA:806,0
DA:807,0
DA:810,0
DA:811,0
DA:814,0
DA:815,0
DA:818,0
DA:819,0
DA:822,0
DA:831,0
DA:842,0
DA:853,0
DA:864,0
DA:873,0
DA:883,0
DA:892,0
DA:900,0
DA:950,0
DA:951,0
DA:967,6
DA:968,0
DA:969,0
DA:971,0
DA:973,0
DA:974,0
DA:981,0
DA:983,0
DA:985,0
DA:987,0
DA:989,0
DA:990,0
DA:1000,0
DA:1001,0
DA:1004,0
DA:1005,0
DA:1008,0
DA:1009,0
DA:1015,0
DA:1023,0
DA:1042,0
DA:1043,0
DA:1058,6
DA:1059,0
DA:1060,0
DA:1061,0
DA:1063,0
DA:1064,0
DA:1066,0
DA:1067,0
DA:1074,0
DA:1076,0
DA:1077,0
DA:1080,0
DA:1081,0
DA:1084,0
DA:1086,0
DA:1088,0
DA:1090,0
DA:1091,0
DA:1102,0
DA:1103,0
DA:1107,0
DA:1108,0
DA:1111,0
DA:1112,0
DA:1115,0
DA:1116,0
DA:1119,0
DA:1134,0
DA:1148,0
DA:1158,0
DA:1169,0
DA:1177,0
DA:1200,0
DA:1201,0
DA:1217,6
DA:1218,0
DA:1219,0
DA:1221,0
DA:1223,0
DA:1225,0
DA:1227,0
DA:1229,0
DA:1230,0
DA:1239,0
DA:1240,0
DA:1245,0
DA:1246,0
DA:1250,0
DA:1254,0
DA:1259,0
DA:1264,0
DA:1274,0
DA:1275,0
DA:1289,6
DA:1290,0
DA:1291,0
DA:1293,0
DA:1294,0
DA:1295,0
DA:1297,0
DA:1298,0
DA:1305,0
DA:1307,0
DA:1309,0
DA:1311,0
DA:1313,0
DA:1323,0
DA:1324,0
DA:1339,6
DA:1340,0
DA:1341,0
DA:1342,0
DA:1345,0
DA:1348,0
DA:1349,0
DA:1350,0
DA:1352,0
DA:1355,0
DA:1378,0
DA:1379,0
DA:1388,6
DA:1389,0
DA:1390,0
DA:1393,0
DA:1401,0
DA:1403,0
DA:1404,0
DA:1405,0
DA:1406,0
DA:1407,0
DA:1414,0
DA:1415,0
DA:1426,0
DA:1427,0
DA:1428,0
DA:1430,0
DA:1433,0
DA:1452,0
DA:1453,0
DA:1459,0
DA:1460,0
DA:1475,6
DA:1476,0
DA:1477,0
DA:1479,0
DA:1481,0
DA:1482,0
DA:1489,0
DA:1496,0
DA:1498,0
DA:1499,0
DA:1500,0
DA:1501,0
DA:1502,0
DA:1509,0
DA:1510,0
DA:1520,0
DA:1528,0
DA:1529,0
DA:1535,0
DA:1536,0
DA:1546,6
DA:1547,0
DA:1548,0
DA:1551,0
DA:1588,0
DA:1590,0
DA:1591,0
DA:1592,0
DA:1593,0
DA:1594,0
DA:1603,0
DA:1604,0
DA:1615,0
DA:1616,0
DA:1619,0
DA:1621,0
DA:1647,0
DA:1648,0
DA:1657,6
DA:1658,0
DA:1659,0
DA:1662,0
DA:1663,0
DA:1665,0
DA:1667,0
DA:1668,0
DA:1669,0
DA:1671,0
DA:1672,0
DA:1682,0
DA:1683,0
DA:1698,0
DA:1699,0
DA:1700,0
DA:1706,0
DA:1707,0
DA:1708,0
DA:1709,0
DA:1712,0
DA:1723,0
DA:1731,0
DA:1743,0
DA:1744,0
DA:1754,6
DA:1755,0
DA:1756,0
DA:1759,0
DA:1798,0
DA:1800,0
DA:1801,0
DA:1802,0
DA:1804,0
DA:1814,0
DA:1815,0
DA:1818,0
DA:1820,0
DA:1830,0
DA:1831,0
DA:1842,0
DA:1843,0
DA:1844,0
DA:1846,0
DA:1876,0
DA:1877,0
DA:1886,6
DA:1887,0
DA:1888,0
DA:1891,0
DA:1894,0
DA:1930,0
DA:1932,0
DA:1933,0
DA:1934,0
DA:1936,0
DA:1945,0
DA:1947,0
DA:1958,0
DA:1959,0
DA:1971,0
DA:1972,0
DA:1973,0
DA:1975,0
DA:2005,0
DA:2006,0
DA:2015,6
DA:2016,0
DA:2017,0
DA:2020,0
DA:2021,0
DA:2024,0
DA:2057,0
DA:2059,0
DA:2060,0
DA:2061,0
DA:2062,0
DA:2063,0
DA:2072,0
DA:2073,0
DA:2086,0
DA:2100,0
DA:2101,0
DA:2102,0
DA:2104,0
DA:2121,0
DA:2122,0
DA:2124,0
DA:2125,0
DA:2137,0
DA:2138,0
DA:2147,6
DA:2148,0
DA:2149,0
DA:2151,0
DA:2152,0
DA:2155,0
DA:2218,0
DA:2220,0
DA:2221,0
DA:2222,0
DA:2223,0
DA:2225,0
DA:2234,0
DA:2236,0
DA:2238,0
DA:2250,0
DA:2251,0
DA:2253,0
DA:2260,0
DA:2274,0
DA:2275,0
DA:2284,6
DA:2285,0
DA:2286,0
DA:2288,0
DA:2289,0
DA:2291,0
DA:2302,0
DA:2303,0
DA:2304,0
DA:2305,0
DA:2306,0
DA:2308,0
DA:2309,0
DA:2313,0
DA:2314,0
DA:2315,0
DA:2316,0
DA:2317,0
DA:2319,0
DA:2320,0
DA:2324,0
DA:2325,0
DA:2326,0
DA:2327,0
DA:2328,0
DA:2330,0
DA:2331,0
DA:2335,0
DA:2336,0
DA:2337,0
DA:2338,0
DA:2339,0
DA:2341,0
DA:2342,0
DA:2346,0
DA:2347,0
DA:2348,0
DA:2349,0
DA:2350,0
DA:2352,0
DA:2353,0
DA:2357,0
DA:2358,0
DA:2365,0
DA:2378,0
DA:2379,0
DA:2388,6
DA:2389,0
DA:2390,0
DA:2392,0
DA:2393,0
DA:2395,0
DA:2404,0
DA:2405,0
DA:2406,0
DA:2407,0
DA:2408,0
DA:2410,0
DA:2411,0
DA:2415,0
DA:2416,0
DA:2417,0
DA:2418,0
DA:2419,0
DA:2421,0
DA:2422,0
DA:2426,0
DA:2427,0
DA:2428,0
DA:2429,0
DA:2430,0
DA:2432,0
DA:2433,0
DA:2437,0
DA:2438,0
DA:2445,0
DA:2459,0
DA:2460,0
DA:2469,6
DA:2470,0
DA:2471,0
DA:2473,0
DA:2474,0
DA:2476,0
DA:2484,0
DA:2485,0
DA:2486,0
DA:2487,0
DA:2488,0
DA:2490,0
DA:2491,0
DA:2495,0
DA:2496,0
DA:2497,0
DA:2498,0
DA:2499,0
DA:2501,0
DA:2502,0
DA:2506,0
DA:2507,0
DA:2514,0
DA:2528,0
DA:2529,0
DA:2538,6
DA:2539,0
DA:2540,0
DA:2541,0
DA:2542,0
DA:2544,0
DA:2551,0
DA:2555,6
LF:640
LH:37
BRDA:27,0,0,0
BRDA:27,0,1,0
BRDA:28,1,0,0
BRDA:28,1,1,0
BRDA:29,2,0,0
BRDA:29,2,1,0
BRDA:53,3,0,0
BRDA:53,3,1,0
BRDA:62,4,0,0
BRDA:62,5,0,0
BRDA:65,6,0,0
BRDA:65,6,1,0
BRDA:79,7,0,0
BRDA:79,7,1,0
BRDA:79,8,0,0
BRDA:79,8,1,0
BRDA:87,9,0,0
BRDA:87,9,1,0
BRDA:101,10,0,0
BRDA:101,10,1,0
BRDA:101,11,0,0
BRDA:101,11,1,0
BRDA:129,12,0,0
BRDA:129,12,1,0
BRDA:130,13,0,0
BRDA:130,13,1,0
BRDA:134,14,0,0
BRDA:134,14,1,0
BRDA:135,15,0,0
BRDA:135,15,1,0
BRDA:141,16,0,0
BRDA:141,16,1,0
BRDA:145,17,0,0
BRDA:145,17,1,0
BRDA:167,18,0,0
BRDA:167,18,1,0
BRDA:171,19,0,0
BRDA:171,19,1,0
BRDA:187,20,0,0
BRDA:187,20,1,0
BRDA:191,21,0,0
BRDA:191,21,1,0
BRDA:250,22,0,0
BRDA:250,22,1,0
BRDA:252,23,0,0
BRDA:252,23,1,0
BRDA:252,24,0,0
BRDA:252,24,1,0
BRDA:263,25,0,0
BRDA:263,25,1,0
BRDA:292,26,0,0
BRDA:292,26,1,0
BRDA:305,27,0,0
BRDA:305,27,1,0
BRDA:319,28,0,0
BRDA:319,28,1,0
BRDA:321,29,0,0
BRDA:321,29,1,0
BRDA:321,30,0,0
BRDA:321,30,1,0
BRDA:362,31,0,0
BRDA:362,31,1,0
BRDA:375,32,0,0
BRDA:375,32,1,0
BRDA:391,33,0,0
BRDA:391,33,1,0
BRDA:393,34,0,0
BRDA:393,34,1,0
BRDA:393,35,0,0
BRDA:393,35,1,0
BRDA:435,36,0,0
BRDA:435,36,1,0
BRDA:448,37,0,0
BRDA:448,37,1,0
BRDA:475,38,0,0
BRDA:475,38,1,0
BRDA:491,39,0,0
BRDA:491,39,1,0
BRDA:493,40,0,0
BRDA:493,40,1,0
BRDA:493,41,0,0
BRDA:493,41,1,0
BRDA:534,42,0,0
BRDA:534,42,1,0
BRDA:555,43,0,0
BRDA:555,43,1,0
BRDA:561,44,0,0
BRDA:561,44,1,0
BRDA:562,45,0,0
BRDA:562,45,1,0
BRDA:567,46,0,0
BRDA:567,46,1,0
BRDA:571,47,0,0
BRDA:571,47,1,0
BRDA:595,48,0,0
BRDA:595,48,1,0
BRDA:597,49,0,0
BRDA:597,49,1,0
BRDA:597,50,0,0
BRDA:597,50,1,0
BRDA:603,51,0,0
BRDA:603,51,1,0
BRDA:617,52,0,0
BRDA:617,52,1,0
BRDA:622,53,0,0
BRDA:622,53,1,0
BRDA:627,54,0,0
BRDA:627,54,1,0
BRDA:646,55,0,0
BRDA:646,55,1,0
BRDA:656,56,0,0
BRDA:656,56,1,0
BRDA:660,57,0,0
BRDA:660,57,1,0
BRDA:668,58,0,0
BRDA:668,58,1,0
BRDA:670,59,0,0
BRDA:670,59,1,0
BRDA:670,60,0,0
BRDA:670,60,1,0
BRDA:702,61,0,0
BRDA:702,61,1,0
BRDA:703,62,0,0
BRDA:703,62,1,0
BRDA:706,63,0,0
BRDA:706,63,1,0
BRDA:713,64,0,0
BRDA:713,64,1,0
BRDA:720,65,0,0
BRDA:720,65,1,0
BRDA:727,66,0,0
BRDA:727,66,1,0
BRDA:734,67,0,0
BRDA:734,67,1,0
BRDA:741,68,0,0
BRDA:741,68,1,0
BRDA:748,69,0,0
BRDA:748,69,1,0
BRDA:755,70,0,0
BRDA:755,70,1,0
BRDA:762,71,0,0
BRDA:762,71,1,0
BRDA:769,72,0,0
BRDA:769,72,1,0
BRDA:776,73,0,0
BRDA:776,73,1,0
BRDA:783,74,0,0
BRDA:783,74,1,0
BRDA:800,75,0,0
BRDA:800,75,1,0
BRDA:800,75,2,0
BRDA:800,75,3,0
BRDA:811,76,0,0
BRDA:811,76,1,0
BRDA:950,77,0,0
BRDA:950,77,1,0
BRDA:956,78,0,0
BRDA:956,78,1,0
BRDA:973,79,0,0
BRDA:973,79,1,0
BRDA:987,80,0,0
BRDA:987,80,1,0
BRDA:989,81,0,0
BRDA:989,81,1,0
BRDA:989,82,0,0
BRDA:989,82,1,0
BRDA:1009,83,0,0
BRDA:1009,83,1,0
BRDA:1009,83,2,0
BRDA:1009,83,3,0
BRDA:1042,84,0,0
BRDA:1042,84,1,0
BRDA:1047,85,0,0
BRDA:1047,85,1,0
BRDA:1066,86,0,0
BRDA:1066,86,1,0
BRDA:1076,87,0,0
BRDA:1076,87,1,0
BRDA:1080,88,0,0
BRDA:1080,88,1,0
BRDA:1088,89,0,0
BRDA:1088,89,1,0
BRDA:1090,90,0,0
BRDA:1090,90,1,0
BRDA:1090,91,0,0
BRDA:1090,91,1,0
BRDA:1108,92,0,0
BRDA:1108,92,1,0
BRDA:1108,92,2,0
BRDA:1108,92,3,0
BRDA:1116,93,0,0
BRDA:1116,93,1,0
BRDA:1200,94,0,0
BRDA:1200,94,1,0
BRDA:1206,95,0,0
BRDA:1206,95,1,0
BRDA:1227,96,0,0
BRDA:1227,96,1,0
BRDA:1229,97,0,0
BRDA:1229,97,1,0
BRDA:1229,98,0,0
BRDA:1229,98,1,0
BRDA:1240,99,0,0
BRDA:1240,99,1,0
BRDA:1246,100,0,0
BRDA:1246,100,1,0
BRDA:1274,101,0,0
BRDA:1274,101,1,0
BRDA:1278,102,0,0
BRDA:1278,102,1,0
BRDA:1297,103,0,0
BRDA:1297,103,1,0
BRDA:1297,104,0,0
BRDA:1297,104,1,0
BRDA:1318,105,0,0
BRDA:1318,105,1,0
BRDA:1323,106,0,0
BRDA:1323,106,1,0
BRDA:1329,107,0,0
BRDA:1329,107,1,0
BRDA:1352,108,0,0
BRDA:1352,108,1,0
BRDA:1359,109,0,0
BRDA:1359,109,1,0
BRDA:1360,110,0,0
BRDA:1360,110,1,0
BRDA:1364,111,0,0
BRDA:1364,111,1,0
BRDA:1365,112,0,0
BRDA:1365,112,1,0
BRDA:1367,113,0,0
BRDA:1367,113,1,0
BRDA:1369,114,0,0
BRDA:1369,114,1,0
BRDA:1370,115,0,0
BRDA:1370,115,1,0
BRDA:1378,116,0,0
BRDA:1378,116,1,0
BRDA:1382,117,0,0
BRDA:1382,117,1,0
BRDA:1414,118,0,0
BRDA:1414,118,1,0
BRDA:1419,119,0,0
BRDA:1419,119,1,0
BRDA:1430,120,0,0
BRDA:1430,120,1,0
BRDA:1439,121,0,0
BRDA:1439,121,1,0
BRDA:1440,122,0,0
BRDA:1440,122,1,0
BRDA:1442,123,0,0
BRDA:1442,123,1,0
BRDA:1444,124,0,0
BRDA:1444,124,1,0
BRDA:1459,125,0,0
BRDA:1459,125,1,0
BRDA:1463,126,0,0
BRDA:1463,126,1,0
BRDA:1467,127,0,0
BRDA:1467,127,1,0
BRDA:1468,128,0,0
BRDA:1468,128,1,0
BRDA:1481,129,0,0
BRDA:1481,129,1,0
BRDA:1509,130,0,0
BRDA:1509,130,1,0
BRDA:1514,131,0,0
BRDA:1514,131,1,0
BRDA:1535,132,0,0
BRDA:1535,132,1,0
BRDA:1540,133,0,0
BRDA:1540,133,1,0
BRDA:1599,134,0,0
BRDA:1599,134,1,0
BRDA:1603,135,0,0
BRDA:1603,135,1,0
BRDA:1608,136,0,0
BRDA:1608,136,1,0
BRDA:1619,137,0,0
BRDA:1619,137,1,0
BRDA:1634,138,0,0
BRDA:1634,138,1,0
BRDA:1647,139,0,0
BRDA:1647,139,1,0
BRDA:1651,140,0,0
BRDA:1651,140,1,0
BRDA:1669,141,0,0
BRDA:1669,141,1,0
BRDA:1671,142,0,0
BRDA:1671,142,1,0
BRDA:1671,143,0,0
BRDA:1671,143,1,0
BRDA:1686,144,0,0
BRDA:1686,144,1,0
BRDA:1686,144,2,0
BRDA:1687,145,0,0
BRDA:1687,145,1,0
BRDA:1687,145,2,0
BRDA:1688,146,0,0
BRDA:1688,146,1,0
BRDA:1688,146,2,0
BRDA:1689,147,0,0
BRDA:1689,147,1,0
BRDA:1689,147,2,0
BRDA:1690,148,0,0
BRDA:1690,148,1,0
BRDA:1691,149,0,0
BRDA:1691,149,1,0
BRDA:1692,150,0,0
BRDA:1692,150,1,0
BRDA:1693,151,0,0
BRDA:1693,151,1,0
BRDA:1700,152,0,0
BRDA:1700,152,1,0
BRDA:1700,152,2,0
BRDA:1708,153,0,0
BRDA:1708,153,1,0
BRDA:1708,153,2,0
BRDA:1709,154,0,0
BRDA:1709,154,1,0
BRDA:1725,155,0,0
BRDA:1725,155,1,0
BRDA:1725,155,2,0
BRDA:1726,156,0,0
BRDA:1726,156,1,0
BRDA:1727,157,0,0
BRDA:1727,157,1,0
BRDA:1728,158,0,0
BRDA:1728,158,1,0
BRDA:1728,158,2,0
BRDA:1733,159,0,0
BRDA:1733,159,1,0
BRDA:1733,159,2,0
BRDA:1734,160,0,0
BRDA:1734,160,1,0
BRDA:1735,161,0,0
BRDA:1735,161,1,0
BRDA:1736,162,0,0
BRDA:1736,162,1,0
BRDA:1736,162,2,0
BRDA:1743,163,0,0
BRDA:1743,163,1,0
BRDA:1747,164,0,0
BRDA:1747,164,1,0
BRDA:1814,165,0,0
BRDA:1814,165,1,0
BRDA:1826,166,0,0
BRDA:1826,166,1,0
BRDA:1830,167,0,0
BRDA:1830,167,1,0
BRDA:1835,168,0,0
BRDA:1835,168,1,0
BRDA:1844,169,0,0
BRDA:1844,169,1,0
BRDA:1859,170,0,0
BRDA:1859,170,1,0
BRDA:1863,171,0,0
BRDA:1863,171,1,0
BRDA:1876,172,0,0
BRDA:1876,172,1,0
BRDA:1880,173,0,0
BRDA:1880,173,1,0
BRDA:1937,174,0,0
BRDA:1937,174,1,0
BRDA:1950,175,0,0
BRDA:1950,175,1,0
BRDA:1954,176,0,0
BRDA:1954,176,1,0
BRDA:1958,177,0,0
BRDA:1958,177,1,0
BRDA:1962,178,0,0
BRDA:1962,178,1,0
BRDA:1964,179,0,0
BRDA:1964,179,1,0
BRDA:1973,180,0,0
BRDA:1973,180,1,0
BRDA:1988,181,0,0
BRDA:1988,181,1,0
BRDA:1992,182,0,0
BRDA:1992,182,1,0
BRDA:2005,183,0,0
BRDA:2005,183,1,0
BRDA:2009,184,0,0
BRDA:2009,184,1,0
BRDA:2072,185,0,0
BRDA:2072,185,1,0
BRDA:2079,186,0,0
BRDA:2079,186,1,0
BRDA:2102,187,0,0
BRDA:2102,187,1,0
BRDA:2109,188,0,0
BRDA:2109,188,1,0
BRDA:2110,189,0,0
BRDA:2110,189,1,0
BRDA:2121,190,0,0
BRDA:2121,190,1,0
BRDA:2122,191,0,0
BRDA:2122,191,1,0
BRDA:2129,192,0,0
BRDA:2129,192,1,0
BRDA:2137,193,0,0
BRDA:2137,193,1,0
BRDA:2141,194,0,0
BRDA:2141,194,1,0
BRDA:2230,195,0,0
BRDA:2230,195,1,0
BRDA:2236,196,0,0
BRDA:2236,196,1,0
BRDA:2243,197,0,0
BRDA:2243,197,1,0
BRDA:2244,198,0,0
BRDA:2244,198,1,0
BRDA:2266,199,0,0
BRDA:2266,199,1,0
BRDA:2267,200,0,0
BRDA:2267,200,1,0
BRDA:2278,201,0,0
BRDA:2278,201,1,0
BRDA:2288,202,0,0
BRDA:2288,202,1,0
BRDA:2305,203,0,0
BRDA:2305,203,1,0
BRDA:2308,204,0,0
BRDA:2308,204,1,0
BRDA:2309,205,0,0
BRDA:2309,205,1,0
BRDA:2316,206,0,0
BRDA:2316,206,1,0
BRDA:2319,207,0,0
BRDA:2319,207,1,0
BRDA:2320,208,0,0
BRDA:2320,208,1,0
BRDA:2327,209,0,0
BRDA:2327,209,1,0
BRDA:2330,210,0,0
BRDA:2330,210,1,0
BRDA:2331,211,0,0
BRDA:2331,211,1,0
BRDA:2338,212,0,0
BRDA:2338,212,1,0
BRDA:2341,213,0,0
BRDA:2341,213,1,0
BRDA:2342,214,0,0
BRDA:2342,214,1,0
BRDA:2349,215,0,0
BRDA:2349,215,1,0
BRDA:2352,216,0,0
BRDA:2352,216,1,0
BRDA:2353,217,0,0
BRDA:2353,217,1,0
BRDA:2370,218,0,0
BRDA:2370,218,1,0
BRDA:2371,219,0,0
BRDA:2371,219,1,0
BRDA:2382,220,0,0
BRDA:2382,220,1,0
BRDA:2407,221,0,0
BRDA:2407,221,1,0
BRDA:2410,222,0,0
BRDA:2410,222,1,0
BRDA:2411,223,0,0
BRDA:2411,223,1,0
BRDA:2418,224,0,0
BRDA:2418,224,1,0
BRDA:2421,225,0,0
BRDA:2421,225,1,0
BRDA:2422,226,0,0
BRDA:2422,226,1,0
BRDA:2429,227,0,0
BRDA:2429,227,1,0
BRDA:2432,228,0,0
BRDA:2432,228,1,0
BRDA:2433,229,0,0
BRDA:2433,229,1,0
BRDA:2450,230,0,0
BRDA:2450,230,1,0
BRDA:2451,231,0,0
BRDA:2451,231,1,0
BRDA:2463,232,0,0
BRDA:2463,232,1,0
BRDA:2487,233,0,0
BRDA:2487,233,1,0
BRDA:2490,234,0,0
BRDA:2490,234,1,0
BRDA:2491,235,0,0
BRDA:2491,235,1,0
BRDA:2498,236,0,0
BRDA:2498,236,1,0
BRDA:2501,237,0,0
BRDA:2501,237,1,0
BRDA:2502,238,0,0
BRDA:2502,238,1,0
BRDA:2519,239,0,0
BRDA:2519,239,1,0
BRDA:2520,240,0,0
BRDA:2520,240,1,0
BRDA:2532,241,0,0
BRDA:2532,241,1,0
BRF:498
BRH:0
end_of_record
TN:
SF:src/routes/zoho.js
FN:29,(anonymous_0)
FN:68,(anonymous_1)
FN:107,getFolderByName
FN:113,(anonymous_3)
FN:119,(anonymous_4)
FN:122,(anonymous_5)
FN:126,(anonymous_6)
FN:132,createFolder
FN:152,uploadFile
FN:168,getWorkDrive
FN:179,(anonymous_10)
FN:295,(anonymous_11)
FN:331,(anonymous_12)
FN:365,(anonymous_13)
FN:416,(anonymous_14)
FN:454,(anonymous_15)
FN:544,(anonymous_16)
FN:559,(anonymous_17)
FN:581,(anonymous_18)
FN:638,(anonymous_19)
FN:649,(anonymous_20)
FN:666,(anonymous_21)
FN:701,(anonymous_22)
FN:722,(anonymous_23)
FN:727,(anonymous_24)
FN:780,(anonymous_25)
FN:808,(anonymous_26)
FN:841,(anonymous_27)
FN:869,(anonymous_28)
FN:895,(anonymous_29)
FN:1116,(anonymous_30)
FN:1132,(anonymous_31)
FN:1145,(anonymous_32)
FN:1146,(anonymous_33)
FN:1150,(anonymous_34)
FN:1171,(anonymous_35)
FN:1179,(anonymous_36)
FN:1191,(anonymous_37)
FN:1199,(anonymous_38)
FN:1202,(anonymous_39)
FN:1208,(anonymous_40)
FN:1216,(anonymous_41)
FN:1221,(anonymous_42)
FN:1222,(anonymous_43)
FN:1223,(anonymous_44)
FN:1224,(anonymous_45)
FN:1228,(anonymous_46)
FN:1229,(anonymous_47)
FN:1230,(anonymous_48)
FN:1231,(anonymous_49)
FN:1274,(anonymous_50)
FN:1320,(anonymous_51)
FN:1321,(anonymous_52)
FN:1337,(anonymous_53)
FN:1408,(anonymous_54)
FNF:55
FNH:11
FNDA:0,(anonymous_0)
FNDA:8,(anonymous_1)
FNDA:0,getFolderByName
FNDA:0,(anonymous_3)
FNDA:0,(anonymous_4)
FNDA:0,(anonymous_5)
FNDA:0,(anonymous_6)
FNDA:1,createFolder
FNDA:0,uploadFile
FNDA:0,getWorkDrive
FNDA:1,(anonymous_10)
FNDA:1,(anonymous_11)
FNDA:2,(anonymous_12)
FNDA:0,(anonymous_13)
FNDA:0,(anonymous_14)
FNDA:0,(anonymous_15)
FNDA:1,(anonymous_16)
FNDA:2,(anonymous_17)
FNDA:2,(anonymous_18)
FNDA:0,(anonymous_19)
FNDA:0,(anonymous_20)
FNDA:0,(anonymous_21)
FNDA:1,(anonymous_22)
FNDA:0,(anonymous_23)
FNDA:0,(anonymous_24)
FNDA:0,(anonymous_25)
FNDA:0,(anonymous_26)
FNDA:0,(anonymous_27)
FNDA:1,(anonymous_28)
FNDA:1,(anonymous_29)
FNDA:0,(anonymous_30)
FNDA:0,(anonymous_31)
FNDA:0,(anonymous_32)
FNDA:0,(anonymous_33)
FNDA:0,(anonymous_34)
FNDA:0,(anonymous_35)
FNDA:0,(anonymous_36)
FNDA:0,(anonymous_37)
FNDA:0,(anonymous_38)
FNDA:0,(anonymous_39)
FNDA:0,(anonymous_40)
FNDA:0,(anonymous_41)
FNDA:0,(anonymous_42)
FNDA:0,(anonymous_43)
FNDA:0,(anonymous_44)
FNDA:0,(anonymous_45)
FNDA:0,(anonymous_46)
FNDA:0,(anonymous_47)
FNDA:0,(anonymous_48)
FNDA:0,(anonymous_49)
FNDA:0,(anonymous_50)
FNDA:0,(anonymous_51)
FNDA:0,(anonymous_52)
FNDA:0,(anonymous_53)
FNDA:0,(anonymous_54)
DA:9,7
DA:10,7
DA:13,7
DA:15,7
DA:18,7
DA:29,7
DA:30,0
DA:31,0
DA:32,0
DA:33,0
DA:34,0
DA:35,0
DA:36,0
DA:38,0
DA:47,0
DA:48,0
DA:49,0
DA:50,0
DA:51,0
DA:54,0
DA:55,0
DA:56,0
DA:58,0
DA:59,0
DA:60,0
DA:61,0
DA:62,0
DA:63,0
DA:68,7
DA:69,8
DA:70,8
DA:72,8
DA:74,8
DA:75,0
DA:76,0
DA:78,8
DA:79,8
DA:80,3
DA:82,8
DA:83,8
DA:86,8
DA:87,8
DA:91,0
DA:92,0
DA:93,0
DA:94,0
DA:97,0
DA:100,0
DA:102,0
DA:108,0
DA:109,0
DA:111,0
DA:112,0
DA:113,0
DA:114,0
DA:115,0
DA:116,0
DA:118,0
DA:119,0
DA:120,0
DA:122,0
DA:123,0
DA:124,0
DA:126,0
DA:133,1
DA:142,1
DA:143,1
DA:144,1
DA:146,0
DA:147,0
DA:154,0
DA:155,0
DA:156,0
DA:157,0
DA:158,0
DA:159,0
DA:162,0
DA:163,0
DA:164,0
DA:169,0
DA:172,0
DA:173,0
DA:179,7
DA:180,1
DA:181,1
DA:182,1
DA:183,1
DA:185,1
DA:187,1
DA:188,1
DA:190,1
DA:191,1
DA:198,1
DA:200,1
DA:201,1
DA:202,1
DA:203,0
DA:205,0
DA:206,0
DA:207,0
DA:209,0
DA:210,0
DA:216,1
DA:219,1
DA:220,1
DA:221,1
DA:222,1
DA:224,1
DA:226,1
DA:229,1
DA:249,1
DA:250,1
DA:252,1
DA:255,0
DA:256,0
DA:257,0
DA:258,0
DA:260,0
DA:261,0
DA:262,0
DA:263,0
DA:266,0
DA:267,0
DA:270,0
DA:272,0
DA:295,7
DA:296,1
DA:297,1
DA:299,1
DA:301,1
DA:302,0
DA:309,1
DA:313,1
DA:315,1
DA:317,1
DA:319,1
DA:320,0
DA:331,2
DA:336,1
DA:348,0
DA:349,0
DA:365,7
DA:366,0
DA:367,0
DA:369,0
DA:371,0
DA:372,0
DA:379,0
DA:397,0
DA:399,0
DA:401,0
DA:403,0
DA:404,0
DA:416,0
DA:429,0
DA:441,0
DA:442,0
DA:454,7
DA:455,0
DA:456,0
DA:458,0
DA:460,0
DA:461,0
DA:468,0
DA:472,0
DA:474,0
DA:476,0
DA:478,0
DA:479,0
DA:488,0
DA:490,0
DA:528,0
DA:529,0
DA:544,7
DA:545,1
DA:546,1
DA:548,1
DA:549,1
DA:551,1
DA:552,0
DA:559,2
DA:560,1
DA:564,1
DA:566,1
DA:568,1
DA:570,1
DA:571,0
DA:581,2
DA:611,1
DA:622,0
DA:623,0
DA:638,7
DA:639,0
DA:640,0
DA:641,0
DA:642,0
DA:649,0
DA:650,0
DA:654,0
DA:655,0
DA:656,0
DA:666,0
DA:667,0
DA:668,0
DA:669,0
DA:670,0
DA:672,0
DA:679,0
DA:687,0
DA:688,0
DA:701,7
DA:702,1
DA:703,1
DA:704,1
DA:705,0
DA:714,1
DA:715,1
DA:716,1
DA:717,1
DA:718,1
DA:719,1
DA:720,0
DA:721,0
DA:723,0
DA:724,0
DA:725,0
DA:727,0
DA:740,1
DA:749,0
DA:752,0
DA:753,0
DA:771,0
DA:780,7
DA:781,0
DA:782,0
DA:783,0
DA:784,0
DA:789,0
DA:790,0
DA:791,0
DA:799,0
DA:800,0
DA:808,7
DA:809,0
DA:810,0
DA:811,0
DA:812,0
DA:828,0
DA:829,0
DA:830,0
DA:837,0
DA:841,7
DA:842,0
DA:843,0
DA:844,0
DA:854,0
DA:855,0
DA:856,0
DA:863,0
DA:869,7
DA:870,1
DA:871,1
DA:873,1
DA:874,1
DA:876,1
DA:877,0
DA:887,1
DA:895,1
DA:897,1
DA:898,1
DA:899,1
DA:900,1
DA:904,1
DA:905,0
DA:908,0
DA:909,0
DA:918,1
DA:919,0
DA:931,1
DA:932,1
DA:939,1
DA:940,0
DA:951,0
DA:952,0
DA:960,1
DA:961,1
DA:963,1
DA:964,1
DA:976,0
DA:977,0
DA:1007,0
DA:1013,0
DA:1015,0
DA:1016,0
DA:1027,0
DA:1029,0
DA:1030,0
DA:1061,0
DA:1062,0
DA:1068,0
DA:1069,0
DA:1074,0
DA:1081,0
DA:1088,0
DA:1102,0
DA:1103,0
DA:1116,7
DA:1117,0
DA:1118,0
DA:1119,0
DA:1121,0
DA:1123,0
DA:1124,0
DA:1132,0
DA:1133,0
DA:1134,0
DA:1135,0
DA:1136,0
DA:1137,0
DA:1138,0
DA:1139,0
DA:1141,0
DA:1145,0
DA:1146,0
DA:1147,0
DA:1149,0
DA:1151,0
DA:1158,0
DA:1159,0
DA:1160,0
DA:1161,0
DA:1162,0
DA:1163,0
DA:1164,0
DA:1166,0
DA:1171,0
DA:1172,0
DA:1173,0
DA:1175,0
DA:1176,0
DA:1178,0
DA:1179,0
DA:1180,0
DA:1184,0
DA:1186,0
DA:1187,0
DA:1188,0
DA:1191,0
DA:1194,0
DA:1195,0
DA:1196,0
DA:1199,0
DA:1202,0
DA:1203,0
DA:1204,0
DA:1205,0
DA:1208,0
DA:1211,0
DA:1212,0
DA:1213,0
DA:1216,0
DA:1220,0
DA:1221,0
DA:1222,0
DA:1223,0
DA:1224,0
DA:1227,0
DA:1228,0
DA:1229,0
DA:1230,0
DA:1231,0
DA:1233,0
DA:1236,0
DA:1237,0
DA:1238,0
DA:1240,0
DA:1266,0
DA:1267,0
DA:1268,0
DA:1269,0
DA:1273,0
DA:1274,0
DA:1275,0
DA:1300,0
DA:1301,0
DA:1302,0
DA:1303,0
DA:1307,0
DA:1314,0
DA:1315,0
DA:1318,0
DA:1319,0
DA:1320,0
DA:1321,0
DA:1322,0
DA:1325,0
DA:1328,0
DA:1337,7
DA:1338,0
DA:1339,0
DA:1340,0
DA:1342,0
DA:1343,0
DA:1346,0
DA:1347,0
DA:1349,0
DA:1350,0
DA:1351,0
DA:1355,0
DA:1356,0
DA:1357,0
DA:1358,0
DA:1359,0
DA:1362,0
DA:1365,0
DA:1366,0
DA:1367,0
DA:1369,0
DA:1377,0
DA:1379,0
DA:1380,0
DA:1389,0
DA:1397,0
DA:1398,0
DA:1408,7
DA:1409,0
DA:1434,0
DA:1436,0
DA:1437,0
DA:1443,0
DA:1476,0
DA:1477,0
DA:1479,0
DA:1480,0
DA:1487,0
DA:1489,0
DA:1498,0
DA:1499,0
LF:438
LH:114
BRDA:33,0,0,0
BRDA:33,0,1,0
BRDA:34,1,0,0
BRDA:34,1,1,0
BRDA:35,2,0,0
BRDA:35,2,1,0
BRDA:59,3,0,0
BRDA:59,3,1,0
BRDA:68,4,0,1
BRDA:68,5,0,3
BRDA:68,6,0,5
BRDA:68,7,0,5
BRDA:68,8,0,8
BRDA:68,9,0,8
BRDA:74,10,0,0
BRDA:74,10,1,8
BRDA:74,11,0,8
BRDA:74,11,1,0
BRDA:79,12,0,3
BRDA:79,12,1,5
BRDA:82,13,0,0
BRDA:82,13,1,8
BRDA:83,14,0,3
BRDA:83,14,1,5
BRDA:91,15,0,0
BRDA:91,15,1,0
BRDA:91,16,0,0
BRDA:91,16,1,0
BRDA:107,17,0,0
BRDA:111,18,0,0
BRDA:111,18,1,0
BRDA:111,19,0,0
BRDA:111,19,1,0
BRDA:113,20,0,0
BRDA:113,20,1,0
BRDA:114,21,0,0
BRDA:114,21,1,0
BRDA:118,22,0,0
BRDA:118,22,1,0
BRDA:124,23,0,0
BRDA:124,23,1,0
BRDA:126,24,0,0
BRDA:126,24,1,0
BRDA:126,25,0,0
BRDA:126,25,1,0
BRDA:146,26,0,0
BRDA:146,26,1,0
BRDA:152,27,0,0
BRDA:198,28,0,1
BRDA:198,28,1,0
BRDA:203,29,0,0
BRDA:203,29,1,0
BRDA:234,30,0,1
BRDA:234,30,1,0
BRDA:240,31,0,1
BRDA:240,31,1,0
BRDA:241,32,0,1
BRDA:241,32,1,0
BRDA:242,33,0,1
BRDA:242,33,1,1
BRDA:243,34,0,1
BRDA:243,34,1,0
BRDA:243,35,0,1
BRDA:243,35,1,1
BRDA:244,36,0,1
BRDA:244,36,1,0
BRDA:244,37,0,1
BRDA:244,37,1,1
BRDA:260,38,0,0
BRDA:260,38,1,0
BRDA:266,39,0,0
BRDA:266,39,1,0
BRDA:276,40,0,0
BRDA:276,40,1,0
BRDA:301,41,0,0
BRDA:301,41,1,1
BRDA:317,42,0,1
BRDA:317,42,1,0
BRDA:319,43,0,0
BRDA:319,43,1,1
BRDA:319,44,0,1
BRDA:319,44,1,1
BRDA:348,45,0,0
BRDA:348,45,1,0
BRDA:353,46,0,0
BRDA:353,46,1,0
BRDA:371,47,0,0
BRDA:371,47,1,0
BRDA:401,48,0,0
BRDA:401,48,1,0
BRDA:403,49,0,0
BRDA:403,49,1,0
BRDA:403,50,0,0
BRDA:403,50,1,0
BRDA:446,51,0,0
BRDA:446,51,1,0
BRDA:460,52,0,0
BRDA:460,52,1,0
BRDA:476,53,0,0
BRDA:476,53,1,0
BRDA:478,54,0,0
BRDA:478,54,1,0
BRDA:478,55,0,0
BRDA:478,55,1,0
BRDA:528,56,0,0
BRDA:528,56,1,0
BRDA:533,57,0,0
BRDA:533,57,1,0
BRDA:551,58,0,0
BRDA:551,58,1,1
BRDA:551,59,0,1
BRDA:551,59,1,1
BRDA:551,59,2,1
BRDA:568,60,0,1
BRDA:568,60,1,0
BRDA:570,61,0,0
BRDA:570,61,1,1
BRDA:570,62,0,1
BRDA:570,62,1,1
BRDA:622,63,0,0
BRDA:622,63,1,0
BRDA:627,64,0,0
BRDA:627,64,1,0
BRDA:641,65,0,0
BRDA:641,65,1,0
BRDA:641,66,0,0
BRDA:641,66,1,0
BRDA:641,66,2,0
BRDA:655,67,0,0
BRDA:655,67,1,0
BRDA:655,68,0,0
BRDA:655,68,1,0
BRDA:669,69,0,0
BRDA:669,69,1,0
BRDA:669,70,0,0
BRDA:669,70,1,0
BRDA:687,71,0,0
BRDA:687,71,1,0
BRDA:691,72,0,0
BRDA:691,72,1,0
BRDA:704,73,0,0
BRDA:704,73,1,1
BRDA:719,74,0,0
BRDA:719,74,1,1
BRDA:719,75,0,1
BRDA:719,75,1,1
BRDA:723,76,0,0
BRDA:723,76,1,0
BRDA:724,77,0,0
BRDA:724,77,1,0
BRDA:724,78,0,0
BRDA:724,78,1,0
BRDA:731,79,0,0
BRDA:731,79,1,0
BRDA:743,80,0,1
BRDA:743,80,1,0
BRDA:749,81,0,0
BRDA:749,81,1,0
BRDA:752,82,0,0
BRDA:752,82,1,0
BRDA:774,83,0,0
BRDA:774,83,1,0
BRDA:783,84,0,0
BRDA:783,84,1,0
BRDA:794,85,0,0
BRDA:794,85,1,0
BRDA:799,86,0,0
BRDA:799,86,1,0
BRDA:803,87,0,0
BRDA:803,87,1,0
BRDA:876,88,0,0
BRDA:876,88,1,1
BRDA:876,89,0,1
BRDA:876,89,1,1
BRDA:888,90,0,1
BRDA:888,90,1,1
BRDA:891,91,0,1
BRDA:891,91,1,1
BRDA:904,92,0,0
BRDA:904,92,1,1
BRDA:908,93,0,0
BRDA:908,93,1,0
BRDA:912,94,0,0
BRDA:912,94,1,0
BRDA:918,95,0,0
BRDA:918,95,1,1
BRDA:939,96,0,0
BRDA:939,96,1,1
BRDA:951,97,0,0
BRDA:951,97,1,0
BRDA:955,98,0,0
BRDA:955,98,1,0
BRDA:960,99,0,1
BRDA:960,99,1,0
BRDA:963,100,0,1
BRDA:963,100,1,0
BRDA:981,101,0,0
BRDA:981,101,1,0
BRDA:982,102,0,0
BRDA:982,102,1,0
BRDA:983,103,0,0
BRDA:983,103,1,0
BRDA:984,104,0,0
BRDA:984,104,1,0
BRDA:985,105,0,0
BRDA:985,105,1,0
BRDA:986,106,0,0
BRDA:986,106,1,0
BRDA:987,107,0,0
BRDA:987,107,1,0
BRDA:988,108,0,0
BRDA:988,108,1,0
BRDA:989,109,0,0
BRDA:989,109,1,0
BRDA:990,110,0,0
BRDA:990,110,1,0
BRDA:991,111,0,0
BRDA:991,111,1,0
BRDA:992,112,0,0
BRDA:992,112,1,0
BRDA:995,113,0,0
BRDA:995,113,1,0
BRDA:996,114,0,0
BRDA:996,114,1,0
BRDA:997,115,0,0
BRDA:997,115,1,0
BRDA:998,116,0,0
BRDA:998,116,1,0
BRDA:999,117,0,0
BRDA:999,117,1,0
BRDA:1000,118,0,0
BRDA:1000,118,1,0
BRDA:1001,119,0,0
BRDA:1001,119,1,0
BRDA:1015,120,0,0
BRDA:1015,120,1,0
BRDA:1044,121,0,0
BRDA:1044,121,1,0
BRDA:1045,122,0,0
BRDA:1045,122,1,0
BRDA:1046,123,0,0
BRDA:1046,123,1,0
BRDA:1047,124,0,0
BRDA:1047,124,1,0
BRDA:1048,125,0,0
BRDA:1048,125,1,0
BRDA:1049,126,0,0
BRDA:1049,126,1,0
BRDA:1050,127,0,0
BRDA:1050,127,1,0
BRDA:1051,128,0,0
BRDA:1051,128,1,0
BRDA:1052,129,0,0
BRDA:1052,129,1,0
BRDA:1053,130,0,0
BRDA:1053,130,1,0
BRDA:1054,131,0,0
BRDA:1054,131,1,0
BRDA:1055,132,0,0
BRDA:1055,132,1,0
BRDA:1068,133,0,0
BRDA:1068,133,1,0
BRDA:1084,134,0,0
BRDA:1084,134,1,0
BRDA:1088,135,0,0
BRDA:1088,135,1,0
BRDA:1089,136,0,0
BRDA:1089,136,1,0
BRDA:1090,137,0,0
BRDA:1090,137,1,0
BRDA:1102,138,0,0
BRDA:1102,138,1,0
BRDA:1109,139,0,0
BRDA:1109,139,1,0
BRDA:1123,140,0,0
BRDA:1123,140,1,0
BRDA:1123,141,0,0
BRDA:1123,141,1,0
BRDA:1137,142,0,0
BRDA:1137,142,1,0
BRDA:1138,143,0,0
BRDA:1138,143,1,0
BRDA:1147,144,0,0
BRDA:1147,144,1,0
BRDA:1162,145,0,0
BRDA:1162,145,1,0
BRDA:1162,146,0,0
BRDA:1162,146,1,0
BRDA:1163,147,0,0
BRDA:1163,147,1,0
BRDA:1163,148,0,0
BRDA:1163,148,1,0
BRDA:1178,149,0,0
BRDA:1178,149,1,0
BRDA:1187,150,0,0
BRDA:1187,150,1,0
BRDA:1195,151,0,0
BRDA:1195,151,1,0
BRDA:1202,152,0,0
BRDA:1202,152,1,0
BRDA:1204,153,0,0
BRDA:1204,153,1,0
BRDA:1212,154,0,0
BRDA:1212,154,1,0
BRDA:1228,155,0,0
BRDA:1228,155,1,0
BRDA:1229,156,0,0
BRDA:1229,156,1,0
BRDA:1230,157,0,0
BRDA:1230,157,1,0
BRDA:1231,158,0,0
BRDA:1231,158,1,0
BRDA:1233,159,0,0
BRDA:1233,159,1,0
BRDA:1237,160,0,0
BRDA:1237,160,1,0
BRDA:1244,161,0,0
BRDA:1244,161,1,0
BRDA:1245,162,0,0
BRDA:1245,162,1,0
BRDA:1246,163,0,0
BRDA:1246,163,1,0
BRDA:1247,164,0,0
BRDA:1247,164,1,0
BRDA:1248,165,0,0
BRDA:1248,165,1,0
BRDA:1249,166,0,0
BRDA:1249,166,1,0
BRDA:1250,167,0,0
BRDA:1250,167,1,0
BRDA:1251,168,0,0
BRDA:1251,168,1,0
BRDA:1252,169,0,0
BRDA:1252,169,1,0
BRDA:1253,170,0,0
BRDA:1253,170,1,0
BRDA:1256,171,0,0
BRDA:1256,171,1,0
BRDA:1257,172,0,0
BRDA:1257,172,1,0
BRDA:1258,173,0,0
BRDA:1258,173,1,0
BRDA:1259,174,0,0
BRDA:1259,174,1,0
BRDA:1260,175,0,0
BRDA:1260,175,1,0
BRDA:1261,176,0,0
BRDA:1261,176,1,0
BRDA:1262,177,0,0
BRDA:1262,177,1,0
BRDA:1268,178,0,0
BRDA:1268,178,1,0
BRDA:1269,179,0,0
BRDA:1269,179,1,0
BRDA:1279,180,0,0
BRDA:1279,180,1,0
BRDA:1280,181,0,0
BRDA:1280,181,1,0
BRDA:1281,182,0,0
BRDA:1281,182,1,0
BRDA:1282,183,0,0
BRDA:1282,183,1,0
BRDA:1283,184,0,0
BRDA:1283,184,1,0
BRDA:1284,185,0,0
BRDA:1284,185,1,0
BRDA:1285,186,0,0
BRDA:1285,186,1,0
BRDA:1286,187,0,0
BRDA:1286,187,1,0
BRDA:1287,188,0,0
BRDA:1287,188,1,0
BRDA:1288,189,0,0
BRDA:1288,189,1,0
BRDA:1289,190,0,0
BRDA:1289,190,1,0
BRDA:1290,191,0,0
BRDA:1290,191,1,0
BRDA:1291,192,0,0
BRDA:1291,192,1,0
BRDA:1292,193,0,0
BRDA:1292,193,1,0
BRDA:1293,194,0,0
BRDA:1293,194,1,0
BRDA:1294,195,0,0
BRDA:1294,195,1,0
BRDA:1295,196,0,0
BRDA:1295,196,1,0
BRDA:1302,197,0,0
BRDA:1302,197,1,0
BRDA:1319,198,0,0
BRDA:1319,198,1,0
BRDA:1321,199,0,0
BRDA:1321,199,1,0
BRDA:1321,200,0,0
BRDA:1321,200,1,0
BRDA:1321,200,2,0
BRDA:1321,201,0,0
BRDA:1321,201,1,0
BRDA:1321,201,2,0
BRDA:1322,202,0,0
BRDA:1322,202,1,0
BRDA:1322,203,0,0
BRDA:1322,203,1,0
BRDA:1322,204,0,0
BRDA:1322,204,1,0
BRDA:1325,205,0,0
BRDA:1325,205,1,0
BRDA:1325,206,0,0
BRDA:1325,206,1,0
BRDA:1342,207,0,0
BRDA:1342,207,1,0
BRDA:1342,208,0,0
BRDA:1342,208,1,0
BRDA:1346,209,0,0
BRDA:1346,209,1,0
BRDA:1349,210,0,0
BRDA:1349,210,1,0
BRDA:1350,211,0,0
BRDA:1350,211,1,0
BRDA:1357,212,0,0
BRDA:1357,212,1,0
BRDA:1359,213,0,0
BRDA:1359,213,1,0
BRDA:1374,214,0,0
BRDA:1374,214,1,0
BRDA:1401,215,0,0
BRDA:1401,215,1,0
BRDA:1436,216,0,0
BRDA:1436,216,1,0
BRDA:1436,217,0,0
BRDA:1436,217,1,0
BRDA:1479,218,0,0
BRDA:1479,218,1,0
BRDA:1479,219,0,0
BRDA:1479,219,1,0
BRDA:1498,220,0,0
BRDA:1498,220,1,0
BRDA:1502,221,0,0
BRDA:1502,221,1,0
BRF:440
BRH:55
end_of_record
TN:
SF:src/scheduler/cron.js
FN:137,(anonymous_0)
FN:196,(anonymous_1)
FN:268,(anonymous_2)
FN:270,(anonymous_3)
FNF:4
FNH:0
FNDA:0,(anonymous_0)
FNDA:0,(anonymous_1)
FNDA:0,(anonymous_2)
FNDA:0,(anonymous_3)
DA:7,6
DA:11,6
DA:134,6
DA:137,6
DA:138,0
DA:140,0
DA:141,0
DA:142,0
DA:144,0
DA:145,0
DA:148,0
DA:151,0
DA:152,0
DA:155,0
DA:174,0
DA:175,0
DA:178,0
DA:179,0
DA:181,0
DA:192,0
DA:194,0
DA:195,0
DA:196,0
DA:201,0
DA:203,0
DA:204,0
DA:209,0
DA:212,0
DA:213,0
DA:214,0
DA:216,0
DA:221,0
DA:222,0
DA:226,0
DA:228,0
DA:230,0
DA:231,0
DA:232,0
DA:233,0
DA:241,0
DA:242,0
DA:243,0
DA:245,0
DA:246,0
DA:247,0
DA:251,0
DA:252,0
DA:260,0
DA:261,0
DA:268,6
DA:269,0
DA:270,0
DA:271,0
DA:272,0
DA:273,0
DA:275,0
DA:280,0
LF:57
LH:5
BRDA:142,0,0,0
BRDA:142,0,1,0
BRDA:163,1,0,0
BRDA:163,1,1,0
BRDA:174,2,0,0
BRDA:174,2,1,0
BRDA:184,3,0,0
BRDA:184,3,1,0
BRDA:185,4,0,0
BRDA:185,4,1,0
BRDA:186,5,0,0
BRDA:186,5,1,0
BRDA:187,6,0,0
BRDA:187,6,1,0
BRDA:188,7,0,0
BRDA:188,7,1,0
BRDA:189,8,0,0
BRDA:189,8,1,0
BRDA:198,9,0,0
BRDA:198,9,1,0
BRDA:203,10,0,0
BRDA:203,10,1,0
BRDA:203,11,0,0
BRDA:203,11,1,0
BRDA:214,12,0,0
BRDA:214,12,1,0
BRDA:226,13,0,0
BRDA:226,13,1,0
BRDA:232,14,0,0
BRDA:232,14,1,0
BRDA:232,15,0,0
BRDA:232,15,1,0
BRF:32
BRH:0
end_of_record
TN:
SF:src/utils/mailer.js
FN:26,(anonymous_0)
FNF:1
FNH:0
FNDA:0,(anonymous_0)
DA:4,5
DA:6,5
DA:26,5
DA:27,0
LF:4
LH:3
BRF:0
BRH:0
end_of_record
TN:
SF:src/utils/pgHelpers.js
FN:10,(anonymous_0)
FN:18,(anonymous_1)
FN:30,(anonymous_2)
FN:34,(anonymous_3)
FN:46,(anonymous_4)
FN:51,(anonymous_5)
FN:63,(anonymous_6)
FNF:7
FNH:0
FNDA:0,(anonymous_0)
FNDA:0,(anonymous_1)
FNDA:0,(anonymous_2)
FNDA:0,(anonymous_3)
FNDA:0,(anonymous_4)
FNDA:0,(anonymous_5)
FNDA:0,(anonymous_6)
DA:4,5
DA:11,0
DA:12,0
DA:19,0
DA:20,0
DA:21,0
DA:31,0
DA:32,0
DA:34,0
DA:37,0
DA:38,0
DA:47,0
DA:48,0
DA:49,0
DA:50,0
DA:51,0
DA:52,0
DA:53,0
DA:55,0
DA:57,0
DA:63,0
LF:21
LH:1
BRDA:46,0,0,0
BRDA:50,1,0,0
BRDA:50,1,1,0
BRF:3
BRH:0
end_of_record
